[0.888s] Invoking command in '/home/danivm/ros2_ws/build/my_robot_description': CMAKE_PREFIX_PATH=${CMAKE_PREFIX_PATH}:/home/danivm/ros2_ws/install/my_robot_controller:/opt/ros/humble /usr/bin/cmake --build /home/danivm/ros2_ws/build/my_robot_description -- -j2 -l2
[1.089s] Invoked command in '/home/danivm/ros2_ws/build/my_robot_description' returned '0': CMAKE_PREFIX_PATH=${CMAKE_PREFIX_PATH}:/home/danivm/ros2_ws/install/my_robot_controller:/opt/ros/humble /usr/bin/cmake --build /home/danivm/ros2_ws/build/my_robot_description -- -j2 -l2
[1.125s] Invoking command in '/home/danivm/ros2_ws/build/my_robot_description': CMAKE_PREFIX_PATH=${CMAKE_PREFIX_PATH}:/home/danivm/ros2_ws/install/my_robot_controller:/opt/ros/humble /usr/bin/cmake --install /home/danivm/ros2_ws/build/my_robot_description
[1.165s] -- Install configuration: ""
[1.165s] -- Up-to-date: /home/danivm/ros2_ws/install/my_robot_description/share/my_robot_description//urdf
[1.168s] -- Up-to-date: /home/danivm/ros2_ws/install/my_robot_description/share/my_robot_description//urdf/my_robot.urdf
[1.170s] -- Up-to-date: /home/danivm/ros2_ws/install/my_robot_description/share/my_robot_description//launch
[1.173s] -- Installing: /home/danivm/ros2_ws/install/my_robot_description/share/my_robot_description//launch/display.launch.xml
[1.176s] -- Up-to-date: /home/danivm/ros2_ws/install/my_robot_description/share/ament_index/resource_index/package_run_dependencies/my_robot_description
[1.177s] -- Up-to-date: /home/danivm/ros2_ws/install/my_robot_description/share/ament_index/resource_index/parent_prefix_path/my_robot_description
[1.179s] -- Up-to-date: /home/danivm/ros2_ws/install/my_robot_description/share/my_robot_description/environment/ament_prefix_path.sh
[1.179s] -- Up-to-date: /home/danivm/ros2_ws/install/my_robot_description/share/my_robot_description/environment/ament_prefix_path.dsv
[1.179s] -- Up-to-date: /home/danivm/ros2_ws/install/my_robot_description/share/my_robot_description/environment/path.sh
[1.180s] -- Up-to-date: /home/danivm/ros2_ws/install/my_robot_description/share/my_robot_description/environment/path.dsv
[1.180s] -- Up-to-date: /home/danivm/ros2_ws/install/my_robot_description/share/my_robot_description/local_setup.bash
[1.180s] -- Up-to-date: /home/danivm/ros2_ws/install/my_robot_description/share/my_robot_description/local_setup.sh
[1.180s] -- Up-to-date: /home/danivm/ros2_ws/install/my_robot_description/share/my_robot_description/local_setup.zsh
[1.181s] -- Up-to-date: /home/danivm/ros2_ws/install/my_robot_description/share/my_robot_description/local_setup.dsv
[1.183s] -- Installing: /home/danivm/ros2_ws/install/my_robot_description/share/my_robot_description/package.dsv
[1.183s] -- Up-to-date: /home/danivm/ros2_ws/install/my_robot_description/share/ament_index/resource_index/packages/my_robot_description
[1.184s] -- Up-to-date: /home/danivm/ros2_ws/install/my_robot_description/share/my_robot_description/cmake/my_robot_descriptionConfig.cmake
[1.184s] -- Up-to-date: /home/danivm/ros2_ws/install/my_robot_description/share/my_robot_description/cmake/my_robot_descriptionConfig-version.cmake
[1.186s] -- Up-to-date: /home/danivm/ros2_ws/install/my_robot_description/share/my_robot_description/package.xml
[1.190s] Invoked command in '/home/danivm/ros2_ws/build/my_robot_description' returned '0': CMAKE_PREFIX_PATH=${CMAKE_PREFIX_PATH}:/home/danivm/ros2_ws/install/my_robot_controller:/opt/ros/humble /usr/bin/cmake --install /home/danivm/ros2_ws/build/my_robot_description
