[0.108s] Invoking command in '/home/danivm/ros2_ws/build/my_robot_bringup': CMAKE_PREFIX_PATH=/home/danivm/ros2_ws/install/my_robot_description:/home/danivm/ros2_ws/install/my_robot_bringup:/home/danivm/ros2_ws/install/my_robot_controller:/opt/ros/humble /usr/bin/cmake --build /home/danivm/ros2_ws/build/my_robot_bringup -- -j2 -l2
[0.370s] -- Found ament_cmake: 1.3.11 (/opt/ros/humble/share/ament_cmake/cmake)
[1.234s] -- Override CMake install command with custom implementation using symlinks instead of copying resources
[1.827s] -- Configuring done
[1.861s] -- Generating done
[1.876s] -- Build files have been written to: /home/danivm/ros2_ws/build/my_robot_bringup
[2.153s] Invoked command in '/home/danivm/ros2_ws/build/my_robot_bringup' returned '0': CMAKE_PREFIX_PATH=/home/danivm/ros2_ws/install/my_robot_description:/home/danivm/ros2_ws/install/my_robot_bringup:/home/danivm/ros2_ws/install/my_robot_controller:/opt/ros/humble /usr/bin/cmake --build /home/danivm/ros2_ws/build/my_robot_bringup -- -j2 -l2
[2.157s] Invoking command in '/home/danivm/ros2_ws/build/my_robot_bringup': CMAKE_PREFIX_PATH=/home/danivm/ros2_ws/install/my_robot_description:/home/danivm/ros2_ws/install/my_robot_bringup:/home/danivm/ros2_ws/install/my_robot_controller:/opt/ros/humble /usr/bin/cmake --install /home/danivm/ros2_ws/build/my_robot_bringup
[2.271s] -- Install configuration: ""
[2.274s] -- Execute custom install script
[2.278s] -- Up-to-date symlink: /home/danivm/ros2_ws/install/my_robot_bringup/share/my_robot_bringup/launch/my_robot_gazebo.launch.xml
[2.283s] -- Symlinking: /home/danivm/ros2_ws/install/my_robot_bringup/share/my_robot_bringup/rviz/urdf_config.rviz
[2.392s] -- Up-to-date symlink: /home/danivm/ros2_ws/install/my_robot_bringup/share/ament_index/resource_index/package_run_dependencies/my_robot_bringup
[2.398s] -- Up-to-date symlink: /home/danivm/ros2_ws/install/my_robot_bringup/share/ament_index/resource_index/parent_prefix_path/my_robot_bringup
[2.402s] -- Up-to-date symlink: /home/danivm/ros2_ws/install/my_robot_bringup/share/my_robot_bringup/environment/ament_prefix_path.sh
[2.405s] -- Up-to-date symlink: /home/danivm/ros2_ws/install/my_robot_bringup/share/my_robot_bringup/environment/ament_prefix_path.dsv
[2.407s] -- Up-to-date symlink: /home/danivm/ros2_ws/install/my_robot_bringup/share/my_robot_bringup/environment/path.sh
[2.410s] -- Up-to-date symlink: /home/danivm/ros2_ws/install/my_robot_bringup/share/my_robot_bringup/environment/path.dsv
[2.415s] -- Up-to-date symlink: /home/danivm/ros2_ws/install/my_robot_bringup/share/my_robot_bringup/local_setup.bash
[2.418s] -- Up-to-date symlink: /home/danivm/ros2_ws/install/my_robot_bringup/share/my_robot_bringup/local_setup.sh
[2.425s] -- Up-to-date symlink: /home/danivm/ros2_ws/install/my_robot_bringup/share/my_robot_bringup/local_setup.zsh
[2.432s] -- Up-to-date symlink: /home/danivm/ros2_ws/install/my_robot_bringup/share/my_robot_bringup/local_setup.dsv
[2.445s] -- Symlinking: /home/danivm/ros2_ws/install/my_robot_bringup/share/my_robot_bringup/package.dsv
[2.573s] -- Up-to-date symlink: /home/danivm/ros2_ws/install/my_robot_bringup/share/ament_index/resource_index/packages/my_robot_bringup
[2.580s] -- Up-to-date symlink: /home/danivm/ros2_ws/install/my_robot_bringup/share/my_robot_bringup/cmake/my_robot_bringupConfig.cmake
[2.581s] -- Up-to-date symlink: /home/danivm/ros2_ws/install/my_robot_bringup/share/my_robot_bringup/cmake/my_robot_bringupConfig-version.cmake
[2.583s] -- Up-to-date symlink: /home/danivm/ros2_ws/install/my_robot_bringup/share/my_robot_bringup/package.xml
[2.602s] Invoked command in '/home/danivm/ros2_ws/build/my_robot_bringup' returned '0': CMAKE_PREFIX_PATH=/home/danivm/ros2_ws/install/my_robot_description:/home/danivm/ros2_ws/install/my_robot_bringup:/home/danivm/ros2_ws/install/my_robot_controller:/opt/ros/humble /usr/bin/cmake --install /home/danivm/ros2_ws/build/my_robot_bringup
