[1.887s] Invoking command in '/home/danivm/ros2_ws/src/my_robot_controller': PYTHONPATH=/home/danivm/ros2_ws/build/my_robot_controller/prefix_override:/usr/lib/python3/dist-packages/colcon_core/task/python/colcon_distutils_commands:/home/danivm/ros2_ws/install/my_robot_controller/lib/python3.10/site-packages:${PYTHONPATH} /usr/bin/python3 -W ignore:setup.py install is deprecated -W ignore:easy_install command is deprecated setup.py egg_info --egg-base ../../build/my_robot_controller build --build-base /home/danivm/ros2_ws/build/my_robot_controller/build install --record /home/danivm/ros2_ws/build/my_robot_controller/install.log --single-version-externally-managed install_data
[2.630s] running egg_info
[2.630s] writing ../../build/my_robot_controller/my_robot_controller.egg-info/PKG-INFO
[2.632s] writing dependency_links to ../../build/my_robot_controller/my_robot_controller.egg-info/dependency_links.txt
[2.634s] writing entry points to ../../build/my_robot_controller/my_robot_controller.egg-info/entry_points.txt
[2.635s] writing requirements to ../../build/my_robot_controller/my_robot_controller.egg-info/requires.txt
[2.636s] writing top-level names to ../../build/my_robot_controller/my_robot_controller.egg-info/top_level.txt
[2.644s] reading manifest file '../../build/my_robot_controller/my_robot_controller.egg-info/SOURCES.txt'
[2.646s] writing manifest file '../../build/my_robot_controller/my_robot_controller.egg-info/SOURCES.txt'
[2.647s] running build
[2.647s] running build_py
[2.649s] running install
[2.651s] running install_lib
[2.654s] running install_data
[2.655s] running install_egg_info
[2.659s] removing '/home/danivm/ros2_ws/install/my_robot_controller/lib/python3.10/site-packages/my_robot_controller-0.0.0-py3.10.egg-info' (and everything under it)
[2.662s] Copying ../../build/my_robot_controller/my_robot_controller.egg-info to /home/danivm/ros2_ws/install/my_robot_controller/lib/python3.10/site-packages/my_robot_controller-0.0.0-py3.10.egg-info
[2.670s] running install_scripts
[2.734s] Installing draw_circle script to /home/danivm/ros2_ws/install/my_robot_controller/lib/my_robot_controller
[2.735s] Installing pose_subscriber script to /home/danivm/ros2_ws/install/my_robot_controller/lib/my_robot_controller
[2.735s] Installing test_node script to /home/danivm/ros2_ws/install/my_robot_controller/lib/my_robot_controller
[2.736s] Installing turtle_controller script to /home/danivm/ros2_ws/install/my_robot_controller/lib/my_robot_controller
[2.740s] writing list of installed files to '/home/danivm/ros2_ws/build/my_robot_controller/install.log'
[2.811s] Invoked command in '/home/danivm/ros2_ws/src/my_robot_controller' returned '0': PYTHONPATH=/home/danivm/ros2_ws/build/my_robot_controller/prefix_override:/usr/lib/python3/dist-packages/colcon_core/task/python/colcon_distutils_commands:/home/danivm/ros2_ws/install/my_robot_controller/lib/python3.10/site-packages:${PYTHONPATH} /usr/bin/python3 -W ignore:setup.py install is deprecated -W ignore:easy_install command is deprecated setup.py egg_info --egg-base ../../build/my_robot_controller build --build-base /home/danivm/ros2_ws/build/my_robot_controller/build install --record /home/danivm/ros2_ws/build/my_robot_controller/install.log --single-version-externally-managed install_data
