[1.366s] Invoking command in '/home/danivm/ros2_ws/build/my_robot_description': CMAKE_PREFIX_PATH=/home/danivm/ros2_ws/install/my_robot_controller:/opt/ros/humble /usr/bin/cmake /home/danivm/ros2_ws/src/my_robot_description -DCMAKE_INSTALL_PREFIX=/home/danivm/ros2_ws/install/my_robot_description
[2.494s] -- The C compiler identification is GNU 11.4.0
[3.290s] -- The CXX compiler identification is GNU 11.4.0
[3.388s] -- Detecting C compiler ABI info
[4.685s] -- Detecting C compiler ABI info - done
[4.738s] -- Check for working C compiler: /usr/bin/cc - skipped
[4.739s] -- Detecting C compile features
[4.742s] -- Detecting C compile features - done
[4.786s] -- Detecting CXX compiler ABI info
[5.751s] -- Detecting CXX compiler ABI info - done
[5.784s] -- Check for working CXX compiler: /usr/bin/c++ - skipped
[5.787s] -- Detecting CXX compile features
[5.793s] -- Detecting CXX compile features - done
[5.908s] -- Found ament_cmake: 1.3.11 (/opt/ros/humble/share/ament_cmake/cmake)
[7.410s] -- Found Python3: /usr/bin/python3 (found version "3.10.12") found components: Interpreter 
[8.325s] -- Found ament_lint_auto: 0.12.11 (/opt/ros/humble/share/ament_lint_auto/cmake)
[9.054s] -- Added test 'lint_cmake' to check CMake code style
[9.063s] -- Added test 'xmllint' to check XML markup files
[9.104s] -- Configuring done
[9.144s] -- Generating done
[9.167s] -- Build files have been written to: /home/danivm/ros2_ws/build/my_robot_description
[9.197s] Invoked command in '/home/danivm/ros2_ws/build/my_robot_description' returned '0': CMAKE_PREFIX_PATH=/home/danivm/ros2_ws/install/my_robot_controller:/opt/ros/humble /usr/bin/cmake /home/danivm/ros2_ws/src/my_robot_description -DCMAKE_INSTALL_PREFIX=/home/danivm/ros2_ws/install/my_robot_description
[9.205s] Invoking command in '/home/danivm/ros2_ws/build/my_robot_description': CMAKE_PREFIX_PATH=/home/danivm/ros2_ws/install/my_robot_controller:/opt/ros/humble /usr/bin/cmake --build /home/danivm/ros2_ws/build/my_robot_description -- -j2 -l2
[9.679s] Invoked command in '/home/danivm/ros2_ws/build/my_robot_description' returned '0': CMAKE_PREFIX_PATH=/home/danivm/ros2_ws/install/my_robot_controller:/opt/ros/humble /usr/bin/cmake --build /home/danivm/ros2_ws/build/my_robot_description -- -j2 -l2
[9.825s] Invoking command in '/home/danivm/ros2_ws/build/my_robot_description': CMAKE_PREFIX_PATH=/home/danivm/ros2_ws/install/my_robot_controller:/opt/ros/humble /usr/bin/cmake --install /home/danivm/ros2_ws/build/my_robot_description
[9.990s] -- Install configuration: ""
[9.992s] -- Installing: /home/danivm/ros2_ws/install/my_robot_description/share/ament_index/resource_index/package_run_dependencies/my_robot_description
[10.003s] -- Installing: /home/danivm/ros2_ws/install/my_robot_description/share/ament_index/resource_index/parent_prefix_path/my_robot_description
[10.012s] -- Installing: /home/danivm/ros2_ws/install/my_robot_description/share/my_robot_description/environment/ament_prefix_path.sh
[10.015s] -- Installing: /home/danivm/ros2_ws/install/my_robot_description/share/my_robot_description/environment/ament_prefix_path.dsv
[10.022s] -- Installing: /home/danivm/ros2_ws/install/my_robot_description/share/my_robot_description/environment/path.sh
[10.024s] -- Installing: /home/danivm/ros2_ws/install/my_robot_description/share/my_robot_description/environment/path.dsv
[10.035s] -- Installing: /home/danivm/ros2_ws/install/my_robot_description/share/my_robot_description/local_setup.bash
[10.039s] -- Installing: /home/danivm/ros2_ws/install/my_robot_description/share/my_robot_description/local_setup.sh
[10.042s] -- Installing: /home/danivm/ros2_ws/install/my_robot_description/share/my_robot_description/local_setup.zsh
[10.046s] -- Installing: /home/danivm/ros2_ws/install/my_robot_description/share/my_robot_description/local_setup.dsv
[10.047s] -- Installing: /home/danivm/ros2_ws/install/my_robot_description/share/my_robot_description/package.dsv
[10.052s] -- Installing: /home/danivm/ros2_ws/install/my_robot_description/share/ament_index/resource_index/packages/my_robot_description
[10.056s] -- Installing: /home/danivm/ros2_ws/install/my_robot_description/share/my_robot_description/cmake/my_robot_descriptionConfig.cmake
[10.057s] -- Installing: /home/danivm/ros2_ws/install/my_robot_description/share/my_robot_description/cmake/my_robot_descriptionConfig-version.cmake
[10.063s] -- Installing: /home/danivm/ros2_ws/install/my_robot_description/share/my_robot_description/package.xml
[10.077s] Invoked command in '/home/danivm/ros2_ws/build/my_robot_description' returned '0': CMAKE_PREFIX_PATH=/home/danivm/ros2_ws/install/my_robot_controller:/opt/ros/humble /usr/bin/cmake --install /home/danivm/ros2_ws/build/my_robot_description
