[0.129s] Invoking command in '/home/danivm/ros2_ws/build/my_robot_bringup': CMAKE_PREFIX_PATH=/home/danivm/ros2_ws/install/my_robot_description:/home/danivm/ros2_ws/install/my_robot_bringup:/home/danivm/ros2_ws/install/my_robot_controller:/opt/ros/humble /usr/bin/cmake --build /home/danivm/ros2_ws/build/my_robot_bringup -- -j2 -l2
[0.705s] Invoked command in '/home/danivm/ros2_ws/build/my_robot_bringup' returned '0': CMAKE_PREFIX_PATH=/home/danivm/ros2_ws/install/my_robot_description:/home/danivm/ros2_ws/install/my_robot_bringup:/home/danivm/ros2_ws/install/my_robot_controller:/opt/ros/humble /usr/bin/cmake --build /home/danivm/ros2_ws/build/my_robot_bringup -- -j2 -l2
[0.718s] Invoking command in '/home/danivm/ros2_ws/build/my_robot_bringup': CMAKE_PREFIX_PATH=/home/danivm/ros2_ws/install/my_robot_description:/home/danivm/ros2_ws/install/my_robot_bringup:/home/danivm/ros2_ws/install/my_robot_controller:/opt/ros/humble /usr/bin/cmake --install /home/danivm/ros2_ws/build/my_robot_bringup
[0.830s] -- Install configuration: ""
[0.832s] -- Execute custom install script
[0.837s] -- Up-to-date symlink: /home/danivm/ros2_ws/install/my_robot_bringup/share/my_robot_bringup/launch/my_robot_gazebo.launch.xml
[0.845s] -- Up-to-date symlink: /home/danivm/ros2_ws/install/my_robot_bringup/share/my_robot_bringup/rviz/urdf_config.rviz
[0.847s] -- Up-to-date symlink: /home/danivm/ros2_ws/install/my_robot_bringup/share/ament_index/resource_index/package_run_dependencies/my_robot_bringup
[0.851s] -- Up-to-date symlink: /home/danivm/ros2_ws/install/my_robot_bringup/share/ament_index/resource_index/parent_prefix_path/my_robot_bringup
[0.869s] -- Up-to-date symlink: /home/danivm/ros2_ws/install/my_robot_bringup/share/my_robot_bringup/environment/ament_prefix_path.sh
[0.870s] -- Up-to-date symlink: /home/danivm/ros2_ws/install/my_robot_bringup/share/my_robot_bringup/environment/ament_prefix_path.dsv
[0.878s] -- Up-to-date symlink: /home/danivm/ros2_ws/install/my_robot_bringup/share/my_robot_bringup/environment/path.sh
[0.885s] -- Up-to-date symlink: /home/danivm/ros2_ws/install/my_robot_bringup/share/my_robot_bringup/environment/path.dsv
[0.886s] -- Up-to-date symlink: /home/danivm/ros2_ws/install/my_robot_bringup/share/my_robot_bringup/local_setup.bash
[0.893s] -- Up-to-date symlink: /home/danivm/ros2_ws/install/my_robot_bringup/share/my_robot_bringup/local_setup.sh
[0.896s] -- Up-to-date symlink: /home/danivm/ros2_ws/install/my_robot_bringup/share/my_robot_bringup/local_setup.zsh
[0.897s] -- Up-to-date symlink: /home/danivm/ros2_ws/install/my_robot_bringup/share/my_robot_bringup/local_setup.dsv
[0.899s] -- Symlinking: /home/danivm/ros2_ws/install/my_robot_bringup/share/my_robot_bringup/package.dsv
[0.999s] -- Up-to-date symlink: /home/danivm/ros2_ws/install/my_robot_bringup/share/ament_index/resource_index/packages/my_robot_bringup
[1.001s] -- Up-to-date symlink: /home/danivm/ros2_ws/install/my_robot_bringup/share/my_robot_bringup/cmake/my_robot_bringupConfig.cmake
[1.002s] -- Up-to-date symlink: /home/danivm/ros2_ws/install/my_robot_bringup/share/my_robot_bringup/cmake/my_robot_bringupConfig-version.cmake
[1.006s] -- Up-to-date symlink: /home/danivm/ros2_ws/install/my_robot_bringup/share/my_robot_bringup/package.xml
[1.017s] Invoked command in '/home/danivm/ros2_ws/build/my_robot_bringup' returned '0': CMAKE_PREFIX_PATH=/home/danivm/ros2_ws/install/my_robot_description:/home/danivm/ros2_ws/install/my_robot_bringup:/home/danivm/ros2_ws/install/my_robot_controller:/opt/ros/humble /usr/bin/cmake --install /home/danivm/ros2_ws/build/my_robot_bringup
