[0.818s] Invoking command in '/home/danivm/ros2_ws/build/my_robot_description': CMAKE_PREFIX_PATH=${CMAKE_PREFIX_PATH}:/home/danivm/ros2_ws/install/my_robot_controller:/opt/ros/humble /usr/bin/cmake --build /home/danivm/ros2_ws/build/my_robot_description -- -j2 -l2
[0.903s] -- Found ament_cmake: 1.3.11 (/opt/ros/humble/share/ament_cmake/cmake)
[1.754s] -- Configuring done
[1.781s] -- Generating done
[1.799s] -- Build files have been written to: /home/danivm/ros2_ws/build/my_robot_description
[1.909s] Invoked command in '/home/danivm/ros2_ws/build/my_robot_description' returned '0': CMAKE_PREFIX_PATH=${CMAKE_PREFIX_PATH}:/home/danivm/ros2_ws/install/my_robot_controller:/opt/ros/humble /usr/bin/cmake --build /home/danivm/ros2_ws/build/my_robot_description -- -j2 -l2
[1.959s] Invoking command in '/home/danivm/ros2_ws/build/my_robot_description': CMAKE_PREFIX_PATH=${CMAKE_PREFIX_PATH}:/home/danivm/ros2_ws/install/my_robot_controller:/opt/ros/humble /usr/bin/cmake --install /home/danivm/ros2_ws/build/my_robot_description
[1.986s] -- Install configuration: ""
[1.987s] -- Up-to-date: /home/danivm/ros2_ws/install/my_robot_description/share/my_robot_description//urdf
[1.987s] -- Up-to-date: /home/danivm/ros2_ws/install/my_robot_description/share/my_robot_description//urdf/my_robot.urdf
[1.988s] -- Up-to-date: /home/danivm/ros2_ws/install/my_robot_description/share/my_robot_description//launch
[1.988s] -- Installing: /home/danivm/ros2_ws/install/my_robot_description/share/my_robot_description//launch/display.launch.xml
[1.991s] -- Up-to-date: /home/danivm/ros2_ws/install/my_robot_description/share/my_robot_description//launch/display.launch.py
[1.991s] -- Installing: /home/danivm/ros2_ws/install/my_robot_description/share/my_robot_description//rviz
[1.992s] -- Installing: /home/danivm/ros2_ws/install/my_robot_description/share/my_robot_description//rviz/urdf_config.rviz
[1.992s] -- Up-to-date: /home/danivm/ros2_ws/install/my_robot_description/share/ament_index/resource_index/package_run_dependencies/my_robot_description
[1.992s] -- Up-to-date: /home/danivm/ros2_ws/install/my_robot_description/share/ament_index/resource_index/parent_prefix_path/my_robot_description
[1.996s] -- Up-to-date: /home/danivm/ros2_ws/install/my_robot_description/share/my_robot_description/environment/ament_prefix_path.sh
[1.996s] -- Installing: /home/danivm/ros2_ws/install/my_robot_description/share/my_robot_description/environment/ament_prefix_path.dsv
[1.997s] -- Up-to-date: /home/danivm/ros2_ws/install/my_robot_description/share/my_robot_description/environment/path.sh
[1.997s] -- Installing: /home/danivm/ros2_ws/install/my_robot_description/share/my_robot_description/environment/path.dsv
[1.997s] -- Up-to-date: /home/danivm/ros2_ws/install/my_robot_description/share/my_robot_description/local_setup.bash
[1.997s] -- Up-to-date: /home/danivm/ros2_ws/install/my_robot_description/share/my_robot_description/local_setup.sh
[1.998s] -- Up-to-date: /home/danivm/ros2_ws/install/my_robot_description/share/my_robot_description/local_setup.zsh
[1.998s] -- Installing: /home/danivm/ros2_ws/install/my_robot_description/share/my_robot_description/local_setup.dsv
[1.998s] -- Installing: /home/danivm/ros2_ws/install/my_robot_description/share/my_robot_description/package.dsv
[1.999s] -- Up-to-date: /home/danivm/ros2_ws/install/my_robot_description/share/ament_index/resource_index/packages/my_robot_description
[2.000s] -- Up-to-date: /home/danivm/ros2_ws/install/my_robot_description/share/my_robot_description/cmake/my_robot_descriptionConfig.cmake
[2.000s] -- Up-to-date: /home/danivm/ros2_ws/install/my_robot_description/share/my_robot_description/cmake/my_robot_descriptionConfig-version.cmake
[2.000s] -- Up-to-date: /home/danivm/ros2_ws/install/my_robot_description/share/my_robot_description/package.xml
[2.005s] Invoked command in '/home/danivm/ros2_ws/build/my_robot_description' returned '0': CMAKE_PREFIX_PATH=${CMAKE_PREFIX_PATH}:/home/danivm/ros2_ws/install/my_robot_controller:/opt/ros/humble /usr/bin/cmake --install /home/danivm/ros2_ws/build/my_robot_description
