[0.438s] DEBUG:colcon:Command line arguments: ['/usr/bin/colcon', 'build']
[0.438s] DEBUG:colcon:Parsed command line arguments: Namespace(log_base=None, log_level=None, verb_name='build', build_base='build', install_base='install', merge_install=False, symlink_install=False, test_result_base=None, continue_on_error=False, executor='parallel', parallel_workers=2, event_handlers=None, ignore_user_meta=False, metas=['./colcon.meta'], base_paths=['.'], packages_ignore=None, packages_ignore_regex=None, paths=None, packages_up_to=None, packages_up_to_regex=None, packages_above=None, packages_above_and_dependencies=None, packages_above_depth=None, packages_select_by_dep=None, packages_skip_by_dep=None, packages_skip_up_to=None, packages_select_build_failed=False, packages_skip_build_finished=False, packages_select_test_failures=False, packages_skip_test_passed=False, packages_select=None, packages_skip=None, packages_select_regex=None, packages_skip_regex=None, packages_start=None, packages_end=None, allow_overriding=[], cmake_args=None, cmake_target=None, cmake_target_skip_unavailable=False, cmake_clean_cache=False, cmake_clean_first=False, cmake_force_configure=False, ament_cmake_args=None, catkin_cmake_args=None, catkin_skip_building_tests=False, verb_parser=<colcon_defaults.argument_parser.defaults.DefaultArgumentsDecorator object at 0x77d4f19501c0>, verb_extension=<colcon_core.verb.build.BuildVerb object at 0x77d4f1a4d600>, main=<bound method BuildVerb.main of <colcon_core.verb.build.BuildVerb object at 0x77d4f1a4d600>>)
[0.978s] Level 1:colcon.colcon_core.package_discovery:discover_packages(colcon_meta) check parameters
[0.978s] Level 1:colcon.colcon_core.package_discovery:discover_packages(recursive) check parameters
[0.978s] Level 1:colcon.colcon_core.package_discovery:discover_packages(ignore) check parameters
[0.978s] Level 1:colcon.colcon_core.package_discovery:discover_packages(path) check parameters
[0.978s] Level 1:colcon.colcon_core.package_discovery:discover_packages(colcon_meta) discover
[0.979s] Level 1:colcon.colcon_core.package_discovery:discover_packages(recursive) discover
[0.979s] INFO:colcon.colcon_core.package_discovery:Crawling recursively for packages in '/home/danivm/ros2_ws'
[0.979s] Level 1:colcon.colcon_core.package_identification:_identify(.) by extensions ['ignore', 'ignore_ament_install']
[0.979s] Level 1:colcon.colcon_core.package_identification:_identify(.) by extension 'ignore'
[0.980s] Level 1:colcon.colcon_core.package_identification:_identify(.) by extension 'ignore_ament_install'
[0.980s] Level 1:colcon.colcon_core.package_identification:_identify(.) by extensions ['colcon_pkg']
[0.980s] Level 1:colcon.colcon_core.package_identification:_identify(.) by extension 'colcon_pkg'
[0.980s] Level 1:colcon.colcon_core.package_identification:_identify(.) by extensions ['colcon_meta']
[0.980s] Level 1:colcon.colcon_core.package_identification:_identify(.) by extension 'colcon_meta'
[0.980s] Level 1:colcon.colcon_core.package_identification:_identify(.) by extensions ['ros']
[0.980s] Level 1:colcon.colcon_core.package_identification:_identify(.) by extension 'ros'
[1.026s] Level 1:colcon.colcon_core.package_identification:_identify(.) by extensions ['cmake', 'python']
[1.026s] Level 1:colcon.colcon_core.package_identification:_identify(.) by extension 'cmake'
[1.026s] Level 1:colcon.colcon_core.package_identification:_identify(.) by extension 'python'
[1.027s] Level 1:colcon.colcon_core.package_identification:_identify(.) by extensions ['python_setup_py']
[1.027s] Level 1:colcon.colcon_core.package_identification:_identify(.) by extension 'python_setup_py'
[1.027s] Level 1:colcon.colcon_core.package_identification:_identify(build) by extensions ['ignore', 'ignore_ament_install']
[1.028s] Level 1:colcon.colcon_core.package_identification:_identify(build) by extension 'ignore'
[1.028s] Level 1:colcon.colcon_core.package_identification:_identify(build) ignored
[1.028s] Level 1:colcon.colcon_core.package_identification:_identify(install) by extensions ['ignore', 'ignore_ament_install']
[1.028s] Level 1:colcon.colcon_core.package_identification:_identify(install) by extension 'ignore'
[1.029s] Level 1:colcon.colcon_core.package_identification:_identify(install) ignored
[1.029s] Level 1:colcon.colcon_core.package_identification:_identify(log) by extensions ['ignore', 'ignore_ament_install']
[1.029s] Level 1:colcon.colcon_core.package_identification:_identify(log) by extension 'ignore'
[1.029s] Level 1:colcon.colcon_core.package_identification:_identify(log) ignored
[1.029s] Level 1:colcon.colcon_core.package_identification:_identify(src) by extensions ['ignore', 'ignore_ament_install']
[1.030s] Level 1:colcon.colcon_core.package_identification:_identify(src) by extension 'ignore'
[1.030s] Level 1:colcon.colcon_core.package_identification:_identify(src) by extension 'ignore_ament_install'
[1.030s] Level 1:colcon.colcon_core.package_identification:_identify(src) by extensions ['colcon_pkg']
[1.030s] Level 1:colcon.colcon_core.package_identification:_identify(src) by extension 'colcon_pkg'
[1.030s] Level 1:colcon.colcon_core.package_identification:_identify(src) by extensions ['colcon_meta']
[1.030s] Level 1:colcon.colcon_core.package_identification:_identify(src) by extension 'colcon_meta'
[1.031s] Level 1:colcon.colcon_core.package_identification:_identify(src) by extensions ['ros']
[1.031s] Level 1:colcon.colcon_core.package_identification:_identify(src) by extension 'ros'
[1.031s] Level 1:colcon.colcon_core.package_identification:_identify(src) by extensions ['cmake', 'python']
[1.031s] Level 1:colcon.colcon_core.package_identification:_identify(src) by extension 'cmake'
[1.031s] Level 1:colcon.colcon_core.package_identification:_identify(src) by extension 'python'
[1.031s] Level 1:colcon.colcon_core.package_identification:_identify(src) by extensions ['python_setup_py']
[1.031s] Level 1:colcon.colcon_core.package_identification:_identify(src) by extension 'python_setup_py'
[1.032s] Level 1:colcon.colcon_core.package_identification:_identify(src/my_robot_controller) by extensions ['ignore', 'ignore_ament_install']
[1.032s] Level 1:colcon.colcon_core.package_identification:_identify(src/my_robot_controller) by extension 'ignore'
[1.032s] Level 1:colcon.colcon_core.package_identification:_identify(src/my_robot_controller) by extension 'ignore_ament_install'
[1.033s] Level 1:colcon.colcon_core.package_identification:_identify(src/my_robot_controller) by extensions ['colcon_pkg']
[1.033s] Level 1:colcon.colcon_core.package_identification:_identify(src/my_robot_controller) by extension 'colcon_pkg'
[1.033s] Level 1:colcon.colcon_core.package_identification:_identify(src/my_robot_controller) by extensions ['colcon_meta']
[1.033s] Level 1:colcon.colcon_core.package_identification:_identify(src/my_robot_controller) by extension 'colcon_meta'
[1.033s] Level 1:colcon.colcon_core.package_identification:_identify(src/my_robot_controller) by extensions ['ros']
[1.033s] Level 1:colcon.colcon_core.package_identification:_identify(src/my_robot_controller) by extension 'ros'
[1.042s] DEBUG:colcon.colcon_core.package_identification:Package 'src/my_robot_controller' with type 'ros.ament_python' and name 'my_robot_controller'
[1.042s] Level 1:colcon.colcon_core.package_identification:_identify(src/my_robot_description) by extensions ['ignore', 'ignore_ament_install']
[1.043s] Level 1:colcon.colcon_core.package_identification:_identify(src/my_robot_description) by extension 'ignore'
[1.043s] Level 1:colcon.colcon_core.package_identification:_identify(src/my_robot_description) by extension 'ignore_ament_install'
[1.043s] Level 1:colcon.colcon_core.package_identification:_identify(src/my_robot_description) by extensions ['colcon_pkg']
[1.043s] Level 1:colcon.colcon_core.package_identification:_identify(src/my_robot_description) by extension 'colcon_pkg'
[1.043s] Level 1:colcon.colcon_core.package_identification:_identify(src/my_robot_description) by extensions ['colcon_meta']
[1.043s] Level 1:colcon.colcon_core.package_identification:_identify(src/my_robot_description) by extension 'colcon_meta'
[1.044s] Level 1:colcon.colcon_core.package_identification:_identify(src/my_robot_description) by extensions ['ros']
[1.044s] Level 1:colcon.colcon_core.package_identification:_identify(src/my_robot_description) by extension 'ros'
[1.045s] DEBUG:colcon.colcon_core.package_identification:Package 'src/my_robot_description' with type 'ros.ament_cmake' and name 'my_robot_description'
[1.045s] Level 1:colcon.colcon_core.package_discovery:discover_packages(recursive) using defaults
[1.046s] Level 1:colcon.colcon_core.package_discovery:discover_packages(ignore) discover
[1.046s] Level 1:colcon.colcon_core.package_discovery:discover_packages(ignore) using defaults
[1.046s] Level 1:colcon.colcon_core.package_discovery:discover_packages(path) discover
[1.046s] Level 1:colcon.colcon_core.package_discovery:discover_packages(path) using defaults
[1.115s] Level 1:colcon.colcon_core.package_discovery:discover_packages(prefix_path) check parameters
[1.116s] Level 1:colcon.colcon_core.package_discovery:discover_packages(prefix_path) discover
[1.129s] DEBUG:colcon.colcon_installed_package_information.package_discovery:Found 2 installed packages in /home/danivm/ros2_ws/install
[1.134s] DEBUG:colcon.colcon_installed_package_information.package_discovery:Found 275 installed packages in /opt/ros/humble
[1.143s] Level 1:colcon.colcon_core.package_discovery:discover_packages(prefix_path) using defaults
[1.320s] Level 5:colcon.colcon_core.verb:set package 'my_robot_controller' build argument 'cmake_args' from command line to 'None'
[1.320s] Level 5:colcon.colcon_core.verb:set package 'my_robot_controller' build argument 'cmake_target' from command line to 'None'
[1.320s] Level 5:colcon.colcon_core.verb:set package 'my_robot_controller' build argument 'cmake_target_skip_unavailable' from command line to 'False'
[1.320s] Level 5:colcon.colcon_core.verb:set package 'my_robot_controller' build argument 'cmake_clean_cache' from command line to 'False'
[1.320s] Level 5:colcon.colcon_core.verb:set package 'my_robot_controller' build argument 'cmake_clean_first' from command line to 'False'
[1.320s] Level 5:colcon.colcon_core.verb:set package 'my_robot_controller' build argument 'cmake_force_configure' from command line to 'False'
[1.320s] Level 5:colcon.colcon_core.verb:set package 'my_robot_controller' build argument 'ament_cmake_args' from command line to 'None'
[1.321s] Level 5:colcon.colcon_core.verb:set package 'my_robot_controller' build argument 'catkin_cmake_args' from command line to 'None'
[1.321s] Level 5:colcon.colcon_core.verb:set package 'my_robot_controller' build argument 'catkin_skip_building_tests' from command line to 'False'
[1.321s] DEBUG:colcon.colcon_core.verb:Building package 'my_robot_controller' with the following arguments: {'ament_cmake_args': None, 'build_base': '/home/danivm/ros2_ws/build/my_robot_controller', 'catkin_cmake_args': None, 'catkin_skip_building_tests': False, 'cmake_args': None, 'cmake_clean_cache': False, 'cmake_clean_first': False, 'cmake_force_configure': False, 'cmake_target': None, 'cmake_target_skip_unavailable': False, 'install_base': '/home/danivm/ros2_ws/install/my_robot_controller', 'merge_install': False, 'path': '/home/danivm/ros2_ws/src/my_robot_controller', 'symlink_install': False, 'test_result_base': None}
[1.322s] Level 5:colcon.colcon_core.verb:set package 'my_robot_description' build argument 'cmake_args' from command line to 'None'
[1.322s] Level 5:colcon.colcon_core.verb:set package 'my_robot_description' build argument 'cmake_target' from command line to 'None'
[1.322s] Level 5:colcon.colcon_core.verb:set package 'my_robot_description' build argument 'cmake_target_skip_unavailable' from command line to 'False'
[1.322s] Level 5:colcon.colcon_core.verb:set package 'my_robot_description' build argument 'cmake_clean_cache' from command line to 'False'
[1.322s] Level 5:colcon.colcon_core.verb:set package 'my_robot_description' build argument 'cmake_clean_first' from command line to 'False'
[1.322s] Level 5:colcon.colcon_core.verb:set package 'my_robot_description' build argument 'cmake_force_configure' from command line to 'False'
[1.322s] Level 5:colcon.colcon_core.verb:set package 'my_robot_description' build argument 'ament_cmake_args' from command line to 'None'
[1.322s] Level 5:colcon.colcon_core.verb:set package 'my_robot_description' build argument 'catkin_cmake_args' from command line to 'None'
[1.322s] Level 5:colcon.colcon_core.verb:set package 'my_robot_description' build argument 'catkin_skip_building_tests' from command line to 'False'
[1.322s] DEBUG:colcon.colcon_core.verb:Building package 'my_robot_description' with the following arguments: {'ament_cmake_args': None, 'build_base': '/home/danivm/ros2_ws/build/my_robot_description', 'catkin_cmake_args': None, 'catkin_skip_building_tests': False, 'cmake_args': None, 'cmake_clean_cache': False, 'cmake_clean_first': False, 'cmake_force_configure': False, 'cmake_target': None, 'cmake_target_skip_unavailable': False, 'install_base': '/home/danivm/ros2_ws/install/my_robot_description', 'merge_install': False, 'path': '/home/danivm/ros2_ws/src/my_robot_description', 'symlink_install': False, 'test_result_base': None}
[1.323s] INFO:colcon.colcon_core.executor:Executing jobs using 'parallel' executor
[1.327s] DEBUG:colcon.colcon_parallel_executor.executor.parallel:run_until_complete
[1.328s] INFO:colcon.colcon_ros.task.ament_python.build:Building ROS package in '/home/danivm/ros2_ws/src/my_robot_controller' with build type 'ament_python'
[1.331s] Level 1:colcon.colcon_core.shell:create_environment_hook('my_robot_controller', 'ament_prefix_path')
[1.348s] INFO:colcon.colcon_core.plugin_system:Skipping extension 'colcon_core.shell.bat': Not used on non-Windows systems
[1.349s] INFO:colcon.colcon_core.shell:Creating environment hook '/home/danivm/ros2_ws/install/my_robot_controller/share/my_robot_controller/hook/ament_prefix_path.ps1'
[1.353s] INFO:colcon.colcon_core.shell:Creating environment descriptor '/home/danivm/ros2_ws/install/my_robot_controller/share/my_robot_controller/hook/ament_prefix_path.dsv'
[1.358s] INFO:colcon.colcon_core.shell:Creating environment hook '/home/danivm/ros2_ws/install/my_robot_controller/share/my_robot_controller/hook/ament_prefix_path.sh'
[1.367s] INFO:colcon.colcon_core.shell:Skip shell extension 'powershell' for command environment: Not usable outside of PowerShell
[1.367s] DEBUG:colcon.colcon_core.shell:Skip shell extension 'dsv' for command environment
[1.390s] INFO:colcon.colcon_ros.task.ament_cmake.build:Building ROS package in '/home/danivm/ros2_ws/src/my_robot_description' with build type 'ament_cmake'
[1.391s] INFO:colcon.colcon_cmake.task.cmake.build:Building CMake package in '/home/danivm/ros2_ws/src/my_robot_description'
[1.392s] INFO:colcon.colcon_core.shell:Skip shell extension 'powershell' for command environment: Not usable outside of PowerShell
[1.392s] DEBUG:colcon.colcon_core.shell:Skip shell extension 'dsv' for command environment
[2.286s] INFO:colcon.colcon_core.task.python.build:Building Python package in '/home/danivm/ros2_ws/src/my_robot_controller'
[2.287s] INFO:colcon.colcon_core.shell:Skip shell extension 'powershell' for command environment: Not usable outside of PowerShell
[2.287s] DEBUG:colcon.colcon_core.shell:Skip shell extension 'dsv' for command environment
[2.310s] DEBUG:colcon.colcon_core.event_handler.log_command:Invoking command in '/home/danivm/ros2_ws/build/my_robot_description': CMAKE_PREFIX_PATH=${CMAKE_PREFIX_PATH}:/home/danivm/ros2_ws/install/my_robot_controller:/opt/ros/humble /usr/bin/cmake --build /home/danivm/ros2_ws/build/my_robot_description -- -j2 -l2
[3.733s] DEBUG:colcon.colcon_core.event_handler.log_command:Invoking command in '/home/danivm/ros2_ws/src/my_robot_controller': PYTHONPATH=/home/danivm/ros2_ws/build/my_robot_controller/prefix_override:/usr/lib/python3/dist-packages/colcon_core/task/python/colcon_distutils_commands:/home/danivm/ros2_ws/install/my_robot_controller/lib/python3.10/site-packages:${PYTHONPATH} /usr/bin/python3 -W ignore:setup.py install is deprecated -W ignore:easy_install command is deprecated setup.py egg_info --egg-base ../../build/my_robot_controller build --build-base /home/danivm/ros2_ws/build/my_robot_controller/build install --record /home/danivm/ros2_ws/build/my_robot_controller/install.log --single-version-externally-managed install_data
[3.749s] DEBUG:colcon.colcon_core.event_handler.log_command:Invoked command in '/home/danivm/ros2_ws/build/my_robot_description' returned '0': CMAKE_PREFIX_PATH=${CMAKE_PREFIX_PATH}:/home/danivm/ros2_ws/install/my_robot_controller:/opt/ros/humble /usr/bin/cmake --build /home/danivm/ros2_ws/build/my_robot_description -- -j2 -l2
[3.789s] DEBUG:colcon.colcon_core.event_handler.log_command:Invoking command in '/home/danivm/ros2_ws/build/my_robot_description': CMAKE_PREFIX_PATH=${CMAKE_PREFIX_PATH}:/home/danivm/ros2_ws/install/my_robot_controller:/opt/ros/humble /usr/bin/cmake --install /home/danivm/ros2_ws/build/my_robot_description
[3.862s] Level 1:colcon.colcon_core.environment:create_environment_scripts_only(my_robot_description)
[3.863s] DEBUG:colcon.colcon_core.event_handler.log_command:Invoked command in '/home/danivm/ros2_ws/build/my_robot_description' returned '0': CMAKE_PREFIX_PATH=${CMAKE_PREFIX_PATH}:/home/danivm/ros2_ws/install/my_robot_controller:/opt/ros/humble /usr/bin/cmake --install /home/danivm/ros2_ws/build/my_robot_description
[3.883s] Level 1:colcon.colcon_core.environment:checking '/home/danivm/ros2_ws/install/my_robot_description' for CMake module files
[3.884s] Level 1:colcon.colcon_core.environment:checking '/home/danivm/ros2_ws/install/my_robot_description' for CMake config files
[3.885s] Level 1:colcon.colcon_core.shell:create_environment_hook('my_robot_description', 'cmake_prefix_path')
[3.887s] INFO:colcon.colcon_core.shell:Creating environment hook '/home/danivm/ros2_ws/install/my_robot_description/share/my_robot_description/hook/cmake_prefix_path.ps1'
[3.890s] INFO:colcon.colcon_core.shell:Creating environment descriptor '/home/danivm/ros2_ws/install/my_robot_description/share/my_robot_description/hook/cmake_prefix_path.dsv'
[3.892s] INFO:colcon.colcon_core.shell:Creating environment hook '/home/danivm/ros2_ws/install/my_robot_description/share/my_robot_description/hook/cmake_prefix_path.sh'
[3.895s] Level 1:colcon.colcon_core.environment:checking '/home/danivm/ros2_ws/install/my_robot_description/bin'
[3.896s] Level 1:colcon.colcon_core.environment:checking '/home/danivm/ros2_ws/install/my_robot_description/lib/pkgconfig/my_robot_description.pc'
[3.896s] Level 1:colcon.colcon_core.environment:checking '/home/danivm/ros2_ws/install/my_robot_description/lib/python3.10/site-packages'
[3.897s] Level 1:colcon.colcon_core.environment:checking '/home/danivm/ros2_ws/install/my_robot_description/bin'
[3.899s] INFO:colcon.colcon_core.shell:Creating package script '/home/danivm/ros2_ws/install/my_robot_description/share/my_robot_description/package.ps1'
[3.907s] INFO:colcon.colcon_core.shell:Creating package descriptor '/home/danivm/ros2_ws/install/my_robot_description/share/my_robot_description/package.dsv'
[3.911s] INFO:colcon.colcon_core.shell:Creating package script '/home/danivm/ros2_ws/install/my_robot_description/share/my_robot_description/package.sh'
[3.922s] INFO:colcon.colcon_core.shell:Creating package script '/home/danivm/ros2_ws/install/my_robot_description/share/my_robot_description/package.bash'
[3.929s] INFO:colcon.colcon_core.shell:Creating package script '/home/danivm/ros2_ws/install/my_robot_description/share/my_robot_description/package.zsh'
[3.934s] Level 1:colcon.colcon_core.environment:create_file_with_runtime_dependencies(/home/danivm/ros2_ws/install/my_robot_description/share/colcon-core/packages/my_robot_description)
[3.935s] Level 1:colcon.colcon_core.environment:create_environment_scripts_only(my_robot_description)
[3.936s] Level 1:colcon.colcon_core.environment:checking '/home/danivm/ros2_ws/install/my_robot_description' for CMake module files
[3.938s] Level 1:colcon.colcon_core.environment:checking '/home/danivm/ros2_ws/install/my_robot_description' for CMake config files
[3.938s] Level 1:colcon.colcon_core.shell:create_environment_hook('my_robot_description', 'cmake_prefix_path')
[3.939s] INFO:colcon.colcon_core.shell:Creating environment hook '/home/danivm/ros2_ws/install/my_robot_description/share/my_robot_description/hook/cmake_prefix_path.ps1'
[3.942s] INFO:colcon.colcon_core.shell:Creating environment descriptor '/home/danivm/ros2_ws/install/my_robot_description/share/my_robot_description/hook/cmake_prefix_path.dsv'
[3.946s] INFO:colcon.colcon_core.shell:Creating environment hook '/home/danivm/ros2_ws/install/my_robot_description/share/my_robot_description/hook/cmake_prefix_path.sh'
[3.949s] Level 1:colcon.colcon_core.environment:checking '/home/danivm/ros2_ws/install/my_robot_description/bin'
[3.949s] Level 1:colcon.colcon_core.environment:checking '/home/danivm/ros2_ws/install/my_robot_description/lib/pkgconfig/my_robot_description.pc'
[3.950s] Level 1:colcon.colcon_core.environment:checking '/home/danivm/ros2_ws/install/my_robot_description/lib/python3.10/site-packages'
[3.951s] Level 1:colcon.colcon_core.environment:checking '/home/danivm/ros2_ws/install/my_robot_description/bin'
[3.952s] INFO:colcon.colcon_core.shell:Creating package script '/home/danivm/ros2_ws/install/my_robot_description/share/my_robot_description/package.ps1'
[3.954s] INFO:colcon.colcon_core.shell:Creating package descriptor '/home/danivm/ros2_ws/install/my_robot_description/share/my_robot_description/package.dsv'
[3.957s] INFO:colcon.colcon_core.shell:Creating package script '/home/danivm/ros2_ws/install/my_robot_description/share/my_robot_description/package.sh'
[3.960s] INFO:colcon.colcon_core.shell:Creating package script '/home/danivm/ros2_ws/install/my_robot_description/share/my_robot_description/package.bash'
[3.962s] INFO:colcon.colcon_core.shell:Creating package script '/home/danivm/ros2_ws/install/my_robot_description/share/my_robot_description/package.zsh'
[3.964s] Level 1:colcon.colcon_core.environment:create_file_with_runtime_dependencies(/home/danivm/ros2_ws/install/my_robot_description/share/colcon-core/packages/my_robot_description)
[4.797s] Level 1:colcon.colcon_core.environment:checking '/home/danivm/ros2_ws/install/my_robot_controller' for CMake module files
[4.802s] DEBUG:colcon.colcon_core.event_handler.log_command:Invoked command in '/home/danivm/ros2_ws/src/my_robot_controller' returned '0': PYTHONPATH=/home/danivm/ros2_ws/build/my_robot_controller/prefix_override:/usr/lib/python3/dist-packages/colcon_core/task/python/colcon_distutils_commands:/home/danivm/ros2_ws/install/my_robot_controller/lib/python3.10/site-packages:${PYTHONPATH} /usr/bin/python3 -W ignore:setup.py install is deprecated -W ignore:easy_install command is deprecated setup.py egg_info --egg-base ../../build/my_robot_controller build --build-base /home/danivm/ros2_ws/build/my_robot_controller/build install --record /home/danivm/ros2_ws/build/my_robot_controller/install.log --single-version-externally-managed install_data
[4.802s] Level 1:colcon.colcon_core.environment:checking '/home/danivm/ros2_ws/install/my_robot_controller' for CMake config files
[4.804s] Level 1:colcon.colcon_core.environment:checking '/home/danivm/ros2_ws/install/my_robot_controller/lib'
[4.805s] Level 1:colcon.colcon_core.environment:checking '/home/danivm/ros2_ws/install/my_robot_controller/bin'
[4.805s] Level 1:colcon.colcon_core.environment:checking '/home/danivm/ros2_ws/install/my_robot_controller/lib/pkgconfig/my_robot_controller.pc'
[4.805s] Level 1:colcon.colcon_core.environment:checking '/home/danivm/ros2_ws/install/my_robot_controller/lib/python3.10/site-packages'
[4.806s] Level 1:colcon.colcon_core.shell:create_environment_hook('my_robot_controller', 'pythonpath')
[4.806s] INFO:colcon.colcon_core.shell:Creating environment hook '/home/danivm/ros2_ws/install/my_robot_controller/share/my_robot_controller/hook/pythonpath.ps1'
[4.808s] INFO:colcon.colcon_core.shell:Creating environment descriptor '/home/danivm/ros2_ws/install/my_robot_controller/share/my_robot_controller/hook/pythonpath.dsv'
[4.810s] INFO:colcon.colcon_core.shell:Creating environment hook '/home/danivm/ros2_ws/install/my_robot_controller/share/my_robot_controller/hook/pythonpath.sh'
[4.813s] Level 1:colcon.colcon_core.environment:checking '/home/danivm/ros2_ws/install/my_robot_controller/bin'
[4.813s] Level 1:colcon.colcon_core.environment:create_environment_scripts_only(my_robot_controller)
[4.814s] INFO:colcon.colcon_core.shell:Creating package script '/home/danivm/ros2_ws/install/my_robot_controller/share/my_robot_controller/package.ps1'
[4.817s] INFO:colcon.colcon_core.shell:Creating package descriptor '/home/danivm/ros2_ws/install/my_robot_controller/share/my_robot_controller/package.dsv'
[4.820s] INFO:colcon.colcon_core.shell:Creating package script '/home/danivm/ros2_ws/install/my_robot_controller/share/my_robot_controller/package.sh'
[4.828s] INFO:colcon.colcon_core.shell:Creating package script '/home/danivm/ros2_ws/install/my_robot_controller/share/my_robot_controller/package.bash'
[4.833s] INFO:colcon.colcon_core.shell:Creating package script '/home/danivm/ros2_ws/install/my_robot_controller/share/my_robot_controller/package.zsh'
[4.837s] Level 1:colcon.colcon_core.environment:create_file_with_runtime_dependencies(/home/danivm/ros2_ws/install/my_robot_controller/share/colcon-core/packages/my_robot_controller)
[4.839s] DEBUG:colcon.colcon_parallel_executor.executor.parallel:closing loop
[4.841s] DEBUG:colcon.colcon_parallel_executor.executor.parallel:loop closed
[4.841s] DEBUG:colcon.colcon_parallel_executor.executor.parallel:run_until_complete finished with '0'
[4.842s] DEBUG:colcon.colcon_core.event_reactor:joining thread
[4.882s] INFO:colcon.colcon_core.plugin_system:Skipping extension 'colcon_notification.desktop_notification.terminal_notifier': Not used on non-Darwin systems
[4.882s] INFO:colcon.colcon_core.plugin_system:Skipping extension 'colcon_notification.desktop_notification.win32': Not used on non-Windows systems
[4.882s] INFO:colcon.colcon_notification.desktop_notification:Sending desktop notification using 'notify2'
[4.996s] DEBUG:colcon.colcon_core.event_reactor:joined thread
[4.997s] INFO:colcon.colcon_core.shell:Creating prefix script '/home/danivm/ros2_ws/install/local_setup.ps1'
[5.001s] INFO:colcon.colcon_core.shell:Creating prefix util module '/home/danivm/ros2_ws/install/_local_setup_util_ps1.py'
[5.009s] INFO:colcon.colcon_core.shell:Creating prefix chain script '/home/danivm/ros2_ws/install/setup.ps1'
[5.015s] INFO:colcon.colcon_core.shell:Creating prefix script '/home/danivm/ros2_ws/install/local_setup.sh'
[5.020s] INFO:colcon.colcon_core.shell:Creating prefix util module '/home/danivm/ros2_ws/install/_local_setup_util_sh.py'
[5.026s] INFO:colcon.colcon_core.shell:Creating prefix chain script '/home/danivm/ros2_ws/install/setup.sh'
[5.035s] INFO:colcon.colcon_core.shell:Creating prefix script '/home/danivm/ros2_ws/install/local_setup.bash'
[5.039s] INFO:colcon.colcon_core.shell:Creating prefix chain script '/home/danivm/ros2_ws/install/setup.bash'
[5.046s] INFO:colcon.colcon_core.shell:Creating prefix script '/home/danivm/ros2_ws/install/local_setup.zsh'
[5.050s] INFO:colcon.colcon_core.shell:Creating prefix chain script '/home/danivm/ros2_ws/install/setup.zsh'
