[0.875s] DEBUG:colcon:Command line arguments: ['/usr/bin/colcon', 'build', '--symlink-install']
[0.876s] DEBUG:colcon:Parsed command line arguments: Namespace(log_base=None, log_level=None, verb_name='build', build_base='build', install_base='install', merge_install=False, symlink_install=True, test_result_base=None, continue_on_error=False, executor='parallel', parallel_workers=2, event_handlers=None, ignore_user_meta=False, metas=['./colcon.meta'], base_paths=['.'], packages_ignore=None, packages_ignore_regex=None, paths=None, packages_up_to=None, packages_up_to_regex=None, packages_above=None, packages_above_and_dependencies=None, packages_above_depth=None, packages_select_by_dep=None, packages_skip_by_dep=None, packages_skip_up_to=None, packages_select_build_failed=False, packages_skip_build_finished=False, packages_select_test_failures=False, packages_skip_test_passed=False, packages_select=None, packages_skip=None, packages_select_regex=None, packages_skip_regex=None, packages_start=None, packages_end=None, allow_overriding=[], cmake_args=None, cmake_target=None, cmake_target_skip_unavailable=False, cmake_clean_cache=False, cmake_clean_first=False, cmake_force_configure=False, ament_cmake_args=None, catkin_cmake_args=None, catkin_skip_building_tests=False, verb_parser=<colcon_defaults.argument_parser.defaults.DefaultArgumentsDecorator object at 0x77f857f48c70>, verb_extension=<colcon_core.verb.build.BuildVerb object at 0x77f858042080>, main=<bound method BuildVerb.main of <colcon_core.verb.build.BuildVerb object at 0x77f858042080>>)
[2.772s] Level 1:colcon.colcon_core.package_discovery:discover_packages(colcon_meta) check parameters
[2.772s] Level 1:colcon.colcon_core.package_discovery:discover_packages(recursive) check parameters
[2.773s] Level 1:colcon.colcon_core.package_discovery:discover_packages(ignore) check parameters
[2.773s] Level 1:colcon.colcon_core.package_discovery:discover_packages(path) check parameters
[2.773s] Level 1:colcon.colcon_core.package_discovery:discover_packages(colcon_meta) discover
[2.773s] Level 1:colcon.colcon_core.package_discovery:discover_packages(recursive) discover
[2.774s] INFO:colcon.colcon_core.package_discovery:Crawling recursively for packages in '/home/danivm/ros2_ws'
[2.774s] Level 1:colcon.colcon_core.package_identification:_identify(.) by extensions ['ignore', 'ignore_ament_install']
[2.775s] Level 1:colcon.colcon_core.package_identification:_identify(.) by extension 'ignore'
[2.775s] Level 1:colcon.colcon_core.package_identification:_identify(.) by extension 'ignore_ament_install'
[2.776s] Level 1:colcon.colcon_core.package_identification:_identify(.) by extensions ['colcon_pkg']
[2.776s] Level 1:colcon.colcon_core.package_identification:_identify(.) by extension 'colcon_pkg'
[2.776s] Level 1:colcon.colcon_core.package_identification:_identify(.) by extensions ['colcon_meta']
[2.776s] Level 1:colcon.colcon_core.package_identification:_identify(.) by extension 'colcon_meta'
[2.777s] Level 1:colcon.colcon_core.package_identification:_identify(.) by extensions ['ros']
[2.777s] Level 1:colcon.colcon_core.package_identification:_identify(.) by extension 'ros'
[2.827s] Level 1:colcon.colcon_core.package_identification:_identify(.) by extensions ['cmake', 'python']
[2.827s] Level 1:colcon.colcon_core.package_identification:_identify(.) by extension 'cmake'
[2.828s] Level 1:colcon.colcon_core.package_identification:_identify(.) by extension 'python'
[2.828s] Level 1:colcon.colcon_core.package_identification:_identify(.) by extensions ['python_setup_py']
[2.828s] Level 1:colcon.colcon_core.package_identification:_identify(.) by extension 'python_setup_py'
[2.830s] Level 1:colcon.colcon_core.package_identification:_identify(build) by extensions ['ignore', 'ignore_ament_install']
[2.830s] Level 1:colcon.colcon_core.package_identification:_identify(build) by extension 'ignore'
[2.830s] Level 1:colcon.colcon_core.package_identification:_identify(build) ignored
[2.837s] Level 1:colcon.colcon_core.package_identification:_identify(install) by extensions ['ignore', 'ignore_ament_install']
[2.837s] Level 1:colcon.colcon_core.package_identification:_identify(install) by extension 'ignore'
[2.838s] Level 1:colcon.colcon_core.package_identification:_identify(install) ignored
[2.838s] Level 1:colcon.colcon_core.package_identification:_identify(log) by extensions ['ignore', 'ignore_ament_install']
[2.839s] Level 1:colcon.colcon_core.package_identification:_identify(log) by extension 'ignore'
[2.839s] Level 1:colcon.colcon_core.package_identification:_identify(log) ignored
[2.839s] Level 1:colcon.colcon_core.package_identification:_identify(src) by extensions ['ignore', 'ignore_ament_install']
[2.840s] Level 1:colcon.colcon_core.package_identification:_identify(src) by extension 'ignore'
[2.840s] Level 1:colcon.colcon_core.package_identification:_identify(src) by extension 'ignore_ament_install'
[2.840s] Level 1:colcon.colcon_core.package_identification:_identify(src) by extensions ['colcon_pkg']
[2.840s] Level 1:colcon.colcon_core.package_identification:_identify(src) by extension 'colcon_pkg'
[2.840s] Level 1:colcon.colcon_core.package_identification:_identify(src) by extensions ['colcon_meta']
[2.841s] Level 1:colcon.colcon_core.package_identification:_identify(src) by extension 'colcon_meta'
[2.841s] Level 1:colcon.colcon_core.package_identification:_identify(src) by extensions ['ros']
[2.841s] Level 1:colcon.colcon_core.package_identification:_identify(src) by extension 'ros'
[2.842s] Level 1:colcon.colcon_core.package_identification:_identify(src) by extensions ['cmake', 'python']
[2.842s] Level 1:colcon.colcon_core.package_identification:_identify(src) by extension 'cmake'
[2.842s] Level 1:colcon.colcon_core.package_identification:_identify(src) by extension 'python'
[2.842s] Level 1:colcon.colcon_core.package_identification:_identify(src) by extensions ['python_setup_py']
[2.842s] Level 1:colcon.colcon_core.package_identification:_identify(src) by extension 'python_setup_py'
[2.843s] Level 1:colcon.colcon_core.package_identification:_identify(src/my_robot_bringup) by extensions ['ignore', 'ignore_ament_install']
[2.843s] Level 1:colcon.colcon_core.package_identification:_identify(src/my_robot_bringup) by extension 'ignore'
[2.843s] Level 1:colcon.colcon_core.package_identification:_identify(src/my_robot_bringup) by extension 'ignore_ament_install'
[2.843s] Level 1:colcon.colcon_core.package_identification:_identify(src/my_robot_bringup) by extensions ['colcon_pkg']
[2.844s] Level 1:colcon.colcon_core.package_identification:_identify(src/my_robot_bringup) by extension 'colcon_pkg'
[2.844s] Level 1:colcon.colcon_core.package_identification:_identify(src/my_robot_bringup) by extensions ['colcon_meta']
[2.844s] Level 1:colcon.colcon_core.package_identification:_identify(src/my_robot_bringup) by extension 'colcon_meta'
[2.844s] Level 1:colcon.colcon_core.package_identification:_identify(src/my_robot_bringup) by extensions ['ros']
[2.844s] Level 1:colcon.colcon_core.package_identification:_identify(src/my_robot_bringup) by extension 'ros'
[2.858s] DEBUG:colcon.colcon_core.package_identification:Package 'src/my_robot_bringup' with type 'ros.ament_cmake' and name 'my_robot_bringup'
[2.859s] Level 1:colcon.colcon_core.package_identification:_identify(src/my_robot_controller) by extensions ['ignore', 'ignore_ament_install']
[2.859s] Level 1:colcon.colcon_core.package_identification:_identify(src/my_robot_controller) by extension 'ignore'
[2.860s] Level 1:colcon.colcon_core.package_identification:_identify(src/my_robot_controller) by extension 'ignore_ament_install'
[2.860s] Level 1:colcon.colcon_core.package_identification:_identify(src/my_robot_controller) by extensions ['colcon_pkg']
[2.860s] Level 1:colcon.colcon_core.package_identification:_identify(src/my_robot_controller) by extension 'colcon_pkg'
[2.861s] Level 1:colcon.colcon_core.package_identification:_identify(src/my_robot_controller) by extensions ['colcon_meta']
[2.861s] Level 1:colcon.colcon_core.package_identification:_identify(src/my_robot_controller) by extension 'colcon_meta'
[2.861s] Level 1:colcon.colcon_core.package_identification:_identify(src/my_robot_controller) by extensions ['ros']
[2.861s] Level 1:colcon.colcon_core.package_identification:_identify(src/my_robot_controller) by extension 'ros'
[2.865s] DEBUG:colcon.colcon_core.package_identification:Package 'src/my_robot_controller' with type 'ros.ament_python' and name 'my_robot_controller'
[2.866s] Level 1:colcon.colcon_core.package_identification:_identify(src/my_robot_description) by extensions ['ignore', 'ignore_ament_install']
[2.867s] Level 1:colcon.colcon_core.package_identification:_identify(src/my_robot_description) by extension 'ignore'
[2.867s] Level 1:colcon.colcon_core.package_identification:_identify(src/my_robot_description) by extension 'ignore_ament_install'
[2.868s] Level 1:colcon.colcon_core.package_identification:_identify(src/my_robot_description) by extensions ['colcon_pkg']
[2.868s] Level 1:colcon.colcon_core.package_identification:_identify(src/my_robot_description) by extension 'colcon_pkg'
[2.868s] Level 1:colcon.colcon_core.package_identification:_identify(src/my_robot_description) by extensions ['colcon_meta']
[2.868s] Level 1:colcon.colcon_core.package_identification:_identify(src/my_robot_description) by extension 'colcon_meta'
[2.869s] Level 1:colcon.colcon_core.package_identification:_identify(src/my_robot_description) by extensions ['ros']
[2.869s] Level 1:colcon.colcon_core.package_identification:_identify(src/my_robot_description) by extension 'ros'
[2.872s] DEBUG:colcon.colcon_core.package_identification:Package 'src/my_robot_description' with type 'ros.ament_cmake' and name 'my_robot_description'
[2.872s] Level 1:colcon.colcon_core.package_discovery:discover_packages(recursive) using defaults
[2.872s] Level 1:colcon.colcon_core.package_discovery:discover_packages(ignore) discover
[2.873s] Level 1:colcon.colcon_core.package_discovery:discover_packages(ignore) using defaults
[2.873s] Level 1:colcon.colcon_core.package_discovery:discover_packages(path) discover
[2.873s] Level 1:colcon.colcon_core.package_discovery:discover_packages(path) using defaults
[2.993s] Level 1:colcon.colcon_core.package_discovery:discover_packages(prefix_path) check parameters
[2.993s] Level 1:colcon.colcon_core.package_discovery:discover_packages(prefix_path) discover
[3.017s] DEBUG:colcon.colcon_installed_package_information.package_discovery:Found 2 installed packages in /home/danivm/ros2_ws/install
[3.031s] DEBUG:colcon.colcon_installed_package_information.package_discovery:Found 320 installed packages in /opt/ros/humble
[3.069s] Level 1:colcon.colcon_core.package_discovery:discover_packages(prefix_path) using defaults
[3.637s] Level 5:colcon.colcon_core.verb:set package 'my_robot_controller' build argument 'cmake_args' from command line to 'None'
[3.638s] Level 5:colcon.colcon_core.verb:set package 'my_robot_controller' build argument 'cmake_target' from command line to 'None'
[3.640s] Level 5:colcon.colcon_core.verb:set package 'my_robot_controller' build argument 'cmake_target_skip_unavailable' from command line to 'False'
[3.640s] Level 5:colcon.colcon_core.verb:set package 'my_robot_controller' build argument 'cmake_clean_cache' from command line to 'False'
[3.640s] Level 5:colcon.colcon_core.verb:set package 'my_robot_controller' build argument 'cmake_clean_first' from command line to 'False'
[3.641s] Level 5:colcon.colcon_core.verb:set package 'my_robot_controller' build argument 'cmake_force_configure' from command line to 'False'
[3.641s] Level 5:colcon.colcon_core.verb:set package 'my_robot_controller' build argument 'ament_cmake_args' from command line to 'None'
[3.641s] Level 5:colcon.colcon_core.verb:set package 'my_robot_controller' build argument 'catkin_cmake_args' from command line to 'None'
[3.641s] Level 5:colcon.colcon_core.verb:set package 'my_robot_controller' build argument 'catkin_skip_building_tests' from command line to 'False'
[3.641s] DEBUG:colcon.colcon_core.verb:Building package 'my_robot_controller' with the following arguments: {'ament_cmake_args': None, 'build_base': '/home/danivm/ros2_ws/build/my_robot_controller', 'catkin_cmake_args': None, 'catkin_skip_building_tests': False, 'cmake_args': None, 'cmake_clean_cache': False, 'cmake_clean_first': False, 'cmake_force_configure': False, 'cmake_target': None, 'cmake_target_skip_unavailable': False, 'install_base': '/home/danivm/ros2_ws/install/my_robot_controller', 'merge_install': False, 'path': '/home/danivm/ros2_ws/src/my_robot_controller', 'symlink_install': True, 'test_result_base': None}
[3.643s] Level 5:colcon.colcon_core.verb:set package 'my_robot_description' build argument 'cmake_args' from command line to 'None'
[3.643s] Level 5:colcon.colcon_core.verb:set package 'my_robot_description' build argument 'cmake_target' from command line to 'None'
[3.643s] Level 5:colcon.colcon_core.verb:set package 'my_robot_description' build argument 'cmake_target_skip_unavailable' from command line to 'False'
[3.643s] Level 5:colcon.colcon_core.verb:set package 'my_robot_description' build argument 'cmake_clean_cache' from command line to 'False'
[3.643s] Level 5:colcon.colcon_core.verb:set package 'my_robot_description' build argument 'cmake_clean_first' from command line to 'False'
[3.643s] Level 5:colcon.colcon_core.verb:set package 'my_robot_description' build argument 'cmake_force_configure' from command line to 'False'
[3.643s] Level 5:colcon.colcon_core.verb:set package 'my_robot_description' build argument 'ament_cmake_args' from command line to 'None'
[3.644s] Level 5:colcon.colcon_core.verb:set package 'my_robot_description' build argument 'catkin_cmake_args' from command line to 'None'
[3.644s] Level 5:colcon.colcon_core.verb:set package 'my_robot_description' build argument 'catkin_skip_building_tests' from command line to 'False'
[3.644s] DEBUG:colcon.colcon_core.verb:Building package 'my_robot_description' with the following arguments: {'ament_cmake_args': None, 'build_base': '/home/danivm/ros2_ws/build/my_robot_description', 'catkin_cmake_args': None, 'catkin_skip_building_tests': False, 'cmake_args': None, 'cmake_clean_cache': False, 'cmake_clean_first': False, 'cmake_force_configure': False, 'cmake_target': None, 'cmake_target_skip_unavailable': False, 'install_base': '/home/danivm/ros2_ws/install/my_robot_description', 'merge_install': False, 'path': '/home/danivm/ros2_ws/src/my_robot_description', 'symlink_install': True, 'test_result_base': None}
[3.645s] Level 5:colcon.colcon_core.verb:set package 'my_robot_bringup' build argument 'cmake_args' from command line to 'None'
[3.645s] Level 5:colcon.colcon_core.verb:set package 'my_robot_bringup' build argument 'cmake_target' from command line to 'None'
[3.645s] Level 5:colcon.colcon_core.verb:set package 'my_robot_bringup' build argument 'cmake_target_skip_unavailable' from command line to 'False'
[3.645s] Level 5:colcon.colcon_core.verb:set package 'my_robot_bringup' build argument 'cmake_clean_cache' from command line to 'False'
[3.645s] Level 5:colcon.colcon_core.verb:set package 'my_robot_bringup' build argument 'cmake_clean_first' from command line to 'False'
[3.646s] Level 5:colcon.colcon_core.verb:set package 'my_robot_bringup' build argument 'cmake_force_configure' from command line to 'False'
[3.646s] Level 5:colcon.colcon_core.verb:set package 'my_robot_bringup' build argument 'ament_cmake_args' from command line to 'None'
[3.646s] Level 5:colcon.colcon_core.verb:set package 'my_robot_bringup' build argument 'catkin_cmake_args' from command line to 'None'
[3.646s] Level 5:colcon.colcon_core.verb:set package 'my_robot_bringup' build argument 'catkin_skip_building_tests' from command line to 'False'
[3.646s] DEBUG:colcon.colcon_core.verb:Building package 'my_robot_bringup' with the following arguments: {'ament_cmake_args': None, 'build_base': '/home/danivm/ros2_ws/build/my_robot_bringup', 'catkin_cmake_args': None, 'catkin_skip_building_tests': False, 'cmake_args': None, 'cmake_clean_cache': False, 'cmake_clean_first': False, 'cmake_force_configure': False, 'cmake_target': None, 'cmake_target_skip_unavailable': False, 'install_base': '/home/danivm/ros2_ws/install/my_robot_bringup', 'merge_install': False, 'path': '/home/danivm/ros2_ws/src/my_robot_bringup', 'symlink_install': True, 'test_result_base': None}
[3.647s] INFO:colcon.colcon_core.executor:Executing jobs using 'parallel' executor
[3.651s] DEBUG:colcon.colcon_parallel_executor.executor.parallel:run_until_complete
[3.655s] INFO:colcon.colcon_ros.task.ament_cmake.build:Building ROS package in '/home/danivm/ros2_ws/src/my_robot_description' with build type 'ament_cmake'
[3.657s] INFO:colcon.colcon_cmake.task.cmake.build:Building CMake package in '/home/danivm/ros2_ws/src/my_robot_description'
[3.700s] INFO:colcon.colcon_core.plugin_system:Skipping extension 'colcon_core.shell.bat': Not used on non-Windows systems
[3.701s] INFO:colcon.colcon_core.shell:Skip shell extension 'powershell' for command environment: Not usable outside of PowerShell
[3.701s] DEBUG:colcon.colcon_core.shell:Skip shell extension 'dsv' for command environment
[3.730s] INFO:colcon.colcon_ros.task.ament_python.build:Building ROS package in '/home/danivm/ros2_ws/src/my_robot_controller' with build type 'ament_python'
[3.731s] Level 1:colcon.colcon_core.shell:create_environment_hook('my_robot_controller', 'ament_prefix_path')
[3.732s] INFO:colcon.colcon_core.shell:Creating environment hook '/home/danivm/ros2_ws/install/my_robot_controller/share/my_robot_controller/hook/ament_prefix_path.ps1'
[3.738s] INFO:colcon.colcon_core.shell:Creating environment descriptor '/home/danivm/ros2_ws/install/my_robot_controller/share/my_robot_controller/hook/ament_prefix_path.dsv'
[3.742s] INFO:colcon.colcon_core.shell:Creating environment hook '/home/danivm/ros2_ws/install/my_robot_controller/share/my_robot_controller/hook/ament_prefix_path.sh'
[3.747s] INFO:colcon.colcon_core.shell:Skip shell extension 'powershell' for command environment: Not usable outside of PowerShell
[3.748s] DEBUG:colcon.colcon_core.shell:Skip shell extension 'dsv' for command environment
[3.850s] DEBUG:colcon.colcon_core.event_handler.log_command:Invoking command in '/home/danivm/ros2_ws/build/my_robot_description': CMAKE_PREFIX_PATH=${CMAKE_PREFIX_PATH}:/home/danivm/ros2_ws/install/my_robot_controller:/opt/ros/humble /usr/bin/cmake --build /home/danivm/ros2_ws/build/my_robot_description -- -j2 -l2
[5.451s] INFO:colcon.colcon_core.task.python.build:Building Python package in '/home/danivm/ros2_ws/src/my_robot_controller'
[5.452s] INFO:colcon.colcon_core.shell:Skip shell extension 'powershell' for command environment: Not usable outside of PowerShell
[5.452s] DEBUG:colcon.colcon_core.shell:Skip shell extension 'dsv' for command environment
[5.492s] DEBUG:colcon.colcon_core.event_handler.log_command:Invoked command in '/home/danivm/ros2_ws/build/my_robot_description' returned '0': CMAKE_PREFIX_PATH=${CMAKE_PREFIX_PATH}:/home/danivm/ros2_ws/install/my_robot_controller:/opt/ros/humble /usr/bin/cmake --build /home/danivm/ros2_ws/build/my_robot_description -- -j2 -l2
[5.625s] DEBUG:colcon.colcon_core.event_handler.log_command:Invoking command in '/home/danivm/ros2_ws/build/my_robot_description': CMAKE_PREFIX_PATH=${CMAKE_PREFIX_PATH}:/home/danivm/ros2_ws/install/my_robot_controller:/opt/ros/humble /usr/bin/cmake --install /home/danivm/ros2_ws/build/my_robot_description
[6.055s] Level 1:colcon.colcon_core.environment:create_environment_scripts_only(my_robot_description)
[6.064s] DEBUG:colcon.colcon_core.event_handler.log_command:Invoked command in '/home/danivm/ros2_ws/build/my_robot_description' returned '0': CMAKE_PREFIX_PATH=${CMAKE_PREFIX_PATH}:/home/danivm/ros2_ws/install/my_robot_controller:/opt/ros/humble /usr/bin/cmake --install /home/danivm/ros2_ws/build/my_robot_description
[6.149s] Level 1:colcon.colcon_core.environment:checking '/home/danivm/ros2_ws/install/my_robot_description' for CMake module files
[6.160s] Level 1:colcon.colcon_core.environment:checking '/home/danivm/ros2_ws/install/my_robot_description' for CMake config files
[6.176s] Level 1:colcon.colcon_core.shell:create_environment_hook('my_robot_description', 'cmake_prefix_path')
[6.181s] INFO:colcon.colcon_core.shell:Creating environment hook '/home/danivm/ros2_ws/install/my_robot_description/share/my_robot_description/hook/cmake_prefix_path.ps1'
[6.188s] INFO:colcon.colcon_core.shell:Creating environment descriptor '/home/danivm/ros2_ws/install/my_robot_description/share/my_robot_description/hook/cmake_prefix_path.dsv'
[6.197s] INFO:colcon.colcon_core.shell:Creating environment hook '/home/danivm/ros2_ws/install/my_robot_description/share/my_robot_description/hook/cmake_prefix_path.sh'
[6.206s] Level 1:colcon.colcon_core.environment:checking '/home/danivm/ros2_ws/install/my_robot_description/bin'
[6.206s] Level 1:colcon.colcon_core.environment:checking '/home/danivm/ros2_ws/install/my_robot_description/lib/pkgconfig/my_robot_description.pc'
[6.212s] Level 1:colcon.colcon_core.environment:checking '/home/danivm/ros2_ws/install/my_robot_description/lib/python3.10/site-packages'
[6.212s] Level 1:colcon.colcon_core.environment:checking '/home/danivm/ros2_ws/install/my_robot_description/bin'
[6.215s] INFO:colcon.colcon_core.shell:Creating package script '/home/danivm/ros2_ws/install/my_robot_description/share/my_robot_description/package.ps1'
[6.231s] INFO:colcon.colcon_core.shell:Creating package descriptor '/home/danivm/ros2_ws/install/my_robot_description/share/my_robot_description/package.dsv'
[6.237s] INFO:colcon.colcon_core.shell:Creating package script '/home/danivm/ros2_ws/install/my_robot_description/share/my_robot_description/package.sh'
[6.258s] INFO:colcon.colcon_core.shell:Creating package script '/home/danivm/ros2_ws/install/my_robot_description/share/my_robot_description/package.bash'
[6.265s] INFO:colcon.colcon_core.shell:Creating package script '/home/danivm/ros2_ws/install/my_robot_description/share/my_robot_description/package.zsh'
[6.269s] Level 1:colcon.colcon_core.environment:create_file_with_runtime_dependencies(/home/danivm/ros2_ws/install/my_robot_description/share/colcon-core/packages/my_robot_description)
[6.273s] Level 1:colcon.colcon_core.environment:create_environment_scripts_only(my_robot_description)
[6.273s] Level 1:colcon.colcon_core.environment:checking '/home/danivm/ros2_ws/install/my_robot_description' for CMake module files
[6.277s] Level 1:colcon.colcon_core.environment:checking '/home/danivm/ros2_ws/install/my_robot_description' for CMake config files
[6.279s] Level 1:colcon.colcon_core.shell:create_environment_hook('my_robot_description', 'cmake_prefix_path')
[6.280s] INFO:colcon.colcon_core.shell:Creating environment hook '/home/danivm/ros2_ws/install/my_robot_description/share/my_robot_description/hook/cmake_prefix_path.ps1'
[6.285s] INFO:colcon.colcon_core.shell:Creating environment descriptor '/home/danivm/ros2_ws/install/my_robot_description/share/my_robot_description/hook/cmake_prefix_path.dsv'
[6.291s] INFO:colcon.colcon_core.shell:Creating environment hook '/home/danivm/ros2_ws/install/my_robot_description/share/my_robot_description/hook/cmake_prefix_path.sh'
[6.299s] Level 1:colcon.colcon_core.environment:checking '/home/danivm/ros2_ws/install/my_robot_description/bin'
[6.301s] Level 1:colcon.colcon_core.environment:checking '/home/danivm/ros2_ws/install/my_robot_description/lib/pkgconfig/my_robot_description.pc'
[6.304s] Level 1:colcon.colcon_core.environment:checking '/home/danivm/ros2_ws/install/my_robot_description/lib/python3.10/site-packages'
[6.305s] Level 1:colcon.colcon_core.environment:checking '/home/danivm/ros2_ws/install/my_robot_description/bin'
[6.306s] INFO:colcon.colcon_core.shell:Creating package script '/home/danivm/ros2_ws/install/my_robot_description/share/my_robot_description/package.ps1'
[6.314s] INFO:colcon.colcon_core.shell:Creating package descriptor '/home/danivm/ros2_ws/install/my_robot_description/share/my_robot_description/package.dsv'
[6.321s] INFO:colcon.colcon_core.shell:Creating package script '/home/danivm/ros2_ws/install/my_robot_description/share/my_robot_description/package.sh'
[6.324s] INFO:colcon.colcon_core.shell:Creating package script '/home/danivm/ros2_ws/install/my_robot_description/share/my_robot_description/package.bash'
[6.327s] INFO:colcon.colcon_core.shell:Creating package script '/home/danivm/ros2_ws/install/my_robot_description/share/my_robot_description/package.zsh'
[6.332s] Level 1:colcon.colcon_core.environment:create_file_with_runtime_dependencies(/home/danivm/ros2_ws/install/my_robot_description/share/colcon-core/packages/my_robot_description)
[6.338s] INFO:colcon.colcon_ros.task.ament_cmake.build:Building ROS package in '/home/danivm/ros2_ws/src/my_robot_bringup' with build type 'ament_cmake'
[6.343s] INFO:colcon.colcon_cmake.task.cmake.build:Building CMake package in '/home/danivm/ros2_ws/src/my_robot_bringup'
[6.345s] INFO:colcon.colcon_core.shell:Skip shell extension 'powershell' for command environment: Not usable outside of PowerShell
[6.345s] DEBUG:colcon.colcon_core.shell:Skip shell extension 'dsv' for command environment
[6.474s] DEBUG:colcon.colcon_core.event_handler.log_command:Invoking command in '/home/danivm/ros2_ws/build/my_robot_bringup': CMAKE_PREFIX_PATH=${CMAKE_PREFIX_PATH}:/home/danivm/ros2_ws/install/my_robot_controller:/opt/ros/humble /usr/bin/cmake /home/danivm/ros2_ws/src/my_robot_bringup -DAMENT_CMAKE_SYMLINK_INSTALL=1 -DCMAKE_INSTALL_PREFIX=/home/danivm/ros2_ws/install/my_robot_bringup
[9.524s] DEBUG:colcon.colcon_core.event_handler.log_command:Invoking command in '/home/danivm/ros2_ws/build/my_robot_controller': PYTHONPATH=/home/danivm/ros2_ws/build/my_robot_controller/prefix_override:/usr/lib/python3/dist-packages/colcon_core/task/python/colcon_distutils_commands:/home/danivm/ros2_ws/install/my_robot_controller/lib/python3.10/site-packages:${PYTHONPATH} /usr/bin/python3 -W ignore:setup.py install is deprecated -W ignore:easy_install command is deprecated setup.py develop --editable --build-directory /home/danivm/ros2_ws/build/my_robot_controller/build --no-deps symlink_data
[14.459s] Level 1:colcon.colcon_core.shell:create_environment_hook('my_robot_controller', 'pythonpath_develop')
[14.461s] DEBUG:colcon.colcon_core.event_handler.log_command:Invoked command in '/home/danivm/ros2_ws/build/my_robot_controller' returned '0': PYTHONPATH=/home/danivm/ros2_ws/build/my_robot_controller/prefix_override:/usr/lib/python3/dist-packages/colcon_core/task/python/colcon_distutils_commands:/home/danivm/ros2_ws/install/my_robot_controller/lib/python3.10/site-packages:${PYTHONPATH} /usr/bin/python3 -W ignore:setup.py install is deprecated -W ignore:easy_install command is deprecated setup.py develop --editable --build-directory /home/danivm/ros2_ws/build/my_robot_controller/build --no-deps symlink_data
[14.462s] INFO:colcon.colcon_core.shell:Creating environment hook '/home/danivm/ros2_ws/build/my_robot_controller/share/my_robot_controller/hook/pythonpath_develop.ps1'
[14.482s] INFO:colcon.colcon_core.shell:Creating environment descriptor '/home/danivm/ros2_ws/build/my_robot_controller/share/my_robot_controller/hook/pythonpath_develop.dsv'
[14.492s] INFO:colcon.colcon_core.shell:Creating environment hook '/home/danivm/ros2_ws/build/my_robot_controller/share/my_robot_controller/hook/pythonpath_develop.sh'
[14.499s] Level 1:colcon.colcon_core.environment:checking '/home/danivm/ros2_ws/install/my_robot_controller' for CMake module files
[14.502s] Level 1:colcon.colcon_core.environment:checking '/home/danivm/ros2_ws/install/my_robot_controller' for CMake config files
[14.510s] Level 1:colcon.colcon_core.environment:checking '/home/danivm/ros2_ws/install/my_robot_controller/lib'
[14.511s] Level 1:colcon.colcon_core.environment:checking '/home/danivm/ros2_ws/install/my_robot_controller/bin'
[14.512s] Level 1:colcon.colcon_core.environment:checking '/home/danivm/ros2_ws/install/my_robot_controller/lib/pkgconfig/my_robot_controller.pc'
[14.513s] Level 1:colcon.colcon_core.environment:checking '/home/danivm/ros2_ws/install/my_robot_controller/lib/python3.10/site-packages'
[14.513s] Level 1:colcon.colcon_core.shell:create_environment_hook('my_robot_controller', 'pythonpath')
[14.515s] INFO:colcon.colcon_core.shell:Creating environment hook '/home/danivm/ros2_ws/install/my_robot_controller/share/my_robot_controller/hook/pythonpath.ps1'
[14.517s] INFO:colcon.colcon_core.shell:Creating environment descriptor '/home/danivm/ros2_ws/install/my_robot_controller/share/my_robot_controller/hook/pythonpath.dsv'
[14.521s] INFO:colcon.colcon_core.shell:Creating environment hook '/home/danivm/ros2_ws/install/my_robot_controller/share/my_robot_controller/hook/pythonpath.sh'
[14.525s] Level 1:colcon.colcon_core.environment:checking '/home/danivm/ros2_ws/install/my_robot_controller/bin'
[14.525s] Level 1:colcon.colcon_core.environment:create_environment_scripts_only(my_robot_controller)
[14.527s] INFO:colcon.colcon_core.shell:Creating package script '/home/danivm/ros2_ws/install/my_robot_controller/share/my_robot_controller/package.ps1'
[14.532s] INFO:colcon.colcon_core.shell:Creating package descriptor '/home/danivm/ros2_ws/install/my_robot_controller/share/my_robot_controller/package.dsv'
[14.535s] INFO:colcon.colcon_core.shell:Creating package script '/home/danivm/ros2_ws/install/my_robot_controller/share/my_robot_controller/package.sh'
[14.542s] INFO:colcon.colcon_core.shell:Creating package script '/home/danivm/ros2_ws/install/my_robot_controller/share/my_robot_controller/package.bash'
[14.553s] INFO:colcon.colcon_core.shell:Creating package script '/home/danivm/ros2_ws/install/my_robot_controller/share/my_robot_controller/package.zsh'
[14.557s] Level 1:colcon.colcon_core.environment:create_file_with_runtime_dependencies(/home/danivm/ros2_ws/install/my_robot_controller/share/colcon-core/packages/my_robot_controller)
[15.225s] DEBUG:colcon.colcon_core.event_handler.log_command:Invoked command in '/home/danivm/ros2_ws/build/my_robot_bringup' returned '0': CMAKE_PREFIX_PATH=${CMAKE_PREFIX_PATH}:/home/danivm/ros2_ws/install/my_robot_controller:/opt/ros/humble /usr/bin/cmake /home/danivm/ros2_ws/src/my_robot_bringup -DAMENT_CMAKE_SYMLINK_INSTALL=1 -DCMAKE_INSTALL_PREFIX=/home/danivm/ros2_ws/install/my_robot_bringup
[15.229s] DEBUG:colcon.colcon_core.event_handler.log_command:Invoking command in '/home/danivm/ros2_ws/build/my_robot_bringup': CMAKE_PREFIX_PATH=${CMAKE_PREFIX_PATH}:/home/danivm/ros2_ws/install/my_robot_controller:/opt/ros/humble /usr/bin/cmake --build /home/danivm/ros2_ws/build/my_robot_bringup -- -j2 -l2
[15.798s] DEBUG:colcon.colcon_core.event_handler.log_command:Invoked command in '/home/danivm/ros2_ws/build/my_robot_bringup' returned '0': CMAKE_PREFIX_PATH=${CMAKE_PREFIX_PATH}:/home/danivm/ros2_ws/install/my_robot_controller:/opt/ros/humble /usr/bin/cmake --build /home/danivm/ros2_ws/build/my_robot_bringup -- -j2 -l2
[15.811s] DEBUG:colcon.colcon_core.event_handler.log_command:Invoking command in '/home/danivm/ros2_ws/build/my_robot_bringup': CMAKE_PREFIX_PATH=${CMAKE_PREFIX_PATH}:/home/danivm/ros2_ws/install/my_robot_controller:/opt/ros/humble /usr/bin/cmake --install /home/danivm/ros2_ws/build/my_robot_bringup
[17.323s] Level 1:colcon.colcon_core.environment:create_environment_scripts_only(my_robot_bringup)
[17.324s] Level 1:colcon.colcon_core.environment:checking '/home/danivm/ros2_ws/install/my_robot_bringup' for CMake module files
[17.326s] DEBUG:colcon.colcon_core.event_handler.log_command:Invoked command in '/home/danivm/ros2_ws/build/my_robot_bringup' returned '0': CMAKE_PREFIX_PATH=${CMAKE_PREFIX_PATH}:/home/danivm/ros2_ws/install/my_robot_controller:/opt/ros/humble /usr/bin/cmake --install /home/danivm/ros2_ws/build/my_robot_bringup
[17.329s] Level 1:colcon.colcon_core.environment:checking '/home/danivm/ros2_ws/install/my_robot_bringup' for CMake config files
[17.331s] Level 1:colcon.colcon_core.shell:create_environment_hook('my_robot_bringup', 'cmake_prefix_path')
[17.332s] INFO:colcon.colcon_core.shell:Creating environment hook '/home/danivm/ros2_ws/install/my_robot_bringup/share/my_robot_bringup/hook/cmake_prefix_path.ps1'
[17.336s] INFO:colcon.colcon_core.shell:Creating environment descriptor '/home/danivm/ros2_ws/install/my_robot_bringup/share/my_robot_bringup/hook/cmake_prefix_path.dsv'
[17.339s] INFO:colcon.colcon_core.shell:Creating environment hook '/home/danivm/ros2_ws/install/my_robot_bringup/share/my_robot_bringup/hook/cmake_prefix_path.sh'
[17.342s] Level 1:colcon.colcon_core.environment:checking '/home/danivm/ros2_ws/install/my_robot_bringup/bin'
[17.342s] Level 1:colcon.colcon_core.environment:checking '/home/danivm/ros2_ws/install/my_robot_bringup/lib/pkgconfig/my_robot_bringup.pc'
[17.343s] Level 1:colcon.colcon_core.environment:checking '/home/danivm/ros2_ws/install/my_robot_bringup/lib/python3.10/site-packages'
[17.345s] Level 1:colcon.colcon_core.environment:checking '/home/danivm/ros2_ws/install/my_robot_bringup/bin'
[17.346s] INFO:colcon.colcon_core.shell:Creating package script '/home/danivm/ros2_ws/install/my_robot_bringup/share/my_robot_bringup/package.ps1'
[17.350s] INFO:colcon.colcon_core.shell:Creating package descriptor '/home/danivm/ros2_ws/install/my_robot_bringup/share/my_robot_bringup/package.dsv'
[17.352s] INFO:colcon.colcon_core.shell:Creating package script '/home/danivm/ros2_ws/install/my_robot_bringup/share/my_robot_bringup/package.sh'
[17.354s] INFO:colcon.colcon_core.shell:Creating package script '/home/danivm/ros2_ws/install/my_robot_bringup/share/my_robot_bringup/package.bash'
[17.356s] INFO:colcon.colcon_core.shell:Creating package script '/home/danivm/ros2_ws/install/my_robot_bringup/share/my_robot_bringup/package.zsh'
[17.357s] Level 1:colcon.colcon_core.environment:create_file_with_runtime_dependencies(/home/danivm/ros2_ws/install/my_robot_bringup/share/colcon-core/packages/my_robot_bringup)
[17.360s] Level 1:colcon.colcon_core.environment:create_environment_scripts_only(my_robot_bringup)
[17.361s] Level 1:colcon.colcon_core.environment:checking '/home/danivm/ros2_ws/install/my_robot_bringup' for CMake module files
[17.363s] Level 1:colcon.colcon_core.environment:checking '/home/danivm/ros2_ws/install/my_robot_bringup' for CMake config files
[17.365s] Level 1:colcon.colcon_core.shell:create_environment_hook('my_robot_bringup', 'cmake_prefix_path')
[17.366s] INFO:colcon.colcon_core.shell:Creating environment hook '/home/danivm/ros2_ws/install/my_robot_bringup/share/my_robot_bringup/hook/cmake_prefix_path.ps1'
[17.369s] INFO:colcon.colcon_core.shell:Creating environment descriptor '/home/danivm/ros2_ws/install/my_robot_bringup/share/my_robot_bringup/hook/cmake_prefix_path.dsv'
[17.371s] INFO:colcon.colcon_core.shell:Creating environment hook '/home/danivm/ros2_ws/install/my_robot_bringup/share/my_robot_bringup/hook/cmake_prefix_path.sh'
[17.374s] Level 1:colcon.colcon_core.environment:checking '/home/danivm/ros2_ws/install/my_robot_bringup/bin'
[17.375s] Level 1:colcon.colcon_core.environment:checking '/home/danivm/ros2_ws/install/my_robot_bringup/lib/pkgconfig/my_robot_bringup.pc'
[17.376s] Level 1:colcon.colcon_core.environment:checking '/home/danivm/ros2_ws/install/my_robot_bringup/lib/python3.10/site-packages'
[17.376s] Level 1:colcon.colcon_core.environment:checking '/home/danivm/ros2_ws/install/my_robot_bringup/bin'
[17.377s] INFO:colcon.colcon_core.shell:Creating package script '/home/danivm/ros2_ws/install/my_robot_bringup/share/my_robot_bringup/package.ps1'
[17.379s] INFO:colcon.colcon_core.shell:Creating package descriptor '/home/danivm/ros2_ws/install/my_robot_bringup/share/my_robot_bringup/package.dsv'
[17.382s] INFO:colcon.colcon_core.shell:Creating package script '/home/danivm/ros2_ws/install/my_robot_bringup/share/my_robot_bringup/package.sh'
[17.385s] INFO:colcon.colcon_core.shell:Creating package script '/home/danivm/ros2_ws/install/my_robot_bringup/share/my_robot_bringup/package.bash'
[17.387s] INFO:colcon.colcon_core.shell:Creating package script '/home/danivm/ros2_ws/install/my_robot_bringup/share/my_robot_bringup/package.zsh'
[17.389s] Level 1:colcon.colcon_core.environment:create_file_with_runtime_dependencies(/home/danivm/ros2_ws/install/my_robot_bringup/share/colcon-core/packages/my_robot_bringup)
[17.391s] DEBUG:colcon.colcon_parallel_executor.executor.parallel:closing loop
[17.394s] DEBUG:colcon.colcon_parallel_executor.executor.parallel:loop closed
[17.394s] DEBUG:colcon.colcon_parallel_executor.executor.parallel:run_until_complete finished with '0'
[17.394s] DEBUG:colcon.colcon_core.event_reactor:joining thread
[17.463s] INFO:colcon.colcon_core.plugin_system:Skipping extension 'colcon_notification.desktop_notification.terminal_notifier': Not used on non-Darwin systems
[17.463s] INFO:colcon.colcon_core.plugin_system:Skipping extension 'colcon_notification.desktop_notification.win32': Not used on non-Windows systems
[17.464s] INFO:colcon.colcon_notification.desktop_notification:Sending desktop notification using 'notify2'
[17.575s] DEBUG:colcon.colcon_core.event_reactor:joined thread
[17.576s] INFO:colcon.colcon_core.shell:Creating prefix script '/home/danivm/ros2_ws/install/local_setup.ps1'
[17.582s] INFO:colcon.colcon_core.shell:Creating prefix util module '/home/danivm/ros2_ws/install/_local_setup_util_ps1.py'
[17.593s] INFO:colcon.colcon_core.shell:Creating prefix chain script '/home/danivm/ros2_ws/install/setup.ps1'
[17.601s] INFO:colcon.colcon_core.shell:Creating prefix script '/home/danivm/ros2_ws/install/local_setup.sh'
[17.605s] INFO:colcon.colcon_core.shell:Creating prefix util module '/home/danivm/ros2_ws/install/_local_setup_util_sh.py'
[17.608s] INFO:colcon.colcon_core.shell:Creating prefix chain script '/home/danivm/ros2_ws/install/setup.sh'
[17.619s] INFO:colcon.colcon_core.shell:Creating prefix script '/home/danivm/ros2_ws/install/local_setup.bash'
[17.624s] INFO:colcon.colcon_core.shell:Creating prefix chain script '/home/danivm/ros2_ws/install/setup.bash'
[17.629s] INFO:colcon.colcon_core.shell:Creating prefix script '/home/danivm/ros2_ws/install/local_setup.zsh'
[17.633s] INFO:colcon.colcon_core.shell:Creating prefix chain script '/home/danivm/ros2_ws/install/setup.zsh'
