[5.787s] Invoking command in '/home/danivm/ros2_ws/build/my_robot_controller': PYTHONPATH=/home/danivm/ros2_ws/build/my_robot_controller/prefix_override:/usr/lib/python3/dist-packages/colcon_core/task/python/colcon_distutils_commands:/home/danivm/ros2_ws/install/my_robot_controller/lib/python3.10/site-packages:${PYTHONPATH} /usr/bin/python3 -W ignore:setup.py install is deprecated -W ignore:easy_install command is deprecated setup.py develop --editable --build-directory /home/danivm/ros2_ws/build/my_robot_controller/build --no-deps symlink_data
[8.778s] running develop
[10.466s] running egg_info
[10.467s] writing my_robot_controller.egg-info/PKG-INFO
[10.478s] writing dependency_links to my_robot_controller.egg-info/dependency_links.txt
[10.482s] writing entry points to my_robot_controller.egg-info/entry_points.txt
[10.483s] writing requirements to my_robot_controller.egg-info/requires.txt
[10.486s] writing top-level names to my_robot_controller.egg-info/top_level.txt
[10.487s] reading manifest file 'my_robot_controller.egg-info/SOURCES.txt'
[10.489s] writing manifest file 'my_robot_controller.egg-info/SOURCES.txt'
[10.498s] running build_ext
[10.500s] Creating /home/danivm/ros2_ws/install/my_robot_controller/lib/python3.10/site-packages/my-robot-controller.egg-link (link to .)
[10.508s] Installing draw_circle script to /home/danivm/ros2_ws/install/my_robot_controller/lib/my_robot_controller
[10.509s] Installing pose_subscriber script to /home/danivm/ros2_ws/install/my_robot_controller/lib/my_robot_controller
[10.517s] Installing test_node script to /home/danivm/ros2_ws/install/my_robot_controller/lib/my_robot_controller
[10.519s] Installing turtle_controller script to /home/danivm/ros2_ws/install/my_robot_controller/lib/my_robot_controller
[10.519s] 
[10.522s] Installed /home/danivm/ros2_ws/build/my_robot_controller
[10.525s] running symlink_data
[10.728s] Invoked command in '/home/danivm/ros2_ws/build/my_robot_controller' returned '0': PYTHONPATH=/home/danivm/ros2_ws/build/my_robot_controller/prefix_override:/usr/lib/python3/dist-packages/colcon_core/task/python/colcon_distutils_commands:/home/danivm/ros2_ws/install/my_robot_controller/lib/python3.10/site-packages:${PYTHONPATH} /usr/bin/python3 -W ignore:setup.py install is deprecated -W ignore:easy_install command is deprecated setup.py develop --editable --build-directory /home/danivm/ros2_ws/build/my_robot_controller/build --no-deps symlink_data
