[0.772s] DEBUG:colcon:Command line arguments: ['/usr/bin/colcon', 'build']
[0.773s] DEBUG:colcon:Parsed command line arguments: Namespace(log_base=None, log_level=None, verb_name='build', build_base='build', install_base='install', merge_install=False, symlink_install=False, test_result_base=None, continue_on_error=False, executor='parallel', parallel_workers=2, event_handlers=None, ignore_user_meta=False, metas=['./colcon.meta'], base_paths=['.'], packages_ignore=None, packages_ignore_regex=None, paths=None, packages_up_to=None, packages_up_to_regex=None, packages_above=None, packages_above_and_dependencies=None, packages_above_depth=None, packages_select_by_dep=None, packages_skip_by_dep=None, packages_skip_up_to=None, packages_select_build_failed=False, packages_skip_build_finished=False, packages_select_test_failures=False, packages_skip_test_passed=False, packages_select=None, packages_skip=None, packages_select_regex=None, packages_skip_regex=None, packages_start=None, packages_end=None, allow_overriding=[], cmake_args=None, cmake_target=None, cmake_target_skip_unavailable=False, cmake_clean_cache=False, cmake_clean_first=False, cmake_force_configure=False, ament_cmake_args=None, catkin_cmake_args=None, catkin_skip_building_tests=False, verb_parser=<colcon_defaults.argument_parser.defaults.DefaultArgumentsDecorator object at 0x7aa008950430>, verb_extension=<colcon_core.verb.build.BuildVerb object at 0x7aa008a4d870>, main=<bound method BuildVerb.main of <colcon_core.verb.build.BuildVerb object at 0x7aa008a4d870>>)
[1.645s] Level 1:colcon.colcon_core.package_discovery:discover_packages(colcon_meta) check parameters
[1.645s] Level 1:colcon.colcon_core.package_discovery:discover_packages(recursive) check parameters
[1.646s] Level 1:colcon.colcon_core.package_discovery:discover_packages(ignore) check parameters
[1.646s] Level 1:colcon.colcon_core.package_discovery:discover_packages(path) check parameters
[1.647s] Level 1:colcon.colcon_core.package_discovery:discover_packages(colcon_meta) discover
[1.648s] Level 1:colcon.colcon_core.package_discovery:discover_packages(recursive) discover
[1.648s] INFO:colcon.colcon_core.package_discovery:Crawling recursively for packages in '/home/danivm/ros2_ws'
[1.650s] Level 1:colcon.colcon_core.package_identification:_identify(.) by extensions ['ignore', 'ignore_ament_install']
[1.650s] Level 1:colcon.colcon_core.package_identification:_identify(.) by extension 'ignore'
[1.650s] Level 1:colcon.colcon_core.package_identification:_identify(.) by extension 'ignore_ament_install'
[1.652s] Level 1:colcon.colcon_core.package_identification:_identify(.) by extensions ['colcon_pkg']
[1.652s] Level 1:colcon.colcon_core.package_identification:_identify(.) by extension 'colcon_pkg'
[1.652s] Level 1:colcon.colcon_core.package_identification:_identify(.) by extensions ['colcon_meta']
[1.652s] Level 1:colcon.colcon_core.package_identification:_identify(.) by extension 'colcon_meta'
[1.653s] Level 1:colcon.colcon_core.package_identification:_identify(.) by extensions ['ros']
[1.654s] Level 1:colcon.colcon_core.package_identification:_identify(.) by extension 'ros'
[1.712s] Level 1:colcon.colcon_core.package_identification:_identify(.) by extensions ['cmake', 'python']
[1.713s] Level 1:colcon.colcon_core.package_identification:_identify(.) by extension 'cmake'
[1.714s] Level 1:colcon.colcon_core.package_identification:_identify(.) by extension 'python'
[1.714s] Level 1:colcon.colcon_core.package_identification:_identify(.) by extensions ['python_setup_py']
[1.715s] Level 1:colcon.colcon_core.package_identification:_identify(.) by extension 'python_setup_py'
[1.716s] Level 1:colcon.colcon_core.package_identification:_identify(build) by extensions ['ignore', 'ignore_ament_install']
[1.717s] Level 1:colcon.colcon_core.package_identification:_identify(build) by extension 'ignore'
[1.717s] Level 1:colcon.colcon_core.package_identification:_identify(build) ignored
[1.718s] Level 1:colcon.colcon_core.package_identification:_identify(install) by extensions ['ignore', 'ignore_ament_install']
[1.718s] Level 1:colcon.colcon_core.package_identification:_identify(install) by extension 'ignore'
[1.718s] Level 1:colcon.colcon_core.package_identification:_identify(install) ignored
[1.719s] Level 1:colcon.colcon_core.package_identification:_identify(log) by extensions ['ignore', 'ignore_ament_install']
[1.719s] Level 1:colcon.colcon_core.package_identification:_identify(log) by extension 'ignore'
[1.719s] Level 1:colcon.colcon_core.package_identification:_identify(log) ignored
[1.720s] Level 1:colcon.colcon_core.package_identification:_identify(src) by extensions ['ignore', 'ignore_ament_install']
[1.721s] Level 1:colcon.colcon_core.package_identification:_identify(src) by extension 'ignore'
[1.721s] Level 1:colcon.colcon_core.package_identification:_identify(src) by extension 'ignore_ament_install'
[1.722s] Level 1:colcon.colcon_core.package_identification:_identify(src) by extensions ['colcon_pkg']
[1.723s] Level 1:colcon.colcon_core.package_identification:_identify(src) by extension 'colcon_pkg'
[1.723s] Level 1:colcon.colcon_core.package_identification:_identify(src) by extensions ['colcon_meta']
[1.723s] Level 1:colcon.colcon_core.package_identification:_identify(src) by extension 'colcon_meta'
[1.724s] Level 1:colcon.colcon_core.package_identification:_identify(src) by extensions ['ros']
[1.725s] Level 1:colcon.colcon_core.package_identification:_identify(src) by extension 'ros'
[1.726s] Level 1:colcon.colcon_core.package_identification:_identify(src) by extensions ['cmake', 'python']
[1.726s] Level 1:colcon.colcon_core.package_identification:_identify(src) by extension 'cmake'
[1.727s] Level 1:colcon.colcon_core.package_identification:_identify(src) by extension 'python'
[1.727s] Level 1:colcon.colcon_core.package_identification:_identify(src) by extensions ['python_setup_py']
[1.727s] Level 1:colcon.colcon_core.package_identification:_identify(src) by extension 'python_setup_py'
[1.729s] Level 1:colcon.colcon_core.package_identification:_identify(src/my_robot_controller) by extensions ['ignore', 'ignore_ament_install']
[1.729s] Level 1:colcon.colcon_core.package_identification:_identify(src/my_robot_controller) by extension 'ignore'
[1.730s] Level 1:colcon.colcon_core.package_identification:_identify(src/my_robot_controller) by extension 'ignore_ament_install'
[1.731s] Level 1:colcon.colcon_core.package_identification:_identify(src/my_robot_controller) by extensions ['colcon_pkg']
[1.731s] Level 1:colcon.colcon_core.package_identification:_identify(src/my_robot_controller) by extension 'colcon_pkg'
[1.731s] Level 1:colcon.colcon_core.package_identification:_identify(src/my_robot_controller) by extensions ['colcon_meta']
[1.732s] Level 1:colcon.colcon_core.package_identification:_identify(src/my_robot_controller) by extension 'colcon_meta'
[1.733s] Level 1:colcon.colcon_core.package_identification:_identify(src/my_robot_controller) by extensions ['ros']
[1.733s] Level 1:colcon.colcon_core.package_identification:_identify(src/my_robot_controller) by extension 'ros'
[1.746s] DEBUG:colcon.colcon_core.package_identification:Package 'src/my_robot_controller' with type 'ros.ament_python' and name 'my_robot_controller'
[1.749s] Level 1:colcon.colcon_core.package_identification:_identify(src/my_robot_description) by extensions ['ignore', 'ignore_ament_install']
[1.749s] Level 1:colcon.colcon_core.package_identification:_identify(src/my_robot_description) by extension 'ignore'
[1.750s] Level 1:colcon.colcon_core.package_identification:_identify(src/my_robot_description) by extension 'ignore_ament_install'
[1.751s] Level 1:colcon.colcon_core.package_identification:_identify(src/my_robot_description) by extensions ['colcon_pkg']
[1.751s] Level 1:colcon.colcon_core.package_identification:_identify(src/my_robot_description) by extension 'colcon_pkg'
[1.751s] Level 1:colcon.colcon_core.package_identification:_identify(src/my_robot_description) by extensions ['colcon_meta']
[1.751s] Level 1:colcon.colcon_core.package_identification:_identify(src/my_robot_description) by extension 'colcon_meta'
[1.752s] Level 1:colcon.colcon_core.package_identification:_identify(src/my_robot_description) by extensions ['ros']
[1.752s] Level 1:colcon.colcon_core.package_identification:_identify(src/my_robot_description) by extension 'ros'
[1.755s] DEBUG:colcon.colcon_core.package_identification:Package 'src/my_robot_description' with type 'ros.ament_cmake' and name 'my_robot_description'
[1.755s] Level 1:colcon.colcon_core.package_discovery:discover_packages(recursive) using defaults
[1.756s] Level 1:colcon.colcon_core.package_discovery:discover_packages(ignore) discover
[1.756s] Level 1:colcon.colcon_core.package_discovery:discover_packages(ignore) using defaults
[1.756s] Level 1:colcon.colcon_core.package_discovery:discover_packages(path) discover
[1.757s] Level 1:colcon.colcon_core.package_discovery:discover_packages(path) using defaults
[1.838s] Level 1:colcon.colcon_core.package_discovery:discover_packages(prefix_path) check parameters
[1.838s] Level 1:colcon.colcon_core.package_discovery:discover_packages(prefix_path) discover
[1.848s] DEBUG:colcon.colcon_installed_package_information.package_discovery:Found 1 installed packages in /home/danivm/ros2_ws/install
[1.856s] DEBUG:colcon.colcon_installed_package_information.package_discovery:Found 275 installed packages in /opt/ros/humble
[1.864s] Level 1:colcon.colcon_core.package_discovery:discover_packages(prefix_path) using defaults
[2.096s] Level 5:colcon.colcon_core.verb:set package 'my_robot_controller' build argument 'cmake_args' from command line to 'None'
[2.097s] Level 5:colcon.colcon_core.verb:set package 'my_robot_controller' build argument 'cmake_target' from command line to 'None'
[2.097s] Level 5:colcon.colcon_core.verb:set package 'my_robot_controller' build argument 'cmake_target_skip_unavailable' from command line to 'False'
[2.097s] Level 5:colcon.colcon_core.verb:set package 'my_robot_controller' build argument 'cmake_clean_cache' from command line to 'False'
[2.097s] Level 5:colcon.colcon_core.verb:set package 'my_robot_controller' build argument 'cmake_clean_first' from command line to 'False'
[2.097s] Level 5:colcon.colcon_core.verb:set package 'my_robot_controller' build argument 'cmake_force_configure' from command line to 'False'
[2.097s] Level 5:colcon.colcon_core.verb:set package 'my_robot_controller' build argument 'ament_cmake_args' from command line to 'None'
[2.097s] Level 5:colcon.colcon_core.verb:set package 'my_robot_controller' build argument 'catkin_cmake_args' from command line to 'None'
[2.097s] Level 5:colcon.colcon_core.verb:set package 'my_robot_controller' build argument 'catkin_skip_building_tests' from command line to 'False'
[2.098s] DEBUG:colcon.colcon_core.verb:Building package 'my_robot_controller' with the following arguments: {'ament_cmake_args': None, 'build_base': '/home/danivm/ros2_ws/build/my_robot_controller', 'catkin_cmake_args': None, 'catkin_skip_building_tests': False, 'cmake_args': None, 'cmake_clean_cache': False, 'cmake_clean_first': False, 'cmake_force_configure': False, 'cmake_target': None, 'cmake_target_skip_unavailable': False, 'install_base': '/home/danivm/ros2_ws/install/my_robot_controller', 'merge_install': False, 'path': '/home/danivm/ros2_ws/src/my_robot_controller', 'symlink_install': False, 'test_result_base': None}
[2.099s] Level 5:colcon.colcon_core.verb:set package 'my_robot_description' build argument 'cmake_args' from command line to 'None'
[2.099s] Level 5:colcon.colcon_core.verb:set package 'my_robot_description' build argument 'cmake_target' from command line to 'None'
[2.099s] Level 5:colcon.colcon_core.verb:set package 'my_robot_description' build argument 'cmake_target_skip_unavailable' from command line to 'False'
[2.100s] Level 5:colcon.colcon_core.verb:set package 'my_robot_description' build argument 'cmake_clean_cache' from command line to 'False'
[2.100s] Level 5:colcon.colcon_core.verb:set package 'my_robot_description' build argument 'cmake_clean_first' from command line to 'False'
[2.100s] Level 5:colcon.colcon_core.verb:set package 'my_robot_description' build argument 'cmake_force_configure' from command line to 'False'
[2.100s] Level 5:colcon.colcon_core.verb:set package 'my_robot_description' build argument 'ament_cmake_args' from command line to 'None'
[2.100s] Level 5:colcon.colcon_core.verb:set package 'my_robot_description' build argument 'catkin_cmake_args' from command line to 'None'
[2.101s] Level 5:colcon.colcon_core.verb:set package 'my_robot_description' build argument 'catkin_skip_building_tests' from command line to 'False'
[2.101s] DEBUG:colcon.colcon_core.verb:Building package 'my_robot_description' with the following arguments: {'ament_cmake_args': None, 'build_base': '/home/danivm/ros2_ws/build/my_robot_description', 'catkin_cmake_args': None, 'catkin_skip_building_tests': False, 'cmake_args': None, 'cmake_clean_cache': False, 'cmake_clean_first': False, 'cmake_force_configure': False, 'cmake_target': None, 'cmake_target_skip_unavailable': False, 'install_base': '/home/danivm/ros2_ws/install/my_robot_description', 'merge_install': False, 'path': '/home/danivm/ros2_ws/src/my_robot_description', 'symlink_install': False, 'test_result_base': None}
[2.101s] INFO:colcon.colcon_core.executor:Executing jobs using 'parallel' executor
[2.105s] DEBUG:colcon.colcon_parallel_executor.executor.parallel:run_until_complete
[2.106s] INFO:colcon.colcon_ros.task.ament_python.build:Building ROS package in '/home/danivm/ros2_ws/src/my_robot_controller' with build type 'ament_python'
[2.106s] Level 1:colcon.colcon_core.shell:create_environment_hook('my_robot_controller', 'ament_prefix_path')
[2.129s] INFO:colcon.colcon_core.plugin_system:Skipping extension 'colcon_core.shell.bat': Not used on non-Windows systems
[2.131s] INFO:colcon.colcon_core.shell:Creating environment hook '/home/danivm/ros2_ws/install/my_robot_controller/share/my_robot_controller/hook/ament_prefix_path.ps1'
[2.137s] INFO:colcon.colcon_core.shell:Creating environment descriptor '/home/danivm/ros2_ws/install/my_robot_controller/share/my_robot_controller/hook/ament_prefix_path.dsv'
[2.142s] INFO:colcon.colcon_core.shell:Creating environment hook '/home/danivm/ros2_ws/install/my_robot_controller/share/my_robot_controller/hook/ament_prefix_path.sh'
[2.146s] INFO:colcon.colcon_core.shell:Skip shell extension 'powershell' for command environment: Not usable outside of PowerShell
[2.146s] DEBUG:colcon.colcon_core.shell:Skip shell extension 'dsv' for command environment
[2.174s] INFO:colcon.colcon_ros.task.ament_cmake.build:Building ROS package in '/home/danivm/ros2_ws/src/my_robot_description' with build type 'ament_cmake'
[2.174s] INFO:colcon.colcon_cmake.task.cmake.build:Building CMake package in '/home/danivm/ros2_ws/src/my_robot_description'
[2.175s] INFO:colcon.colcon_core.shell:Skip shell extension 'powershell' for command environment: Not usable outside of PowerShell
[2.180s] DEBUG:colcon.colcon_core.shell:Skip shell extension 'dsv' for command environment
[3.508s] INFO:colcon.colcon_core.task.python.build:Building Python package in '/home/danivm/ros2_ws/src/my_robot_controller'
[3.509s] INFO:colcon.colcon_core.shell:Skip shell extension 'powershell' for command environment: Not usable outside of PowerShell
[3.510s] DEBUG:colcon.colcon_core.shell:Skip shell extension 'dsv' for command environment
[3.547s] DEBUG:colcon.colcon_core.event_handler.log_command:Invoking command in '/home/danivm/ros2_ws/build/my_robot_description': CMAKE_PREFIX_PATH=/home/danivm/ros2_ws/install/my_robot_controller:/opt/ros/humble /usr/bin/cmake /home/danivm/ros2_ws/src/my_robot_description -DCMAKE_INSTALL_PREFIX=/home/danivm/ros2_ws/install/my_robot_description
[6.218s] DEBUG:colcon.colcon_core.event_handler.log_command:Invoking command in '/home/danivm/ros2_ws/build/my_robot_controller': PYTHONPATH=/home/danivm/ros2_ws/build/my_robot_controller/prefix_override:/usr/lib/python3/dist-packages/colcon_core/task/python/colcon_distutils_commands:/home/danivm/ros2_ws/install/my_robot_controller/lib/python3.10/site-packages:${PYTHONPATH} /usr/bin/python3 -W ignore:setup.py install is deprecated -W ignore:easy_install command is deprecated setup.py develop --uninstall --editable --build-directory /home/danivm/ros2_ws/build/my_robot_controller/build
[9.969s] DEBUG:colcon.colcon_core.event_handler.log_command:Invoked command in '/home/danivm/ros2_ws/build/my_robot_controller' returned '0': PYTHONPATH=/home/danivm/ros2_ws/build/my_robot_controller/prefix_override:/usr/lib/python3/dist-packages/colcon_core/task/python/colcon_distutils_commands:/home/danivm/ros2_ws/install/my_robot_controller/lib/python3.10/site-packages:${PYTHONPATH} /usr/bin/python3 -W ignore:setup.py install is deprecated -W ignore:easy_install command is deprecated setup.py develop --uninstall --editable --build-directory /home/danivm/ros2_ws/build/my_robot_controller/build
[9.979s] DEBUG:colcon.colcon_core.event_handler.log_command:Invoking command in '/home/danivm/ros2_ws/src/my_robot_controller': PYTHONPATH=/home/danivm/ros2_ws/build/my_robot_controller/prefix_override:/usr/lib/python3/dist-packages/colcon_core/task/python/colcon_distutils_commands:/home/danivm/ros2_ws/install/my_robot_controller/lib/python3.10/site-packages:${PYTHONPATH} /usr/bin/python3 -W ignore:setup.py install is deprecated -W ignore:easy_install command is deprecated setup.py egg_info --egg-base ../../build/my_robot_controller build --build-base /home/danivm/ros2_ws/build/my_robot_controller/build install --record /home/danivm/ros2_ws/build/my_robot_controller/install.log --single-version-externally-managed install_data --force
[11.378s] DEBUG:colcon.colcon_core.event_handler.log_command:Invoked command in '/home/danivm/ros2_ws/build/my_robot_description' returned '0': CMAKE_PREFIX_PATH=/home/danivm/ros2_ws/install/my_robot_controller:/opt/ros/humble /usr/bin/cmake /home/danivm/ros2_ws/src/my_robot_description -DCMAKE_INSTALL_PREFIX=/home/danivm/ros2_ws/install/my_robot_description
[11.386s] DEBUG:colcon.colcon_core.event_handler.log_command:Invoking command in '/home/danivm/ros2_ws/build/my_robot_description': CMAKE_PREFIX_PATH=/home/danivm/ros2_ws/install/my_robot_controller:/opt/ros/humble /usr/bin/cmake --build /home/danivm/ros2_ws/build/my_robot_description -- -j2 -l2
[11.860s] DEBUG:colcon.colcon_core.event_handler.log_command:Invoked command in '/home/danivm/ros2_ws/build/my_robot_description' returned '0': CMAKE_PREFIX_PATH=/home/danivm/ros2_ws/install/my_robot_controller:/opt/ros/humble /usr/bin/cmake --build /home/danivm/ros2_ws/build/my_robot_description -- -j2 -l2
[12.006s] DEBUG:colcon.colcon_core.event_handler.log_command:Invoking command in '/home/danivm/ros2_ws/build/my_robot_description': CMAKE_PREFIX_PATH=/home/danivm/ros2_ws/install/my_robot_controller:/opt/ros/humble /usr/bin/cmake --install /home/danivm/ros2_ws/build/my_robot_description
[12.256s] Level 1:colcon.colcon_core.environment:create_environment_scripts_only(my_robot_description)
[12.257s] DEBUG:colcon.colcon_core.event_handler.log_command:Invoked command in '/home/danivm/ros2_ws/build/my_robot_description' returned '0': CMAKE_PREFIX_PATH=/home/danivm/ros2_ws/install/my_robot_controller:/opt/ros/humble /usr/bin/cmake --install /home/danivm/ros2_ws/build/my_robot_description
[12.339s] Level 1:colcon.colcon_core.environment:checking '/home/danivm/ros2_ws/install/my_robot_description' for CMake module files
[12.346s] Level 1:colcon.colcon_core.environment:checking '/home/danivm/ros2_ws/install/my_robot_description' for CMake config files
[12.352s] Level 1:colcon.colcon_core.shell:create_environment_hook('my_robot_description', 'cmake_prefix_path')
[12.355s] INFO:colcon.colcon_core.shell:Creating environment hook '/home/danivm/ros2_ws/install/my_robot_description/share/my_robot_description/hook/cmake_prefix_path.ps1'
[12.358s] INFO:colcon.colcon_core.shell:Creating environment descriptor '/home/danivm/ros2_ws/install/my_robot_description/share/my_robot_description/hook/cmake_prefix_path.dsv'
[12.365s] INFO:colcon.colcon_core.shell:Creating environment hook '/home/danivm/ros2_ws/install/my_robot_description/share/my_robot_description/hook/cmake_prefix_path.sh'
[12.372s] Level 1:colcon.colcon_core.environment:checking '/home/danivm/ros2_ws/install/my_robot_description/bin'
[12.372s] Level 1:colcon.colcon_core.environment:checking '/home/danivm/ros2_ws/install/my_robot_description/lib/pkgconfig/my_robot_description.pc'
[12.374s] Level 1:colcon.colcon_core.environment:checking '/home/danivm/ros2_ws/install/my_robot_description/lib/python3.10/site-packages'
[12.375s] Level 1:colcon.colcon_core.environment:checking '/home/danivm/ros2_ws/install/my_robot_description/bin'
[12.376s] INFO:colcon.colcon_core.shell:Creating package script '/home/danivm/ros2_ws/install/my_robot_description/share/my_robot_description/package.ps1'
[12.403s] INFO:colcon.colcon_core.shell:Creating package descriptor '/home/danivm/ros2_ws/install/my_robot_description/share/my_robot_description/package.dsv'
[12.409s] INFO:colcon.colcon_core.shell:Creating package script '/home/danivm/ros2_ws/install/my_robot_description/share/my_robot_description/package.sh'
[12.414s] INFO:colcon.colcon_core.shell:Creating package script '/home/danivm/ros2_ws/install/my_robot_description/share/my_robot_description/package.bash'
[12.422s] INFO:colcon.colcon_core.shell:Creating package script '/home/danivm/ros2_ws/install/my_robot_description/share/my_robot_description/package.zsh'
[12.430s] Level 1:colcon.colcon_core.environment:create_file_with_runtime_dependencies(/home/danivm/ros2_ws/install/my_robot_description/share/colcon-core/packages/my_robot_description)
[12.435s] Level 1:colcon.colcon_core.environment:create_environment_scripts_only(my_robot_description)
[12.437s] Level 1:colcon.colcon_core.environment:checking '/home/danivm/ros2_ws/install/my_robot_description' for CMake module files
[12.441s] Level 1:colcon.colcon_core.environment:checking '/home/danivm/ros2_ws/install/my_robot_description' for CMake config files
[12.443s] Level 1:colcon.colcon_core.shell:create_environment_hook('my_robot_description', 'cmake_prefix_path')
[12.444s] INFO:colcon.colcon_core.shell:Creating environment hook '/home/danivm/ros2_ws/install/my_robot_description/share/my_robot_description/hook/cmake_prefix_path.ps1'
[12.452s] INFO:colcon.colcon_core.shell:Creating environment descriptor '/home/danivm/ros2_ws/install/my_robot_description/share/my_robot_description/hook/cmake_prefix_path.dsv'
[12.456s] INFO:colcon.colcon_core.shell:Creating environment hook '/home/danivm/ros2_ws/install/my_robot_description/share/my_robot_description/hook/cmake_prefix_path.sh'
[12.460s] Level 1:colcon.colcon_core.environment:checking '/home/danivm/ros2_ws/install/my_robot_description/bin'
[12.461s] Level 1:colcon.colcon_core.environment:checking '/home/danivm/ros2_ws/install/my_robot_description/lib/pkgconfig/my_robot_description.pc'
[12.462s] Level 1:colcon.colcon_core.environment:checking '/home/danivm/ros2_ws/install/my_robot_description/lib/python3.10/site-packages'
[12.464s] Level 1:colcon.colcon_core.environment:checking '/home/danivm/ros2_ws/install/my_robot_description/bin'
[12.465s] INFO:colcon.colcon_core.shell:Creating package script '/home/danivm/ros2_ws/install/my_robot_description/share/my_robot_description/package.ps1'
[12.469s] INFO:colcon.colcon_core.shell:Creating package descriptor '/home/danivm/ros2_ws/install/my_robot_description/share/my_robot_description/package.dsv'
[12.473s] INFO:colcon.colcon_core.shell:Creating package script '/home/danivm/ros2_ws/install/my_robot_description/share/my_robot_description/package.sh'
[12.477s] INFO:colcon.colcon_core.shell:Creating package script '/home/danivm/ros2_ws/install/my_robot_description/share/my_robot_description/package.bash'
[12.483s] INFO:colcon.colcon_core.shell:Creating package script '/home/danivm/ros2_ws/install/my_robot_description/share/my_robot_description/package.zsh'
[12.488s] Level 1:colcon.colcon_core.environment:create_file_with_runtime_dependencies(/home/danivm/ros2_ws/install/my_robot_description/share/colcon-core/packages/my_robot_description)
[12.556s] Level 1:colcon.colcon_core.environment:checking '/home/danivm/ros2_ws/install/my_robot_controller' for CMake module files
[12.557s] DEBUG:colcon.colcon_core.event_handler.log_command:Invoked command in '/home/danivm/ros2_ws/src/my_robot_controller' returned '0': PYTHONPATH=/home/danivm/ros2_ws/build/my_robot_controller/prefix_override:/usr/lib/python3/dist-packages/colcon_core/task/python/colcon_distutils_commands:/home/danivm/ros2_ws/install/my_robot_controller/lib/python3.10/site-packages:${PYTHONPATH} /usr/bin/python3 -W ignore:setup.py install is deprecated -W ignore:easy_install command is deprecated setup.py egg_info --egg-base ../../build/my_robot_controller build --build-base /home/danivm/ros2_ws/build/my_robot_controller/build install --record /home/danivm/ros2_ws/build/my_robot_controller/install.log --single-version-externally-managed install_data --force
[12.562s] Level 1:colcon.colcon_core.environment:checking '/home/danivm/ros2_ws/install/my_robot_controller' for CMake config files
[12.582s] Level 1:colcon.colcon_core.environment:checking '/home/danivm/ros2_ws/install/my_robot_controller/lib'
[12.585s] Level 1:colcon.colcon_core.environment:checking '/home/danivm/ros2_ws/install/my_robot_controller/bin'
[12.586s] Level 1:colcon.colcon_core.environment:checking '/home/danivm/ros2_ws/install/my_robot_controller/lib/pkgconfig/my_robot_controller.pc'
[12.587s] Level 1:colcon.colcon_core.environment:checking '/home/danivm/ros2_ws/install/my_robot_controller/lib/python3.10/site-packages'
[12.587s] Level 1:colcon.colcon_core.shell:create_environment_hook('my_robot_controller', 'pythonpath')
[12.588s] INFO:colcon.colcon_core.shell:Creating environment hook '/home/danivm/ros2_ws/install/my_robot_controller/share/my_robot_controller/hook/pythonpath.ps1'
[12.591s] INFO:colcon.colcon_core.shell:Creating environment descriptor '/home/danivm/ros2_ws/install/my_robot_controller/share/my_robot_controller/hook/pythonpath.dsv'
[12.594s] INFO:colcon.colcon_core.shell:Creating environment hook '/home/danivm/ros2_ws/install/my_robot_controller/share/my_robot_controller/hook/pythonpath.sh'
[12.598s] Level 1:colcon.colcon_core.environment:checking '/home/danivm/ros2_ws/install/my_robot_controller/bin'
[12.599s] Level 1:colcon.colcon_core.environment:create_environment_scripts_only(my_robot_controller)
[12.600s] INFO:colcon.colcon_core.shell:Creating package script '/home/danivm/ros2_ws/install/my_robot_controller/share/my_robot_controller/package.ps1'
[12.604s] INFO:colcon.colcon_core.shell:Creating package descriptor '/home/danivm/ros2_ws/install/my_robot_controller/share/my_robot_controller/package.dsv'
[12.607s] INFO:colcon.colcon_core.shell:Creating package script '/home/danivm/ros2_ws/install/my_robot_controller/share/my_robot_controller/package.sh'
[12.609s] INFO:colcon.colcon_core.shell:Creating package script '/home/danivm/ros2_ws/install/my_robot_controller/share/my_robot_controller/package.bash'
[12.612s] INFO:colcon.colcon_core.shell:Creating package script '/home/danivm/ros2_ws/install/my_robot_controller/share/my_robot_controller/package.zsh'
[12.615s] Level 1:colcon.colcon_core.environment:create_file_with_runtime_dependencies(/home/danivm/ros2_ws/install/my_robot_controller/share/colcon-core/packages/my_robot_controller)
[12.619s] DEBUG:colcon.colcon_parallel_executor.executor.parallel:closing loop
[12.620s] DEBUG:colcon.colcon_parallel_executor.executor.parallel:loop closed
[12.621s] DEBUG:colcon.colcon_parallel_executor.executor.parallel:run_until_complete finished with '0'
[12.621s] DEBUG:colcon.colcon_core.event_reactor:joining thread
[12.678s] INFO:colcon.colcon_core.plugin_system:Skipping extension 'colcon_notification.desktop_notification.terminal_notifier': Not used on non-Darwin systems
[12.680s] INFO:colcon.colcon_core.plugin_system:Skipping extension 'colcon_notification.desktop_notification.win32': Not used on non-Windows systems
[12.680s] INFO:colcon.colcon_notification.desktop_notification:Sending desktop notification using 'notify2'
[12.787s] DEBUG:colcon.colcon_core.event_reactor:joined thread
[12.789s] INFO:colcon.colcon_core.shell:Creating prefix script '/home/danivm/ros2_ws/install/local_setup.ps1'
[12.800s] INFO:colcon.colcon_core.shell:Creating prefix util module '/home/danivm/ros2_ws/install/_local_setup_util_ps1.py'
[12.813s] INFO:colcon.colcon_core.shell:Creating prefix chain script '/home/danivm/ros2_ws/install/setup.ps1'
[12.824s] INFO:colcon.colcon_core.shell:Creating prefix script '/home/danivm/ros2_ws/install/local_setup.sh'
[12.829s] INFO:colcon.colcon_core.shell:Creating prefix util module '/home/danivm/ros2_ws/install/_local_setup_util_sh.py'
[12.834s] INFO:colcon.colcon_core.shell:Creating prefix chain script '/home/danivm/ros2_ws/install/setup.sh'
[12.842s] INFO:colcon.colcon_core.shell:Creating prefix script '/home/danivm/ros2_ws/install/local_setup.bash'
[12.847s] INFO:colcon.colcon_core.shell:Creating prefix chain script '/home/danivm/ros2_ws/install/setup.bash'
[12.855s] INFO:colcon.colcon_core.shell:Creating prefix script '/home/danivm/ros2_ws/install/local_setup.zsh'
[12.862s] INFO:colcon.colcon_core.shell:Creating prefix chain script '/home/danivm/ros2_ws/install/setup.zsh'
