[4.858s] Invoking command in '/home/danivm/ros2_ws/build/my_robot_controller': PYTHONPATH=/home/danivm/ros2_ws/build/my_robot_controller/prefix_override:/usr/lib/python3/dist-packages/colcon_core/task/python/colcon_distutils_commands:/home/danivm/ros2_ws/install/my_robot_controller/lib/python3.10/site-packages:${PYTHONPATH} /usr/bin/python3 -W ignore:setup.py install is deprecated -W ignore:easy_install command is deprecated setup.py develop --editable --build-directory /home/danivm/ros2_ws/build/my_robot_controller/build --no-deps symlink_data
[6.482s] running develop
[7.406s] running egg_info
[7.410s] writing my_robot_controller.egg-info/PKG-INFO
[7.422s] writing dependency_links to my_robot_controller.egg-info/dependency_links.txt
[7.427s] writing entry points to my_robot_controller.egg-info/entry_points.txt
[7.437s] writing requirements to my_robot_controller.egg-info/requires.txt
[7.449s] writing top-level names to my_robot_controller.egg-info/top_level.txt
[7.453s] reading manifest file 'my_robot_controller.egg-info/SOURCES.txt'
[7.463s] writing manifest file 'my_robot_controller.egg-info/SOURCES.txt'
[7.471s] running build_ext
[7.474s] Creating /home/danivm/ros2_ws/install/my_robot_controller/lib/python3.10/site-packages/my-robot-controller.egg-link (link to .)
[7.479s] Installing draw_circle script to /home/danivm/ros2_ws/install/my_robot_controller/lib/my_robot_controller
[7.480s] Installing pose_subscriber script to /home/danivm/ros2_ws/install/my_robot_controller/lib/my_robot_controller
[7.483s] Installing test_node script to /home/danivm/ros2_ws/install/my_robot_controller/lib/my_robot_controller
[7.484s] Installing turtle_controller script to /home/danivm/ros2_ws/install/my_robot_controller/lib/my_robot_controller
[7.486s] 
[7.491s] Installed /home/danivm/ros2_ws/build/my_robot_controller
[7.495s] running symlink_data
[7.606s] Invoked command in '/home/danivm/ros2_ws/build/my_robot_controller' returned '0': PYTHONPATH=/home/danivm/ros2_ws/build/my_robot_controller/prefix_override:/usr/lib/python3/dist-packages/colcon_core/task/python/colcon_distutils_commands:/home/danivm/ros2_ws/install/my_robot_controller/lib/python3.10/site-packages:${PYTHONPATH} /usr/bin/python3 -W ignore:setup.py install is deprecated -W ignore:easy_install command is deprecated setup.py develop --editable --build-directory /home/danivm/ros2_ws/build/my_robot_controller/build --no-deps symlink_data
