[0.281s] DEBUG:colcon:Command line arguments: ['/usr/bin/colcon', 'build']
[0.281s] DEBUG:colcon:Parsed command line arguments: Namespace(log_base=None, log_level=None, verb_name='build', build_base='build', install_base='install', merge_install=False, symlink_install=False, test_result_base=None, continue_on_error=False, executor='parallel', parallel_workers=2, event_handlers=None, ignore_user_meta=False, metas=['./colcon.meta'], base_paths=['.'], packages_ignore=None, packages_ignore_regex=None, paths=None, packages_up_to=None, packages_up_to_regex=None, packages_above=None, packages_above_and_dependencies=None, packages_above_depth=None, packages_select_by_dep=None, packages_skip_by_dep=None, packages_skip_up_to=None, packages_select_build_failed=False, packages_skip_build_finished=False, packages_select_test_failures=False, packages_skip_test_passed=False, packages_select=None, packages_skip=None, packages_select_regex=None, packages_skip_regex=None, packages_start=None, packages_end=None, allow_overriding=[], cmake_args=None, cmake_target=None, cmake_target_skip_unavailable=False, cmake_clean_cache=False, cmake_clean_first=False, cmake_force_configure=False, ament_cmake_args=None, catkin_cmake_args=None, catkin_skip_building_tests=False, verb_parser=<colcon_defaults.argument_parser.defaults.DefaultArgumentsDecorator object at 0x7fc6490501c0>, verb_extension=<colcon_core.verb.build.BuildVerb object at 0x7fc64914d600>, main=<bound method BuildVerb.main of <colcon_core.verb.build.BuildVerb object at 0x7fc64914d600>>)
[0.676s] Level 1:colcon.colcon_core.package_discovery:discover_packages(colcon_meta) check parameters
[0.677s] Level 1:colcon.colcon_core.package_discovery:discover_packages(recursive) check parameters
[0.677s] Level 1:colcon.colcon_core.package_discovery:discover_packages(ignore) check parameters
[0.677s] Level 1:colcon.colcon_core.package_discovery:discover_packages(path) check parameters
[0.677s] Level 1:colcon.colcon_core.package_discovery:discover_packages(colcon_meta) discover
[0.677s] Level 1:colcon.colcon_core.package_discovery:discover_packages(recursive) discover
[0.677s] INFO:colcon.colcon_core.package_discovery:Crawling recursively for packages in '/home/danivm/ros2_ws'
[0.678s] Level 1:colcon.colcon_core.package_identification:_identify(.) by extensions ['ignore', 'ignore_ament_install']
[0.678s] Level 1:colcon.colcon_core.package_identification:_identify(.) by extension 'ignore'
[0.678s] Level 1:colcon.colcon_core.package_identification:_identify(.) by extension 'ignore_ament_install'
[0.678s] Level 1:colcon.colcon_core.package_identification:_identify(.) by extensions ['colcon_pkg']
[0.678s] Level 1:colcon.colcon_core.package_identification:_identify(.) by extension 'colcon_pkg'
[0.679s] Level 1:colcon.colcon_core.package_identification:_identify(.) by extensions ['colcon_meta']
[0.679s] Level 1:colcon.colcon_core.package_identification:_identify(.) by extension 'colcon_meta'
[0.679s] Level 1:colcon.colcon_core.package_identification:_identify(.) by extensions ['ros']
[0.679s] Level 1:colcon.colcon_core.package_identification:_identify(.) by extension 'ros'
[0.711s] Level 1:colcon.colcon_core.package_identification:_identify(.) by extensions ['cmake', 'python']
[0.711s] Level 1:colcon.colcon_core.package_identification:_identify(.) by extension 'cmake'
[0.712s] Level 1:colcon.colcon_core.package_identification:_identify(.) by extension 'python'
[0.712s] Level 1:colcon.colcon_core.package_identification:_identify(.) by extensions ['python_setup_py']
[0.712s] Level 1:colcon.colcon_core.package_identification:_identify(.) by extension 'python_setup_py'
[0.712s] Level 1:colcon.colcon_core.package_identification:_identify(build) by extensions ['ignore', 'ignore_ament_install']
[0.713s] Level 1:colcon.colcon_core.package_identification:_identify(build) by extension 'ignore'
[0.713s] Level 1:colcon.colcon_core.package_identification:_identify(build) ignored
[0.713s] Level 1:colcon.colcon_core.package_identification:_identify(install) by extensions ['ignore', 'ignore_ament_install']
[0.713s] Level 1:colcon.colcon_core.package_identification:_identify(install) by extension 'ignore'
[0.714s] Level 1:colcon.colcon_core.package_identification:_identify(install) ignored
[0.714s] Level 1:colcon.colcon_core.package_identification:_identify(log) by extensions ['ignore', 'ignore_ament_install']
[0.714s] Level 1:colcon.colcon_core.package_identification:_identify(log) by extension 'ignore'
[0.714s] Level 1:colcon.colcon_core.package_identification:_identify(log) ignored
[0.714s] Level 1:colcon.colcon_core.package_identification:_identify(src) by extensions ['ignore', 'ignore_ament_install']
[0.714s] Level 1:colcon.colcon_core.package_identification:_identify(src) by extension 'ignore'
[0.715s] Level 1:colcon.colcon_core.package_identification:_identify(src) by extension 'ignore_ament_install'
[0.715s] Level 1:colcon.colcon_core.package_identification:_identify(src) by extensions ['colcon_pkg']
[0.715s] Level 1:colcon.colcon_core.package_identification:_identify(src) by extension 'colcon_pkg'
[0.715s] Level 1:colcon.colcon_core.package_identification:_identify(src) by extensions ['colcon_meta']
[0.715s] Level 1:colcon.colcon_core.package_identification:_identify(src) by extension 'colcon_meta'
[0.715s] Level 1:colcon.colcon_core.package_identification:_identify(src) by extensions ['ros']
[0.715s] Level 1:colcon.colcon_core.package_identification:_identify(src) by extension 'ros'
[0.715s] Level 1:colcon.colcon_core.package_identification:_identify(src) by extensions ['cmake', 'python']
[0.715s] Level 1:colcon.colcon_core.package_identification:_identify(src) by extension 'cmake'
[0.716s] Level 1:colcon.colcon_core.package_identification:_identify(src) by extension 'python'
[0.716s] Level 1:colcon.colcon_core.package_identification:_identify(src) by extensions ['python_setup_py']
[0.716s] Level 1:colcon.colcon_core.package_identification:_identify(src) by extension 'python_setup_py'
[0.716s] Level 1:colcon.colcon_core.package_identification:_identify(src/my_robot_controller) by extensions ['ignore', 'ignore_ament_install']
[0.716s] Level 1:colcon.colcon_core.package_identification:_identify(src/my_robot_controller) by extension 'ignore'
[0.716s] Level 1:colcon.colcon_core.package_identification:_identify(src/my_robot_controller) by extension 'ignore_ament_install'
[0.716s] Level 1:colcon.colcon_core.package_identification:_identify(src/my_robot_controller) by extensions ['colcon_pkg']
[0.716s] Level 1:colcon.colcon_core.package_identification:_identify(src/my_robot_controller) by extension 'colcon_pkg'
[0.716s] Level 1:colcon.colcon_core.package_identification:_identify(src/my_robot_controller) by extensions ['colcon_meta']
[0.717s] Level 1:colcon.colcon_core.package_identification:_identify(src/my_robot_controller) by extension 'colcon_meta'
[0.717s] Level 1:colcon.colcon_core.package_identification:_identify(src/my_robot_controller) by extensions ['ros']
[0.717s] Level 1:colcon.colcon_core.package_identification:_identify(src/my_robot_controller) by extension 'ros'
[0.724s] DEBUG:colcon.colcon_core.package_identification:Package 'src/my_robot_controller' with type 'ros.ament_python' and name 'my_robot_controller'
[0.724s] Level 1:colcon.colcon_core.package_identification:_identify(src/my_robot_description) by extensions ['ignore', 'ignore_ament_install']
[0.724s] Level 1:colcon.colcon_core.package_identification:_identify(src/my_robot_description) by extension 'ignore'
[0.725s] Level 1:colcon.colcon_core.package_identification:_identify(src/my_robot_description) by extension 'ignore_ament_install'
[0.725s] Level 1:colcon.colcon_core.package_identification:_identify(src/my_robot_description) by extensions ['colcon_pkg']
[0.725s] Level 1:colcon.colcon_core.package_identification:_identify(src/my_robot_description) by extension 'colcon_pkg'
[0.725s] Level 1:colcon.colcon_core.package_identification:_identify(src/my_robot_description) by extensions ['colcon_meta']
[0.725s] Level 1:colcon.colcon_core.package_identification:_identify(src/my_robot_description) by extension 'colcon_meta'
[0.725s] Level 1:colcon.colcon_core.package_identification:_identify(src/my_robot_description) by extensions ['ros']
[0.725s] Level 1:colcon.colcon_core.package_identification:_identify(src/my_robot_description) by extension 'ros'
[0.727s] DEBUG:colcon.colcon_core.package_identification:Package 'src/my_robot_description' with type 'ros.ament_cmake' and name 'my_robot_description'
[0.727s] Level 1:colcon.colcon_core.package_discovery:discover_packages(recursive) using defaults
[0.727s] Level 1:colcon.colcon_core.package_discovery:discover_packages(ignore) discover
[0.727s] Level 1:colcon.colcon_core.package_discovery:discover_packages(ignore) using defaults
[0.727s] Level 1:colcon.colcon_core.package_discovery:discover_packages(path) discover
[0.727s] Level 1:colcon.colcon_core.package_discovery:discover_packages(path) using defaults
[0.778s] Level 1:colcon.colcon_core.package_discovery:discover_packages(prefix_path) check parameters
[0.778s] Level 1:colcon.colcon_core.package_discovery:discover_packages(prefix_path) discover
[0.783s] DEBUG:colcon.colcon_installed_package_information.package_discovery:Found 2 installed packages in /home/danivm/ros2_ws/install
[0.787s] DEBUG:colcon.colcon_installed_package_information.package_discovery:Found 275 installed packages in /opt/ros/humble
[0.792s] Level 1:colcon.colcon_core.package_discovery:discover_packages(prefix_path) using defaults
[0.911s] Level 5:colcon.colcon_core.verb:set package 'my_robot_controller' build argument 'cmake_args' from command line to 'None'
[0.911s] Level 5:colcon.colcon_core.verb:set package 'my_robot_controller' build argument 'cmake_target' from command line to 'None'
[0.912s] Level 5:colcon.colcon_core.verb:set package 'my_robot_controller' build argument 'cmake_target_skip_unavailable' from command line to 'False'
[0.912s] Level 5:colcon.colcon_core.verb:set package 'my_robot_controller' build argument 'cmake_clean_cache' from command line to 'False'
[0.912s] Level 5:colcon.colcon_core.verb:set package 'my_robot_controller' build argument 'cmake_clean_first' from command line to 'False'
[0.912s] Level 5:colcon.colcon_core.verb:set package 'my_robot_controller' build argument 'cmake_force_configure' from command line to 'False'
[0.912s] Level 5:colcon.colcon_core.verb:set package 'my_robot_controller' build argument 'ament_cmake_args' from command line to 'None'
[0.912s] Level 5:colcon.colcon_core.verb:set package 'my_robot_controller' build argument 'catkin_cmake_args' from command line to 'None'
[0.912s] Level 5:colcon.colcon_core.verb:set package 'my_robot_controller' build argument 'catkin_skip_building_tests' from command line to 'False'
[0.912s] DEBUG:colcon.colcon_core.verb:Building package 'my_robot_controller' with the following arguments: {'ament_cmake_args': None, 'build_base': '/home/danivm/ros2_ws/build/my_robot_controller', 'catkin_cmake_args': None, 'catkin_skip_building_tests': False, 'cmake_args': None, 'cmake_clean_cache': False, 'cmake_clean_first': False, 'cmake_force_configure': False, 'cmake_target': None, 'cmake_target_skip_unavailable': False, 'install_base': '/home/danivm/ros2_ws/install/my_robot_controller', 'merge_install': False, 'path': '/home/danivm/ros2_ws/src/my_robot_controller', 'symlink_install': False, 'test_result_base': None}
[0.913s] Level 5:colcon.colcon_core.verb:set package 'my_robot_description' build argument 'cmake_args' from command line to 'None'
[0.913s] Level 5:colcon.colcon_core.verb:set package 'my_robot_description' build argument 'cmake_target' from command line to 'None'
[0.913s] Level 5:colcon.colcon_core.verb:set package 'my_robot_description' build argument 'cmake_target_skip_unavailable' from command line to 'False'
[0.913s] Level 5:colcon.colcon_core.verb:set package 'my_robot_description' build argument 'cmake_clean_cache' from command line to 'False'
[0.913s] Level 5:colcon.colcon_core.verb:set package 'my_robot_description' build argument 'cmake_clean_first' from command line to 'False'
[0.913s] Level 5:colcon.colcon_core.verb:set package 'my_robot_description' build argument 'cmake_force_configure' from command line to 'False'
[0.913s] Level 5:colcon.colcon_core.verb:set package 'my_robot_description' build argument 'ament_cmake_args' from command line to 'None'
[0.914s] Level 5:colcon.colcon_core.verb:set package 'my_robot_description' build argument 'catkin_cmake_args' from command line to 'None'
[0.914s] Level 5:colcon.colcon_core.verb:set package 'my_robot_description' build argument 'catkin_skip_building_tests' from command line to 'False'
[0.914s] DEBUG:colcon.colcon_core.verb:Building package 'my_robot_description' with the following arguments: {'ament_cmake_args': None, 'build_base': '/home/danivm/ros2_ws/build/my_robot_description', 'catkin_cmake_args': None, 'catkin_skip_building_tests': False, 'cmake_args': None, 'cmake_clean_cache': False, 'cmake_clean_first': False, 'cmake_force_configure': False, 'cmake_target': None, 'cmake_target_skip_unavailable': False, 'install_base': '/home/danivm/ros2_ws/install/my_robot_description', 'merge_install': False, 'path': '/home/danivm/ros2_ws/src/my_robot_description', 'symlink_install': False, 'test_result_base': None}
[0.914s] INFO:colcon.colcon_core.executor:Executing jobs using 'parallel' executor
[0.917s] DEBUG:colcon.colcon_parallel_executor.executor.parallel:run_until_complete
[0.918s] INFO:colcon.colcon_ros.task.ament_python.build:Building ROS package in '/home/danivm/ros2_ws/src/my_robot_controller' with build type 'ament_python'
[0.918s] Level 1:colcon.colcon_core.shell:create_environment_hook('my_robot_controller', 'ament_prefix_path')
[0.926s] INFO:colcon.colcon_core.plugin_system:Skipping extension 'colcon_core.shell.bat': Not used on non-Windows systems
[0.926s] INFO:colcon.colcon_core.shell:Creating environment hook '/home/danivm/ros2_ws/install/my_robot_controller/share/my_robot_controller/hook/ament_prefix_path.ps1'
[0.929s] INFO:colcon.colcon_core.shell:Creating environment descriptor '/home/danivm/ros2_ws/install/my_robot_controller/share/my_robot_controller/hook/ament_prefix_path.dsv'
[0.931s] INFO:colcon.colcon_core.shell:Creating environment hook '/home/danivm/ros2_ws/install/my_robot_controller/share/my_robot_controller/hook/ament_prefix_path.sh'
[0.934s] INFO:colcon.colcon_core.shell:Skip shell extension 'powershell' for command environment: Not usable outside of PowerShell
[0.934s] DEBUG:colcon.colcon_core.shell:Skip shell extension 'dsv' for command environment
[0.944s] INFO:colcon.colcon_ros.task.ament_cmake.build:Building ROS package in '/home/danivm/ros2_ws/src/my_robot_description' with build type 'ament_cmake'
[0.944s] INFO:colcon.colcon_cmake.task.cmake.build:Building CMake package in '/home/danivm/ros2_ws/src/my_robot_description'
[0.945s] INFO:colcon.colcon_core.shell:Skip shell extension 'powershell' for command environment: Not usable outside of PowerShell
[0.945s] DEBUG:colcon.colcon_core.shell:Skip shell extension 'dsv' for command environment
[1.627s] INFO:colcon.colcon_core.task.python.build:Building Python package in '/home/danivm/ros2_ws/src/my_robot_controller'
[1.629s] INFO:colcon.colcon_core.shell:Skip shell extension 'powershell' for command environment: Not usable outside of PowerShell
[1.629s] DEBUG:colcon.colcon_core.shell:Skip shell extension 'dsv' for command environment
[1.655s] DEBUG:colcon.colcon_core.event_handler.log_command:Invoking command in '/home/danivm/ros2_ws/build/my_robot_description': CMAKE_PREFIX_PATH=${CMAKE_PREFIX_PATH}:/home/danivm/ros2_ws/install/my_robot_controller:/opt/ros/humble /usr/bin/cmake --build /home/danivm/ros2_ws/build/my_robot_description -- -j2 -l2
[1.810s] DEBUG:colcon.colcon_core.event_handler.log_command:Invoked command in '/home/danivm/ros2_ws/build/my_robot_description' returned '0': CMAKE_PREFIX_PATH=${CMAKE_PREFIX_PATH}:/home/danivm/ros2_ws/install/my_robot_controller:/opt/ros/humble /usr/bin/cmake --build /home/danivm/ros2_ws/build/my_robot_description -- -j2 -l2
[1.847s] DEBUG:colcon.colcon_core.event_handler.log_command:Invoking command in '/home/danivm/ros2_ws/build/my_robot_description': CMAKE_PREFIX_PATH=${CMAKE_PREFIX_PATH}:/home/danivm/ros2_ws/install/my_robot_controller:/opt/ros/humble /usr/bin/cmake --install /home/danivm/ros2_ws/build/my_robot_description
[1.904s] Level 1:colcon.colcon_core.environment:create_environment_scripts_only(my_robot_description)
[1.906s] DEBUG:colcon.colcon_core.event_handler.log_command:Invoked command in '/home/danivm/ros2_ws/build/my_robot_description' returned '0': CMAKE_PREFIX_PATH=${CMAKE_PREFIX_PATH}:/home/danivm/ros2_ws/install/my_robot_controller:/opt/ros/humble /usr/bin/cmake --install /home/danivm/ros2_ws/build/my_robot_description
[1.912s] Level 1:colcon.colcon_core.environment:checking '/home/danivm/ros2_ws/install/my_robot_description' for CMake module files
[1.913s] Level 1:colcon.colcon_core.environment:checking '/home/danivm/ros2_ws/install/my_robot_description' for CMake config files
[1.914s] Level 1:colcon.colcon_core.shell:create_environment_hook('my_robot_description', 'cmake_prefix_path')
[1.915s] INFO:colcon.colcon_core.shell:Creating environment hook '/home/danivm/ros2_ws/install/my_robot_description/share/my_robot_description/hook/cmake_prefix_path.ps1'
[1.917s] INFO:colcon.colcon_core.shell:Creating environment descriptor '/home/danivm/ros2_ws/install/my_robot_description/share/my_robot_description/hook/cmake_prefix_path.dsv'
[1.919s] INFO:colcon.colcon_core.shell:Creating environment hook '/home/danivm/ros2_ws/install/my_robot_description/share/my_robot_description/hook/cmake_prefix_path.sh'
[1.923s] Level 1:colcon.colcon_core.environment:checking '/home/danivm/ros2_ws/install/my_robot_description/bin'
[1.923s] Level 1:colcon.colcon_core.environment:checking '/home/danivm/ros2_ws/install/my_robot_description/lib/pkgconfig/my_robot_description.pc'
[1.924s] Level 1:colcon.colcon_core.environment:checking '/home/danivm/ros2_ws/install/my_robot_description/lib/python3.10/site-packages'
[1.925s] Level 1:colcon.colcon_core.environment:checking '/home/danivm/ros2_ws/install/my_robot_description/bin'
[1.926s] INFO:colcon.colcon_core.shell:Creating package script '/home/danivm/ros2_ws/install/my_robot_description/share/my_robot_description/package.ps1'
[1.929s] INFO:colcon.colcon_core.shell:Creating package descriptor '/home/danivm/ros2_ws/install/my_robot_description/share/my_robot_description/package.dsv'
[1.931s] INFO:colcon.colcon_core.shell:Creating package script '/home/danivm/ros2_ws/install/my_robot_description/share/my_robot_description/package.sh'
[1.935s] INFO:colcon.colcon_core.shell:Creating package script '/home/danivm/ros2_ws/install/my_robot_description/share/my_robot_description/package.bash'
[1.938s] INFO:colcon.colcon_core.shell:Creating package script '/home/danivm/ros2_ws/install/my_robot_description/share/my_robot_description/package.zsh'
[1.940s] Level 1:colcon.colcon_core.environment:create_file_with_runtime_dependencies(/home/danivm/ros2_ws/install/my_robot_description/share/colcon-core/packages/my_robot_description)
[1.942s] Level 1:colcon.colcon_core.environment:create_environment_scripts_only(my_robot_description)
[1.942s] Level 1:colcon.colcon_core.environment:checking '/home/danivm/ros2_ws/install/my_robot_description' for CMake module files
[1.944s] Level 1:colcon.colcon_core.environment:checking '/home/danivm/ros2_ws/install/my_robot_description' for CMake config files
[1.945s] Level 1:colcon.colcon_core.shell:create_environment_hook('my_robot_description', 'cmake_prefix_path')
[1.945s] INFO:colcon.colcon_core.shell:Creating environment hook '/home/danivm/ros2_ws/install/my_robot_description/share/my_robot_description/hook/cmake_prefix_path.ps1'
[1.947s] INFO:colcon.colcon_core.shell:Creating environment descriptor '/home/danivm/ros2_ws/install/my_robot_description/share/my_robot_description/hook/cmake_prefix_path.dsv'
[1.948s] INFO:colcon.colcon_core.shell:Creating environment hook '/home/danivm/ros2_ws/install/my_robot_description/share/my_robot_description/hook/cmake_prefix_path.sh'
[1.950s] Level 1:colcon.colcon_core.environment:checking '/home/danivm/ros2_ws/install/my_robot_description/bin'
[1.950s] Level 1:colcon.colcon_core.environment:checking '/home/danivm/ros2_ws/install/my_robot_description/lib/pkgconfig/my_robot_description.pc'
[1.951s] Level 1:colcon.colcon_core.environment:checking '/home/danivm/ros2_ws/install/my_robot_description/lib/python3.10/site-packages'
[1.952s] Level 1:colcon.colcon_core.environment:checking '/home/danivm/ros2_ws/install/my_robot_description/bin'
[1.952s] INFO:colcon.colcon_core.shell:Creating package script '/home/danivm/ros2_ws/install/my_robot_description/share/my_robot_description/package.ps1'
[1.954s] INFO:colcon.colcon_core.shell:Creating package descriptor '/home/danivm/ros2_ws/install/my_robot_description/share/my_robot_description/package.dsv'
[1.956s] INFO:colcon.colcon_core.shell:Creating package script '/home/danivm/ros2_ws/install/my_robot_description/share/my_robot_description/package.sh'
[1.957s] INFO:colcon.colcon_core.shell:Creating package script '/home/danivm/ros2_ws/install/my_robot_description/share/my_robot_description/package.bash'
[1.962s] INFO:colcon.colcon_core.shell:Creating package script '/home/danivm/ros2_ws/install/my_robot_description/share/my_robot_description/package.zsh'
[1.965s] Level 1:colcon.colcon_core.environment:create_file_with_runtime_dependencies(/home/danivm/ros2_ws/install/my_robot_description/share/colcon-core/packages/my_robot_description)
[2.592s] DEBUG:colcon.colcon_core.event_handler.log_command:Invoking command in '/home/danivm/ros2_ws/src/my_robot_controller': PYTHONPATH=/home/danivm/ros2_ws/build/my_robot_controller/prefix_override:/usr/lib/python3/dist-packages/colcon_core/task/python/colcon_distutils_commands:/home/danivm/ros2_ws/install/my_robot_controller/lib/python3.10/site-packages:${PYTHONPATH} /usr/bin/python3 -W ignore:setup.py install is deprecated -W ignore:easy_install command is deprecated setup.py egg_info --egg-base ../../build/my_robot_controller build --build-base /home/danivm/ros2_ws/build/my_robot_controller/build install --record /home/danivm/ros2_ws/build/my_robot_controller/install.log --single-version-externally-managed install_data
[3.380s] Level 1:colcon.colcon_core.environment:checking '/home/danivm/ros2_ws/install/my_robot_controller' for CMake module files
[3.382s] DEBUG:colcon.colcon_core.event_handler.log_command:Invoked command in '/home/danivm/ros2_ws/src/my_robot_controller' returned '0': PYTHONPATH=/home/danivm/ros2_ws/build/my_robot_controller/prefix_override:/usr/lib/python3/dist-packages/colcon_core/task/python/colcon_distutils_commands:/home/danivm/ros2_ws/install/my_robot_controller/lib/python3.10/site-packages:${PYTHONPATH} /usr/bin/python3 -W ignore:setup.py install is deprecated -W ignore:easy_install command is deprecated setup.py egg_info --egg-base ../../build/my_robot_controller build --build-base /home/danivm/ros2_ws/build/my_robot_controller/build install --record /home/danivm/ros2_ws/build/my_robot_controller/install.log --single-version-externally-managed install_data
[3.383s] Level 1:colcon.colcon_core.environment:checking '/home/danivm/ros2_ws/install/my_robot_controller' for CMake config files
[3.384s] Level 1:colcon.colcon_core.environment:checking '/home/danivm/ros2_ws/install/my_robot_controller/lib'
[3.385s] Level 1:colcon.colcon_core.environment:checking '/home/danivm/ros2_ws/install/my_robot_controller/bin'
[3.386s] Level 1:colcon.colcon_core.environment:checking '/home/danivm/ros2_ws/install/my_robot_controller/lib/pkgconfig/my_robot_controller.pc'
[3.386s] Level 1:colcon.colcon_core.environment:checking '/home/danivm/ros2_ws/install/my_robot_controller/lib/python3.10/site-packages'
[3.386s] Level 1:colcon.colcon_core.shell:create_environment_hook('my_robot_controller', 'pythonpath')
[3.387s] INFO:colcon.colcon_core.shell:Creating environment hook '/home/danivm/ros2_ws/install/my_robot_controller/share/my_robot_controller/hook/pythonpath.ps1'
[3.389s] INFO:colcon.colcon_core.shell:Creating environment descriptor '/home/danivm/ros2_ws/install/my_robot_controller/share/my_robot_controller/hook/pythonpath.dsv'
[3.392s] INFO:colcon.colcon_core.shell:Creating environment hook '/home/danivm/ros2_ws/install/my_robot_controller/share/my_robot_controller/hook/pythonpath.sh'
[3.394s] Level 1:colcon.colcon_core.environment:checking '/home/danivm/ros2_ws/install/my_robot_controller/bin'
[3.394s] Level 1:colcon.colcon_core.environment:create_environment_scripts_only(my_robot_controller)
[3.395s] INFO:colcon.colcon_core.shell:Creating package script '/home/danivm/ros2_ws/install/my_robot_controller/share/my_robot_controller/package.ps1'
[3.396s] INFO:colcon.colcon_core.shell:Creating package descriptor '/home/danivm/ros2_ws/install/my_robot_controller/share/my_robot_controller/package.dsv'
[3.398s] INFO:colcon.colcon_core.shell:Creating package script '/home/danivm/ros2_ws/install/my_robot_controller/share/my_robot_controller/package.sh'
[3.400s] INFO:colcon.colcon_core.shell:Creating package script '/home/danivm/ros2_ws/install/my_robot_controller/share/my_robot_controller/package.bash'
[3.402s] INFO:colcon.colcon_core.shell:Creating package script '/home/danivm/ros2_ws/install/my_robot_controller/share/my_robot_controller/package.zsh'
[3.403s] Level 1:colcon.colcon_core.environment:create_file_with_runtime_dependencies(/home/danivm/ros2_ws/install/my_robot_controller/share/colcon-core/packages/my_robot_controller)
[3.404s] DEBUG:colcon.colcon_parallel_executor.executor.parallel:closing loop
[3.407s] DEBUG:colcon.colcon_parallel_executor.executor.parallel:loop closed
[3.407s] DEBUG:colcon.colcon_parallel_executor.executor.parallel:run_until_complete finished with '0'
[3.407s] DEBUG:colcon.colcon_core.event_reactor:joining thread
[3.423s] INFO:colcon.colcon_core.plugin_system:Skipping extension 'colcon_notification.desktop_notification.terminal_notifier': Not used on non-Darwin systems
[3.424s] INFO:colcon.colcon_core.plugin_system:Skipping extension 'colcon_notification.desktop_notification.win32': Not used on non-Windows systems
[3.424s] INFO:colcon.colcon_notification.desktop_notification:Sending desktop notification using 'notify2'
[3.471s] DEBUG:colcon.colcon_core.event_reactor:joined thread
[3.472s] INFO:colcon.colcon_core.shell:Creating prefix script '/home/danivm/ros2_ws/install/local_setup.ps1'
[3.477s] INFO:colcon.colcon_core.shell:Creating prefix util module '/home/danivm/ros2_ws/install/_local_setup_util_ps1.py'
[3.483s] INFO:colcon.colcon_core.shell:Creating prefix chain script '/home/danivm/ros2_ws/install/setup.ps1'
[3.486s] INFO:colcon.colcon_core.shell:Creating prefix script '/home/danivm/ros2_ws/install/local_setup.sh'
[3.488s] INFO:colcon.colcon_core.shell:Creating prefix util module '/home/danivm/ros2_ws/install/_local_setup_util_sh.py'
[3.491s] INFO:colcon.colcon_core.shell:Creating prefix chain script '/home/danivm/ros2_ws/install/setup.sh'
[3.495s] INFO:colcon.colcon_core.shell:Creating prefix script '/home/danivm/ros2_ws/install/local_setup.bash'
[3.497s] INFO:colcon.colcon_core.shell:Creating prefix chain script '/home/danivm/ros2_ws/install/setup.bash'
[3.501s] INFO:colcon.colcon_core.shell:Creating prefix script '/home/danivm/ros2_ws/install/local_setup.zsh'
[3.503s] INFO:colcon.colcon_core.shell:Creating prefix chain script '/home/danivm/ros2_ws/install/setup.zsh'
