[1.762s] Invoking command in '/home/danivm/ros2_ws/src/my_robot_controller': PYTHONPATH=/home/danivm/ros2_ws/build/my_robot_controller/prefix_override:/usr/lib/python3/dist-packages/colcon_core/task/python/colcon_distutils_commands:/home/danivm/ros2_ws/install/my_robot_controller/lib/python3.10/site-packages:${PYTHONPATH} /usr/bin/python3 -W ignore:setup.py install is deprecated -W ignore:easy_install command is deprecated setup.py egg_info --egg-base ../../build/my_robot_controller build --build-base /home/danivm/ros2_ws/build/my_robot_controller/build install --record /home/danivm/ros2_ws/build/my_robot_controller/install.log --single-version-externally-managed install_data
[2.396s] running egg_info
[2.398s] writing ../../build/my_robot_controller/my_robot_controller.egg-info/PKG-INFO
[2.401s] writing dependency_links to ../../build/my_robot_controller/my_robot_controller.egg-info/dependency_links.txt
[2.402s] writing entry points to ../../build/my_robot_controller/my_robot_controller.egg-info/entry_points.txt
[2.403s] writing requirements to ../../build/my_robot_controller/my_robot_controller.egg-info/requires.txt
[2.403s] writing top-level names to ../../build/my_robot_controller/my_robot_controller.egg-info/top_level.txt
[2.410s] reading manifest file '../../build/my_robot_controller/my_robot_controller.egg-info/SOURCES.txt'
[2.413s] writing manifest file '../../build/my_robot_controller/my_robot_controller.egg-info/SOURCES.txt'
[2.414s] running build
[2.414s] running build_py
[2.416s] copying my_robot_controller/my_first_node.py -> /home/danivm/ros2_ws/build/my_robot_controller/build/lib/my_robot_controller
[2.417s] running install
[2.418s] running install_lib
[2.423s] copying /home/danivm/ros2_ws/build/my_robot_controller/build/lib/my_robot_controller/my_first_node.py -> /home/danivm/ros2_ws/install/my_robot_controller/lib/python3.10/site-packages/my_robot_controller
[2.424s] byte-compiling /home/danivm/ros2_ws/install/my_robot_controller/lib/python3.10/site-packages/my_robot_controller/my_first_node.py to my_first_node.cpython-310.pyc
[2.427s] running install_data
[2.427s] running install_egg_info
[2.434s] removing '/home/danivm/ros2_ws/install/my_robot_controller/lib/python3.10/site-packages/my_robot_controller-0.0.0-py3.10.egg-info' (and everything under it)
[2.436s] Copying ../../build/my_robot_controller/my_robot_controller.egg-info to /home/danivm/ros2_ws/install/my_robot_controller/lib/python3.10/site-packages/my_robot_controller-0.0.0-py3.10.egg-info
[2.439s] running install_scripts
[2.504s] Installing test_node script to /home/danivm/ros2_ws/install/my_robot_controller/lib/my_robot_controller
[2.508s] writing list of installed files to '/home/danivm/ros2_ws/build/my_robot_controller/install.log'
[2.580s] Invoked command in '/home/danivm/ros2_ws/src/my_robot_controller' returned '0': PYTHONPATH=/home/danivm/ros2_ws/build/my_robot_controller/prefix_override:/usr/lib/python3/dist-packages/colcon_core/task/python/colcon_distutils_commands:/home/danivm/ros2_ws/install/my_robot_controller/lib/python3.10/site-packages:${PYTHONPATH} /usr/bin/python3 -W ignore:setup.py install is deprecated -W ignore:easy_install command is deprecated setup.py egg_info --egg-base ../../build/my_robot_controller build --build-base /home/danivm/ros2_ws/build/my_robot_controller/build install --record /home/danivm/ros2_ws/build/my_robot_controller/install.log --single-version-externally-managed install_data
