[2.124s] Invoking command in '/home/danivm/ros2_ws/build/my_robot_controller': PYTHONPATH=/home/danivm/ros2_ws/build/my_robot_controller/prefix_override:/usr/lib/python3/dist-packages/colcon_core/task/python/colcon_distutils_commands:/home/danivm/ros2_ws/install/my_robot_controller/lib/python3.10/site-packages:${PYTHONPATH} /usr/bin/python3 -W ignore:setup.py install is deprecated -W ignore:easy_install command is deprecated setup.py develop --editable --build-directory /home/danivm/ros2_ws/build/my_robot_controller/build --no-deps symlink_data
[2.921s] running develop
[3.405s] running egg_info
[3.405s] writing my_robot_controller.egg-info/PKG-INFO
[3.406s] writing dependency_links to my_robot_controller.egg-info/dependency_links.txt
[3.408s] writing entry points to my_robot_controller.egg-info/entry_points.txt
[3.408s] writing requirements to my_robot_controller.egg-info/requires.txt
[3.410s] writing top-level names to my_robot_controller.egg-info/top_level.txt
[3.417s] reading manifest file 'my_robot_controller.egg-info/SOURCES.txt'
[3.420s] writing manifest file 'my_robot_controller.egg-info/SOURCES.txt'
[3.425s] running build_ext
[3.427s] Creating /home/danivm/ros2_ws/install/my_robot_controller/lib/python3.10/site-packages/my-robot-controller.egg-link (link to .)
[3.431s] Installing draw_circle script to /home/danivm/ros2_ws/install/my_robot_controller/lib/my_robot_controller
[3.432s] Installing pose_subscriber script to /home/danivm/ros2_ws/install/my_robot_controller/lib/my_robot_controller
[3.433s] Installing test_node script to /home/danivm/ros2_ws/install/my_robot_controller/lib/my_robot_controller
[3.433s] Installing turtle_controller script to /home/danivm/ros2_ws/install/my_robot_controller/lib/my_robot_controller
[3.434s] 
[3.434s] Installed /home/danivm/ros2_ws/build/my_robot_controller
[3.434s] running symlink_data
[3.520s] Invoked command in '/home/danivm/ros2_ws/build/my_robot_controller' returned '0': PYTHONPATH=/home/danivm/ros2_ws/build/my_robot_controller/prefix_override:/usr/lib/python3/dist-packages/colcon_core/task/python/colcon_distutils_commands:/home/danivm/ros2_ws/install/my_robot_controller/lib/python3.10/site-packages:${PYTHONPATH} /usr/bin/python3 -W ignore:setup.py install is deprecated -W ignore:easy_install command is deprecated setup.py develop --editable --build-directory /home/danivm/ros2_ws/build/my_robot_controller/build --no-deps symlink_data
