[0.154s] Invoking command in '/home/danivm/ros2_ws/build/my_robot_description': CMAKE_PREFIX_PATH=${CMAKE_PREFIX_PATH}:/home/danivm/ros2_ws/install/my_robot_controller:/opt/ros/humble /usr/bin/cmake --build /home/danivm/ros2_ws/build/my_robot_description -- -j2 -l2
[1.847s] Invoked command in '/home/danivm/ros2_ws/build/my_robot_description' returned '0': CMAKE_PREFIX_PATH=${CMAKE_PREFIX_PATH}:/home/danivm/ros2_ws/install/my_robot_controller:/opt/ros/humble /usr/bin/cmake --build /home/danivm/ros2_ws/build/my_robot_description -- -j2 -l2
[1.952s] Invoking command in '/home/danivm/ros2_ws/build/my_robot_description': CMAKE_PREFIX_PATH=${CMAKE_PREFIX_PATH}:/home/danivm/ros2_ws/install/my_robot_controller:/opt/ros/humble /usr/bin/cmake --install /home/danivm/ros2_ws/build/my_robot_description
[2.066s] -- Install configuration: ""
[2.070s] -- Execute custom install script
[2.073s] -- Up-to-date symlink: /home/danivm/ros2_ws/install/my_robot_description/share/my_robot_description//urdf/common_properties.xacro
[2.078s] -- Up-to-date symlink: /home/danivm/ros2_ws/install/my_robot_description/share/my_robot_description//urdf/mobile_base.xacro
[2.081s] -- Up-to-date symlink: /home/danivm/ros2_ws/install/my_robot_description/share/my_robot_description//urdf/my_robot.urdf.xacro
[2.085s] -- Up-to-date symlink: /home/danivm/ros2_ws/install/my_robot_description/share/my_robot_description//launch/display.launch.py
[2.086s] -- Up-to-date symlink: /home/danivm/ros2_ws/install/my_robot_description/share/my_robot_description//launch/display.launch.xml
[2.092s] -- Up-to-date symlink: /home/danivm/ros2_ws/install/my_robot_description/share/my_robot_description//rviz/urdf_config.rviz
[2.098s] -- Up-to-date symlink: /home/danivm/ros2_ws/install/my_robot_description/share/ament_index/resource_index/package_run_dependencies/my_robot_description
[2.099s] -- Up-to-date symlink: /home/danivm/ros2_ws/install/my_robot_description/share/ament_index/resource_index/parent_prefix_path/my_robot_description
[2.100s] -- Up-to-date symlink: /home/danivm/ros2_ws/install/my_robot_description/share/my_robot_description/environment/ament_prefix_path.sh
[2.103s] -- Up-to-date symlink: /home/danivm/ros2_ws/install/my_robot_description/share/my_robot_description/environment/ament_prefix_path.dsv
[2.130s] -- Up-to-date symlink: /home/danivm/ros2_ws/install/my_robot_description/share/my_robot_description/environment/path.sh
[2.130s] -- Up-to-date symlink: /home/danivm/ros2_ws/install/my_robot_description/share/my_robot_description/environment/path.dsv
[2.131s] -- Up-to-date symlink: /home/danivm/ros2_ws/install/my_robot_description/share/my_robot_description/local_setup.bash
[2.131s] -- Up-to-date symlink: /home/danivm/ros2_ws/install/my_robot_description/share/my_robot_description/local_setup.sh
[2.131s] -- Up-to-date symlink: /home/danivm/ros2_ws/install/my_robot_description/share/my_robot_description/local_setup.zsh
[2.154s] -- Up-to-date symlink: /home/danivm/ros2_ws/install/my_robot_description/share/my_robot_description/local_setup.dsv
[2.161s] -- Symlinking: /home/danivm/ros2_ws/install/my_robot_description/share/my_robot_description/package.dsv
[2.227s] -- Up-to-date symlink: /home/danivm/ros2_ws/install/my_robot_description/share/ament_index/resource_index/packages/my_robot_description
[2.236s] -- Up-to-date symlink: /home/danivm/ros2_ws/install/my_robot_description/share/my_robot_description/cmake/my_robot_descriptionConfig.cmake
[2.236s] -- Up-to-date symlink: /home/danivm/ros2_ws/install/my_robot_description/share/my_robot_description/cmake/my_robot_descriptionConfig-version.cmake
[2.238s] -- Up-to-date symlink: /home/danivm/ros2_ws/install/my_robot_description/share/my_robot_description/package.xml
[2.254s] Invoked command in '/home/danivm/ros2_ws/build/my_robot_description' returned '0': CMAKE_PREFIX_PATH=${CMAKE_PREFIX_PATH}:/home/danivm/ros2_ws/install/my_robot_controller:/opt/ros/humble /usr/bin/cmake --install /home/danivm/ros2_ws/build/my_robot_description
