[2.186s] Invoking command in '/home/danivm/ros2_ws/build/my_robot_controller': PYTHONPATH=/home/danivm/ros2_ws/build/my_robot_controller/prefix_override:/usr/lib/python3/dist-packages/colcon_core/task/python/colcon_distutils_commands:/home/danivm/ros2_ws/install/my_robot_controller/lib/python3.10/site-packages:${PYTHONPATH} /usr/bin/python3 -W ignore:setup.py install is deprecated -W ignore:easy_install command is deprecated setup.py develop --editable --build-directory /home/danivm/ros2_ws/build/my_robot_controller/build --no-deps symlink_data --force
[3.434s] running develop
[3.931s] running egg_info
[3.933s] writing my_robot_controller.egg-info/PKG-INFO
[3.934s] writing dependency_links to my_robot_controller.egg-info/dependency_links.txt
[3.934s] writing entry points to my_robot_controller.egg-info/entry_points.txt
[3.934s] writing requirements to my_robot_controller.egg-info/requires.txt
[3.934s] writing top-level names to my_robot_controller.egg-info/top_level.txt
[3.940s] reading manifest file 'my_robot_controller.egg-info/SOURCES.txt'
[3.942s] writing manifest file 'my_robot_controller.egg-info/SOURCES.txt'
[3.948s] running build_ext
[3.949s] Creating /home/danivm/ros2_ws/install/my_robot_controller/lib/python3.10/site-packages/my-robot-controller.egg-link (link to .)
[3.952s] Installing draw_circle script to /home/danivm/ros2_ws/install/my_robot_controller/lib/my_robot_controller
[3.953s] Installing pose_subscriber script to /home/danivm/ros2_ws/install/my_robot_controller/lib/my_robot_controller
[3.954s] Installing test_node script to /home/danivm/ros2_ws/install/my_robot_controller/lib/my_robot_controller
[3.954s] Installing turtle_controller script to /home/danivm/ros2_ws/install/my_robot_controller/lib/my_robot_controller
[3.955s] 
[3.955s] Installed /home/danivm/ros2_ws/build/my_robot_controller
[3.955s] running symlink_data
[3.955s] symbolically linking /home/danivm/ros2_ws/build/my_robot_controller/resource/my_robot_controller -> /home/danivm/ros2_ws/install/my_robot_controller/share/ament_index/resource_index/packages
[3.956s] symbolically linking /home/danivm/ros2_ws/build/my_robot_controller/package.xml -> /home/danivm/ros2_ws/install/my_robot_controller/share/my_robot_controller
[4.030s] Invoked command in '/home/danivm/ros2_ws/build/my_robot_controller' returned '0': PYTHONPATH=/home/danivm/ros2_ws/build/my_robot_controller/prefix_override:/usr/lib/python3/dist-packages/colcon_core/task/python/colcon_distutils_commands:/home/danivm/ros2_ws/install/my_robot_controller/lib/python3.10/site-packages:${PYTHONPATH} /usr/bin/python3 -W ignore:setup.py install is deprecated -W ignore:easy_install command is deprecated setup.py develop --editable --build-directory /home/danivm/ros2_ws/build/my_robot_controller/build --no-deps symlink_data --force
