[2.330s] Invoking command in '/home/danivm/ros2_ws/build/my_robot_controller': PYTHONPATH=/home/danivm/ros2_ws/build/my_robot_controller/prefix_override:/usr/lib/python3/dist-packages/colcon_core/task/python/colcon_distutils_commands:/home/danivm/ros2_ws/install/my_robot_controller/lib/python3.10/site-packages:${PYTHONPATH} /usr/bin/python3 -W ignore:setup.py install is deprecated -W ignore:easy_install command is deprecated setup.py develop --editable --build-directory /home/danivm/ros2_ws/build/my_robot_controller/build --no-deps symlink_data
[3.078s] running develop
[3.542s] running egg_info
[3.542s] writing my_robot_controller.egg-info/PKG-INFO
[3.544s] writing dependency_links to my_robot_controller.egg-info/dependency_links.txt
[3.544s] writing entry points to my_robot_controller.egg-info/entry_points.txt
[3.545s] writing requirements to my_robot_controller.egg-info/requires.txt
[3.546s] writing top-level names to my_robot_controller.egg-info/top_level.txt
[3.552s] reading manifest file 'my_robot_controller.egg-info/SOURCES.txt'
[3.555s] writing manifest file 'my_robot_controller.egg-info/SOURCES.txt'
[3.566s] running build_ext
[3.567s] Creating /home/danivm/ros2_ws/install/my_robot_controller/lib/python3.10/site-packages/my-robot-controller.egg-link (link to .)
[3.567s] Installing draw_circle script to /home/danivm/ros2_ws/install/my_robot_controller/lib/my_robot_controller
[3.568s] Installing pose_subscriber script to /home/danivm/ros2_ws/install/my_robot_controller/lib/my_robot_controller
[3.568s] Installing test_node script to /home/danivm/ros2_ws/install/my_robot_controller/lib/my_robot_controller
[3.568s] Installing turtle_controller script to /home/danivm/ros2_ws/install/my_robot_controller/lib/my_robot_controller
[3.569s] 
[3.569s] Installed /home/danivm/ros2_ws/build/my_robot_controller
[3.569s] running symlink_data
[3.650s] Invoked command in '/home/danivm/ros2_ws/build/my_robot_controller' returned '0': PYTHONPATH=/home/danivm/ros2_ws/build/my_robot_controller/prefix_override:/usr/lib/python3/dist-packages/colcon_core/task/python/colcon_distutils_commands:/home/danivm/ros2_ws/install/my_robot_controller/lib/python3.10/site-packages:${PYTHONPATH} /usr/bin/python3 -W ignore:setup.py install is deprecated -W ignore:easy_install command is deprecated setup.py develop --editable --build-directory /home/danivm/ros2_ws/build/my_robot_controller/build --no-deps symlink_data
