[0.127s] Invoking command in '/home/danivm/ros2_ws/build/my_robot_bringup': CMAKE_PREFIX_PATH=${CMAKE_PREFIX_PATH}:/home/danivm/ros2_ws/install/my_robot_controller:/opt/ros/humble /usr/bin/cmake /home/danivm/ros2_ws/src/my_robot_bringup -DAMENT_CMAKE_SYMLINK_INSTALL=1 -DCMAKE_INSTALL_PREFIX=/home/danivm/ros2_ws/install/my_robot_bringup
[1.213s] -- The C compiler identification is GNU 11.4.0
[2.167s] -- The CXX compiler identification is GNU 11.4.0
[2.307s] -- Detecting C compiler ABI info
[3.281s] -- Detecting C compiler ABI info - done
[3.307s] -- Check for working C compiler: /usr/bin/cc - skipped
[3.333s] -- Detecting C compile features
[3.340s] -- Detecting C compile features - done
[3.395s] -- Detecting CXX compiler ABI info
[4.705s] -- Detecting CXX compiler ABI info - done
[4.946s] -- Check for working CXX compiler: /usr/bin/c++ - skipped
[4.958s] -- Detecting CXX compile features
[4.959s] -- Detecting CXX compile features - done
[5.110s] -- Found ament_cmake: 1.3.11 (/opt/ros/humble/share/ament_cmake/cmake)
[6.781s] -- Found Python3: /usr/bin/python3 (found version "3.10.12") found components: Interpreter 
[7.472s] -- Override CMake install command with custom implementation using symlinks instead of copying resources
[8.762s] -- Configuring done
[8.796s] -- Generating done
[8.814s] -- Build files have been written to: /home/danivm/ros2_ws/build/my_robot_bringup
[8.877s] Invoked command in '/home/danivm/ros2_ws/build/my_robot_bringup' returned '0': CMAKE_PREFIX_PATH=${CMAKE_PREFIX_PATH}:/home/danivm/ros2_ws/install/my_robot_controller:/opt/ros/humble /usr/bin/cmake /home/danivm/ros2_ws/src/my_robot_bringup -DAMENT_CMAKE_SYMLINK_INSTALL=1 -DCMAKE_INSTALL_PREFIX=/home/danivm/ros2_ws/install/my_robot_bringup
[8.883s] Invoking command in '/home/danivm/ros2_ws/build/my_robot_bringup': CMAKE_PREFIX_PATH=${CMAKE_PREFIX_PATH}:/home/danivm/ros2_ws/install/my_robot_controller:/opt/ros/humble /usr/bin/cmake --build /home/danivm/ros2_ws/build/my_robot_bringup -- -j2 -l2
[9.452s] Invoked command in '/home/danivm/ros2_ws/build/my_robot_bringup' returned '0': CMAKE_PREFIX_PATH=${CMAKE_PREFIX_PATH}:/home/danivm/ros2_ws/install/my_robot_controller:/opt/ros/humble /usr/bin/cmake --build /home/danivm/ros2_ws/build/my_robot_bringup -- -j2 -l2
[9.464s] Invoking command in '/home/danivm/ros2_ws/build/my_robot_bringup': CMAKE_PREFIX_PATH=${CMAKE_PREFIX_PATH}:/home/danivm/ros2_ws/install/my_robot_controller:/opt/ros/humble /usr/bin/cmake --install /home/danivm/ros2_ws/build/my_robot_bringup
[9.541s] -- Install configuration: ""
[9.543s] -- Execute custom install script
[9.546s] -- Symlinking: /home/danivm/ros2_ws/install/my_robot_bringup/share/my_robot_bringup/launch/my_robot_gazebo.launch.xml
[9.647s] -- Symlinking: /home/danivm/ros2_ws/install/my_robot_bringup/share/ament_index/resource_index/package_run_dependencies/my_robot_bringup
[9.734s] -- Symlinking: /home/danivm/ros2_ws/install/my_robot_bringup/share/ament_index/resource_index/parent_prefix_path/my_robot_bringup
[9.820s] -- Symlinking: /home/danivm/ros2_ws/install/my_robot_bringup/share/my_robot_bringup/environment/ament_prefix_path.sh
[9.910s] -- Symlinking: /home/danivm/ros2_ws/install/my_robot_bringup/share/my_robot_bringup/environment/ament_prefix_path.dsv
[9.999s] -- Symlinking: /home/danivm/ros2_ws/install/my_robot_bringup/share/my_robot_bringup/environment/path.sh
[10.091s] -- Symlinking: /home/danivm/ros2_ws/install/my_robot_bringup/share/my_robot_bringup/environment/path.dsv
[10.185s] -- Symlinking: /home/danivm/ros2_ws/install/my_robot_bringup/share/my_robot_bringup/local_setup.bash
[10.281s] -- Symlinking: /home/danivm/ros2_ws/install/my_robot_bringup/share/my_robot_bringup/local_setup.sh
[10.364s] -- Symlinking: /home/danivm/ros2_ws/install/my_robot_bringup/share/my_robot_bringup/local_setup.zsh
[10.448s] -- Symlinking: /home/danivm/ros2_ws/install/my_robot_bringup/share/my_robot_bringup/local_setup.dsv
[10.531s] -- Symlinking: /home/danivm/ros2_ws/install/my_robot_bringup/share/my_robot_bringup/package.dsv
[10.625s] -- Symlinking: /home/danivm/ros2_ws/install/my_robot_bringup/share/ament_index/resource_index/packages/my_robot_bringup
[10.715s] -- Symlinking: /home/danivm/ros2_ws/install/my_robot_bringup/share/my_robot_bringup/cmake/my_robot_bringupConfig.cmake
[10.803s] -- Symlinking: /home/danivm/ros2_ws/install/my_robot_bringup/share/my_robot_bringup/cmake/my_robot_bringupConfig-version.cmake
[10.879s] -- Symlinking: /home/danivm/ros2_ws/install/my_robot_bringup/share/my_robot_bringup/package.xml
[10.980s] Invoked command in '/home/danivm/ros2_ws/build/my_robot_bringup' returned '0': CMAKE_PREFIX_PATH=${CMAKE_PREFIX_PATH}:/home/danivm/ros2_ws/install/my_robot_controller:/opt/ros/humble /usr/bin/cmake --install /home/danivm/ros2_ws/build/my_robot_bringup
