[4.850s] Invoking command in '/home/danivm/ros2_ws/build/my_robot_controller': PYTHONPATH=/home/danivm/ros2_ws/build/my_robot_controller/prefix_override:/usr/lib/python3/dist-packages/colcon_core/task/python/colcon_distutils_commands:/home/danivm/ros2_ws/install/my_robot_controller/lib/python3.10/site-packages:${PYTHONPATH} /usr/bin/python3 -W ignore:setup.py install is deprecated -W ignore:easy_install command is deprecated setup.py develop --editable --build-directory /home/danivm/ros2_ws/build/my_robot_controller/build --no-deps symlink_data
[6.338s] running develop
[7.298s] running egg_info
[7.305s] writing my_robot_controller.egg-info/PKG-INFO
[7.308s] writing dependency_links to my_robot_controller.egg-info/dependency_links.txt
[7.309s] writing entry points to my_robot_controller.egg-info/entry_points.txt
[7.310s] writing requirements to my_robot_controller.egg-info/requires.txt
[7.310s] writing top-level names to my_robot_controller.egg-info/top_level.txt
[7.318s] reading manifest file 'my_robot_controller.egg-info/SOURCES.txt'
[7.324s] writing manifest file 'my_robot_controller.egg-info/SOURCES.txt'
[7.331s] running build_ext
[7.336s] Creating /home/danivm/ros2_ws/install/my_robot_controller/lib/python3.10/site-packages/my-robot-controller.egg-link (link to .)
[7.343s] Installing draw_circle script to /home/danivm/ros2_ws/install/my_robot_controller/lib/my_robot_controller
[7.349s] Installing pose_subscriber script to /home/danivm/ros2_ws/install/my_robot_controller/lib/my_robot_controller
[7.350s] Installing test_node script to /home/danivm/ros2_ws/install/my_robot_controller/lib/my_robot_controller
[7.350s] Installing turtle_controller script to /home/danivm/ros2_ws/install/my_robot_controller/lib/my_robot_controller
[7.350s] 
[7.352s] Installed /home/danivm/ros2_ws/build/my_robot_controller
[7.352s] running symlink_data
[7.460s] Invoked command in '/home/danivm/ros2_ws/build/my_robot_controller' returned '0': PYTHONPATH=/home/danivm/ros2_ws/build/my_robot_controller/prefix_override:/usr/lib/python3/dist-packages/colcon_core/task/python/colcon_distutils_commands:/home/danivm/ros2_ws/install/my_robot_controller/lib/python3.10/site-packages:${PYTHONPATH} /usr/bin/python3 -W ignore:setup.py install is deprecated -W ignore:easy_install command is deprecated setup.py develop --editable --build-directory /home/danivm/ros2_ws/build/my_robot_controller/build --no-deps symlink_data
