[0.193s] Invoking command in '/home/danivm/ros2_ws/build/my_robot_description': CMAKE_PREFIX_PATH=${CMAKE_PREFIX_PATH}:/home/danivm/ros2_ws/install/my_robot_controller:/opt/ros/humble /usr/bin/cmake --build /home/danivm/ros2_ws/build/my_robot_description -- -j2 -l2
[1.836s] Invoked command in '/home/danivm/ros2_ws/build/my_robot_description' returned '0': CMAKE_PREFIX_PATH=${CMAKE_PREFIX_PATH}:/home/danivm/ros2_ws/install/my_robot_controller:/opt/ros/humble /usr/bin/cmake --build /home/danivm/ros2_ws/build/my_robot_description -- -j2 -l2
[1.969s] Invoking command in '/home/danivm/ros2_ws/build/my_robot_description': CMAKE_PREFIX_PATH=${CMAKE_PREFIX_PATH}:/home/danivm/ros2_ws/install/my_robot_controller:/opt/ros/humble /usr/bin/cmake --install /home/danivm/ros2_ws/build/my_robot_description
[2.085s] -- Install configuration: ""
[2.092s] -- Execute custom install script
[2.098s] -- Up-to-date symlink: /home/danivm/ros2_ws/install/my_robot_description/share/my_robot_description//urdf/common_properties.xacro
[2.101s] -- Up-to-date symlink: /home/danivm/ros2_ws/install/my_robot_description/share/my_robot_description//urdf/mobile_base.xacro
[2.105s] -- Up-to-date symlink: /home/danivm/ros2_ws/install/my_robot_description/share/my_robot_description//urdf/my_robot.urdf.xacro
[2.113s] -- Up-to-date symlink: /home/danivm/ros2_ws/install/my_robot_description/share/my_robot_description//launch/display.launch.py
[2.120s] -- Up-to-date symlink: /home/danivm/ros2_ws/install/my_robot_description/share/my_robot_description//launch/display.launch.xml
[2.131s] -- Up-to-date symlink: /home/danivm/ros2_ws/install/my_robot_description/share/my_robot_description//rviz/urdf_config.rviz
[2.142s] -- Up-to-date symlink: /home/danivm/ros2_ws/install/my_robot_description/share/ament_index/resource_index/package_run_dependencies/my_robot_description
[2.143s] -- Up-to-date symlink: /home/danivm/ros2_ws/install/my_robot_description/share/ament_index/resource_index/parent_prefix_path/my_robot_description
[2.146s] -- Up-to-date symlink: /home/danivm/ros2_ws/install/my_robot_description/share/my_robot_description/environment/ament_prefix_path.sh
[2.151s] -- Up-to-date symlink: /home/danivm/ros2_ws/install/my_robot_description/share/my_robot_description/environment/ament_prefix_path.dsv
[2.156s] -- Up-to-date symlink: /home/danivm/ros2_ws/install/my_robot_description/share/my_robot_description/environment/path.sh
[2.157s] -- Up-to-date symlink: /home/danivm/ros2_ws/install/my_robot_description/share/my_robot_description/environment/path.dsv
[2.160s] -- Up-to-date symlink: /home/danivm/ros2_ws/install/my_robot_description/share/my_robot_description/local_setup.bash
[2.170s] -- Up-to-date symlink: /home/danivm/ros2_ws/install/my_robot_description/share/my_robot_description/local_setup.sh
[2.192s] -- Up-to-date symlink: /home/danivm/ros2_ws/install/my_robot_description/share/my_robot_description/local_setup.zsh
[2.192s] -- Up-to-date symlink: /home/danivm/ros2_ws/install/my_robot_description/share/my_robot_description/local_setup.dsv
[2.193s] -- Symlinking: /home/danivm/ros2_ws/install/my_robot_description/share/my_robot_description/package.dsv
[2.353s] -- Up-to-date symlink: /home/danivm/ros2_ws/install/my_robot_description/share/ament_index/resource_index/packages/my_robot_description
[2.363s] -- Up-to-date symlink: /home/danivm/ros2_ws/install/my_robot_description/share/my_robot_description/cmake/my_robot_descriptionConfig.cmake
[2.366s] -- Up-to-date symlink: /home/danivm/ros2_ws/install/my_robot_description/share/my_robot_description/cmake/my_robot_descriptionConfig-version.cmake
[2.372s] -- Up-to-date symlink: /home/danivm/ros2_ws/install/my_robot_description/share/my_robot_description/package.xml
[2.407s] Invoked command in '/home/danivm/ros2_ws/build/my_robot_description' returned '0': CMAKE_PREFIX_PATH=${CMAKE_PREFIX_PATH}:/home/danivm/ros2_ws/install/my_robot_controller:/opt/ros/humble /usr/bin/cmake --install /home/danivm/ros2_ws/build/my_robot_description
