[1.822s] Invoking command in '/home/danivm/ros2_ws/src/my_robot_controller': PYTHONPATH=/home/danivm/ros2_ws/build/my_robot_controller/prefix_override:/usr/lib/python3/dist-packages/colcon_core/task/python/colcon_distutils_commands:/home/danivm/ros2_ws/install/my_robot_controller/lib/python3.10/site-packages:${PYTHONPATH} /usr/bin/python3 -W ignore:setup.py install is deprecated -W ignore:easy_install command is deprecated setup.py egg_info --egg-base ../../build/my_robot_controller build --build-base /home/danivm/ros2_ws/build/my_robot_controller/build install --record /home/danivm/ros2_ws/build/my_robot_controller/install.log --single-version-externally-managed install_data
[2.445s] running egg_info
[2.447s] creating ../../build/my_robot_controller/my_robot_controller.egg-info
[2.447s] writing ../../build/my_robot_controller/my_robot_controller.egg-info/PKG-INFO
[2.448s] writing dependency_links to ../../build/my_robot_controller/my_robot_controller.egg-info/dependency_links.txt
[2.449s] writing entry points to ../../build/my_robot_controller/my_robot_controller.egg-info/entry_points.txt
[2.449s] writing requirements to ../../build/my_robot_controller/my_robot_controller.egg-info/requires.txt
[2.450s] writing top-level names to ../../build/my_robot_controller/my_robot_controller.egg-info/top_level.txt
[2.450s] writing manifest file '../../build/my_robot_controller/my_robot_controller.egg-info/SOURCES.txt'
[2.456s] reading manifest file '../../build/my_robot_controller/my_robot_controller.egg-info/SOURCES.txt'
[2.456s] writing manifest file '../../build/my_robot_controller/my_robot_controller.egg-info/SOURCES.txt'
[2.457s] running build
[2.457s] running build_py
[2.458s] creating /home/danivm/ros2_ws/build/my_robot_controller/build
[2.459s] creating /home/danivm/ros2_ws/build/my_robot_controller/build/lib
[2.459s] creating /home/danivm/ros2_ws/build/my_robot_controller/build/lib/my_robot_controller
[2.459s] copying my_robot_controller/__init__.py -> /home/danivm/ros2_ws/build/my_robot_controller/build/lib/my_robot_controller
[2.460s] running install
[2.462s] running install_lib
[2.465s] creating /home/danivm/ros2_ws/install/my_robot_controller/lib/python3.10/site-packages/my_robot_controller
[2.465s] copying /home/danivm/ros2_ws/build/my_robot_controller/build/lib/my_robot_controller/__init__.py -> /home/danivm/ros2_ws/install/my_robot_controller/lib/python3.10/site-packages/my_robot_controller
[2.469s] byte-compiling /home/danivm/ros2_ws/install/my_robot_controller/lib/python3.10/site-packages/my_robot_controller/__init__.py to __init__.cpython-310.pyc
[2.469s] running install_data
[2.470s] creating /home/danivm/ros2_ws/install/my_robot_controller/share/ament_index
[2.471s] creating /home/danivm/ros2_ws/install/my_robot_controller/share/ament_index/resource_index
[2.471s] creating /home/danivm/ros2_ws/install/my_robot_controller/share/ament_index/resource_index/packages
[2.471s] copying resource/my_robot_controller -> /home/danivm/ros2_ws/install/my_robot_controller/share/ament_index/resource_index/packages
[2.472s] copying package.xml -> /home/danivm/ros2_ws/install/my_robot_controller/share/my_robot_controller
[2.472s] running install_egg_info
[2.474s] Copying ../../build/my_robot_controller/my_robot_controller.egg-info to /home/danivm/ros2_ws/install/my_robot_controller/lib/python3.10/site-packages/my_robot_controller-0.0.0-py3.10.egg-info
[2.479s] running install_scripts
[2.533s] writing list of installed files to '/home/danivm/ros2_ws/build/my_robot_controller/install.log'
[2.595s] Invoked command in '/home/danivm/ros2_ws/src/my_robot_controller' returned '0': PYTHONPATH=/home/danivm/ros2_ws/build/my_robot_controller/prefix_override:/usr/lib/python3/dist-packages/colcon_core/task/python/colcon_distutils_commands:/home/danivm/ros2_ws/install/my_robot_controller/lib/python3.10/site-packages:${PYTHONPATH} /usr/bin/python3 -W ignore:setup.py install is deprecated -W ignore:easy_install command is deprecated setup.py egg_info --egg-base ../../build/my_robot_controller build --build-base /home/danivm/ros2_ws/build/my_robot_controller/build install --record /home/danivm/ros2_ws/build/my_robot_controller/install.log --single-version-externally-managed install_data
