[0.830s] Invoking command in '/home/danivm/ros2_ws/build/my_robot_description': CMAKE_PREFIX_PATH=${CMAKE_PREFIX_PATH}:/home/danivm/ros2_ws/install/my_robot_controller:/opt/ros/humble /usr/bin/cmake --build /home/danivm/ros2_ws/build/my_robot_description -- -j2 -l2
[1.068s] Invoked command in '/home/danivm/ros2_ws/build/my_robot_description' returned '0': CMAKE_PREFIX_PATH=${CMAKE_PREFIX_PATH}:/home/danivm/ros2_ws/install/my_robot_controller:/opt/ros/humble /usr/bin/cmake --build /home/danivm/ros2_ws/build/my_robot_description -- -j2 -l2
[1.119s] Invoking command in '/home/danivm/ros2_ws/build/my_robot_description': CMAKE_PREFIX_PATH=${CMAKE_PREFIX_PATH}:/home/danivm/ros2_ws/install/my_robot_controller:/opt/ros/humble /usr/bin/cmake --install /home/danivm/ros2_ws/build/my_robot_description
[1.157s] -- Install configuration: ""
[1.160s] -- Up-to-date: /home/danivm/ros2_ws/install/my_robot_description/share/my_robot_description//urdf
[1.161s] -- Installing: /home/danivm/ros2_ws/install/my_robot_description/share/my_robot_description//urdf/my_robot.urdf.xacro
[1.161s] -- Up-to-date: /home/danivm/ros2_ws/install/my_robot_description/share/my_robot_description//launch
[1.164s] -- Installing: /home/danivm/ros2_ws/install/my_robot_description/share/my_robot_description//launch/display.launch.xml
[1.165s] -- Installing: /home/danivm/ros2_ws/install/my_robot_description/share/my_robot_description//launch/display.launch.py
[1.166s] -- Up-to-date: /home/danivm/ros2_ws/install/my_robot_description/share/my_robot_description//rviz
[1.168s] -- Up-to-date: /home/danivm/ros2_ws/install/my_robot_description/share/my_robot_description//rviz/urdf_config.rviz
[1.169s] -- Up-to-date: /home/danivm/ros2_ws/install/my_robot_description/share/ament_index/resource_index/package_run_dependencies/my_robot_description
[1.171s] -- Up-to-date: /home/danivm/ros2_ws/install/my_robot_description/share/ament_index/resource_index/parent_prefix_path/my_robot_description
[1.172s] -- Up-to-date: /home/danivm/ros2_ws/install/my_robot_description/share/my_robot_description/environment/ament_prefix_path.sh
[1.172s] -- Up-to-date: /home/danivm/ros2_ws/install/my_robot_description/share/my_robot_description/environment/ament_prefix_path.dsv
[1.174s] -- Up-to-date: /home/danivm/ros2_ws/install/my_robot_description/share/my_robot_description/environment/path.sh
[1.176s] -- Up-to-date: /home/danivm/ros2_ws/install/my_robot_description/share/my_robot_description/environment/path.dsv
[1.176s] -- Up-to-date: /home/danivm/ros2_ws/install/my_robot_description/share/my_robot_description/local_setup.bash
[1.177s] -- Up-to-date: /home/danivm/ros2_ws/install/my_robot_description/share/my_robot_description/local_setup.sh
[1.177s] -- Up-to-date: /home/danivm/ros2_ws/install/my_robot_description/share/my_robot_description/local_setup.zsh
[1.177s] -- Up-to-date: /home/danivm/ros2_ws/install/my_robot_description/share/my_robot_description/local_setup.dsv
[1.178s] -- Up-to-date: /home/danivm/ros2_ws/install/my_robot_description/share/my_robot_description/package.dsv
[1.179s] -- Up-to-date: /home/danivm/ros2_ws/install/my_robot_description/share/ament_index/resource_index/packages/my_robot_description
[1.181s] -- Up-to-date: /home/danivm/ros2_ws/install/my_robot_description/share/my_robot_description/cmake/my_robot_descriptionConfig.cmake
[1.182s] -- Up-to-date: /home/danivm/ros2_ws/install/my_robot_description/share/my_robot_description/cmake/my_robot_descriptionConfig-version.cmake
[1.183s] -- Up-to-date: /home/danivm/ros2_ws/install/my_robot_description/share/my_robot_description/package.xml
[1.192s] Invoked command in '/home/danivm/ros2_ws/build/my_robot_description' returned '0': CMAKE_PREFIX_PATH=${CMAKE_PREFIX_PATH}:/home/danivm/ros2_ws/install/my_robot_controller:/opt/ros/humble /usr/bin/cmake --install /home/danivm/ros2_ws/build/my_robot_description
