[0.962s] Invoking command in '/home/danivm/ros2_ws/build/my_robot_description': CMAKE_PREFIX_PATH=${CMAKE_PREFIX_PATH}:/home/danivm/ros2_ws/install/my_robot_controller:/opt/ros/humble /usr/bin/cmake --build /home/danivm/ros2_ws/build/my_robot_description -- -j2 -l2
[1.084s] -- Found ament_cmake: 1.3.11 (/opt/ros/humble/share/ament_cmake/cmake)
[1.557s] -- Override CMake install command with custom implementation using symlinks instead of copying resources
[1.835s] -- Configuring done
[1.853s] -- Generating done
[1.869s] -- Build files have been written to: /home/danivm/ros2_ws/build/my_robot_description
[1.972s] Invoked command in '/home/danivm/ros2_ws/build/my_robot_description' returned '0': CMAKE_PREFIX_PATH=${CMAKE_PREFIX_PATH}:/home/danivm/ros2_ws/install/my_robot_controller:/opt/ros/humble /usr/bin/cmake --build /home/danivm/ros2_ws/build/my_robot_description -- -j2 -l2
[2.005s] Invoking command in '/home/danivm/ros2_ws/build/my_robot_description': CMAKE_PREFIX_PATH=${CMAKE_PREFIX_PATH}:/home/danivm/ros2_ws/install/my_robot_controller:/opt/ros/humble /usr/bin/cmake --install /home/danivm/ros2_ws/build/my_robot_description
[2.044s] -- Install configuration: ""
[2.047s] -- Execute custom install script
[2.051s] -- Up-to-date symlink: /home/danivm/ros2_ws/install/my_robot_description/share/my_robot_description//urdf/common_properties.xacro
[2.052s] -- Up-to-date symlink: /home/danivm/ros2_ws/install/my_robot_description/share/my_robot_description//urdf/mobile_base.xacro
[2.053s] -- Up-to-date symlink: /home/danivm/ros2_ws/install/my_robot_description/share/my_robot_description//urdf/my_robot.urdf.xacro
[2.054s] -- Up-to-date symlink: /home/danivm/ros2_ws/install/my_robot_description/share/my_robot_description//launch/display.launch.py
[2.054s] -- Up-to-date symlink: /home/danivm/ros2_ws/install/my_robot_description/share/my_robot_description//launch/display.launch.xml
[2.056s] -- Up-to-date symlink: /home/danivm/ros2_ws/install/my_robot_description/share/my_robot_description//rviz/urdf_config.rviz
[2.057s] -- Up-to-date symlink: /home/danivm/ros2_ws/install/my_robot_description/share/ament_index/resource_index/package_run_dependencies/my_robot_description
[2.059s] -- Up-to-date symlink: /home/danivm/ros2_ws/install/my_robot_description/share/ament_index/resource_index/parent_prefix_path/my_robot_description
[2.060s] -- Up-to-date symlink: /home/danivm/ros2_ws/install/my_robot_description/share/my_robot_description/environment/ament_prefix_path.sh
[2.061s] -- Up-to-date symlink: /home/danivm/ros2_ws/install/my_robot_description/share/my_robot_description/environment/ament_prefix_path.dsv
[2.062s] -- Up-to-date symlink: /home/danivm/ros2_ws/install/my_robot_description/share/my_robot_description/environment/path.sh
[2.064s] -- Up-to-date symlink: /home/danivm/ros2_ws/install/my_robot_description/share/my_robot_description/environment/path.dsv
[2.065s] -- Up-to-date symlink: /home/danivm/ros2_ws/install/my_robot_description/share/my_robot_description/local_setup.bash
[2.065s] -- Up-to-date symlink: /home/danivm/ros2_ws/install/my_robot_description/share/my_robot_description/local_setup.sh
[2.066s] -- Up-to-date symlink: /home/danivm/ros2_ws/install/my_robot_description/share/my_robot_description/local_setup.zsh
[2.068s] -- Up-to-date symlink: /home/danivm/ros2_ws/install/my_robot_description/share/my_robot_description/local_setup.dsv
[2.071s] -- Symlinking: /home/danivm/ros2_ws/install/my_robot_description/share/my_robot_description/package.dsv
[2.105s] -- Up-to-date symlink: /home/danivm/ros2_ws/install/my_robot_description/share/ament_index/resource_index/packages/my_robot_description
[2.112s] -- Up-to-date symlink: /home/danivm/ros2_ws/install/my_robot_description/share/my_robot_description/cmake/my_robot_descriptionConfig.cmake
[2.112s] -- Up-to-date symlink: /home/danivm/ros2_ws/install/my_robot_description/share/my_robot_description/cmake/my_robot_descriptionConfig-version.cmake
[2.113s] -- Up-to-date symlink: /home/danivm/ros2_ws/install/my_robot_description/share/my_robot_description/package.xml
[2.119s] Invoked command in '/home/danivm/ros2_ws/build/my_robot_description' returned '0': CMAKE_PREFIX_PATH=${CMAKE_PREFIX_PATH}:/home/danivm/ros2_ws/install/my_robot_controller:/opt/ros/humble /usr/bin/cmake --install /home/danivm/ros2_ws/build/my_robot_description
