[0.767s] Invoking command in '/home/danivm/ros2_ws/build/my_robot_description': CMAKE_PREFIX_PATH=${CMAKE_PREFIX_PATH}:/home/danivm/ros2_ws/install/my_robot_controller:/opt/ros/humble /usr/bin/cmake --build /home/danivm/ros2_ws/build/my_robot_description -- -j2 -l2
[0.877s] -- Found ament_cmake: 1.3.11 (/opt/ros/humble/share/ament_cmake/cmake)
[1.321s] -- Override CMake install command with custom implementation using symlinks instead of copying resources
[1.383s] -- Found xacro: 2.0.8 (/opt/ros/humble/share/xacro/cmake)
[1.614s] -- Configuring done
[1.626s] -- Generating done
[1.636s] -- Build files have been written to: /home/danivm/ros2_ws/build/my_robot_description
[1.723s] Invoked command in '/home/danivm/ros2_ws/build/my_robot_description' returned '0': CMAKE_PREFIX_PATH=${CMAKE_PREFIX_PATH}:/home/danivm/ros2_ws/install/my_robot_controller:/opt/ros/humble /usr/bin/cmake --build /home/danivm/ros2_ws/build/my_robot_description -- -j2 -l2
[1.765s] Invoking command in '/home/danivm/ros2_ws/build/my_robot_description': CMAKE_PREFIX_PATH=${CMAKE_PREFIX_PATH}:/home/danivm/ros2_ws/install/my_robot_controller:/opt/ros/humble /usr/bin/cmake --install /home/danivm/ros2_ws/build/my_robot_description
[1.797s] -- Install configuration: ""
[1.799s] -- Execute custom install script
[1.801s] -- Up-to-date symlink: /home/danivm/ros2_ws/install/my_robot_description/share/my_robot_description//urdf/common_properties.xacro
[1.802s] -- Up-to-date symlink: /home/danivm/ros2_ws/install/my_robot_description/share/my_robot_description//urdf/mobile_base.xacro
[1.804s] -- Up-to-date symlink: /home/danivm/ros2_ws/install/my_robot_description/share/my_robot_description//urdf/my_robot.urdf.xacro
[1.804s] -- Up-to-date symlink: /home/danivm/ros2_ws/install/my_robot_description/share/my_robot_description//launch/display.launch.py
[1.806s] -- Up-to-date symlink: /home/danivm/ros2_ws/install/my_robot_description/share/my_robot_description//launch/display.launch.xml
[1.807s] -- Up-to-date symlink: /home/danivm/ros2_ws/install/my_robot_description/share/my_robot_description//rviz/urdf_config.rviz
[1.807s] -- Up-to-date symlink: /home/danivm/ros2_ws/install/my_robot_description/share/ament_index/resource_index/package_run_dependencies/my_robot_description
[1.807s] -- Up-to-date symlink: /home/danivm/ros2_ws/install/my_robot_description/share/ament_index/resource_index/parent_prefix_path/my_robot_description
[1.808s] -- Up-to-date symlink: /home/danivm/ros2_ws/install/my_robot_description/share/my_robot_description/environment/ament_prefix_path.sh
[1.809s] -- Up-to-date symlink: /home/danivm/ros2_ws/install/my_robot_description/share/my_robot_description/environment/ament_prefix_path.dsv
[1.809s] -- Up-to-date symlink: /home/danivm/ros2_ws/install/my_robot_description/share/my_robot_description/environment/path.sh
[1.810s] -- Up-to-date symlink: /home/danivm/ros2_ws/install/my_robot_description/share/my_robot_description/environment/path.dsv
[1.810s] -- Up-to-date symlink: /home/danivm/ros2_ws/install/my_robot_description/share/my_robot_description/local_setup.bash
[1.811s] -- Up-to-date symlink: /home/danivm/ros2_ws/install/my_robot_description/share/my_robot_description/local_setup.sh
[1.811s] -- Up-to-date symlink: /home/danivm/ros2_ws/install/my_robot_description/share/my_robot_description/local_setup.zsh
[1.812s] -- Up-to-date symlink: /home/danivm/ros2_ws/install/my_robot_description/share/my_robot_description/local_setup.dsv
[1.812s] -- Symlinking: /home/danivm/ros2_ws/install/my_robot_description/share/my_robot_description/package.dsv
[1.855s] -- Up-to-date symlink: /home/danivm/ros2_ws/install/my_robot_description/share/ament_index/resource_index/packages/my_robot_description
[1.856s] -- Up-to-date symlink: /home/danivm/ros2_ws/install/my_robot_description/share/my_robot_description/cmake/my_robot_descriptionConfig.cmake
[1.858s] -- Up-to-date symlink: /home/danivm/ros2_ws/install/my_robot_description/share/my_robot_description/cmake/my_robot_descriptionConfig-version.cmake
[1.859s] -- Up-to-date symlink: /home/danivm/ros2_ws/install/my_robot_description/share/my_robot_description/package.xml
[1.867s] Invoked command in '/home/danivm/ros2_ws/build/my_robot_description' returned '0': CMAKE_PREFIX_PATH=${CMAKE_PREFIX_PATH}:/home/danivm/ros2_ws/install/my_robot_controller:/opt/ros/humble /usr/bin/cmake --install /home/danivm/ros2_ws/build/my_robot_description
