[1.697s] Invoking command in '/home/danivm/ros2_ws/build/my_robot_controller': PYTHONPATH=/home/danivm/ros2_ws/build/my_robot_controller/prefix_override:/usr/lib/python3/dist-packages/colcon_core/task/python/colcon_distutils_commands:/home/danivm/ros2_ws/install/my_robot_controller/lib/python3.10/site-packages:${PYTHONPATH} /usr/bin/python3 -W ignore:setup.py install is deprecated -W ignore:easy_install command is deprecated setup.py develop --editable --build-directory /home/danivm/ros2_ws/build/my_robot_controller/build --no-deps symlink_data
[2.448s] running develop
[2.822s] running egg_info
[2.822s] writing my_robot_controller.egg-info/PKG-INFO
[2.824s] writing dependency_links to my_robot_controller.egg-info/dependency_links.txt
[2.825s] writing entry points to my_robot_controller.egg-info/entry_points.txt
[2.826s] writing requirements to my_robot_controller.egg-info/requires.txt
[2.828s] writing top-level names to my_robot_controller.egg-info/top_level.txt
[2.832s] reading manifest file 'my_robot_controller.egg-info/SOURCES.txt'
[2.835s] writing manifest file 'my_robot_controller.egg-info/SOURCES.txt'
[2.839s] running build_ext
[2.840s] Creating /home/danivm/ros2_ws/install/my_robot_controller/lib/python3.10/site-packages/my-robot-controller.egg-link (link to .)
[2.843s] Installing draw_circle script to /home/danivm/ros2_ws/install/my_robot_controller/lib/my_robot_controller
[2.844s] Installing pose_subscriber script to /home/danivm/ros2_ws/install/my_robot_controller/lib/my_robot_controller
[2.845s] Installing test_node script to /home/danivm/ros2_ws/install/my_robot_controller/lib/my_robot_controller
[2.848s] Installing turtle_controller script to /home/danivm/ros2_ws/install/my_robot_controller/lib/my_robot_controller
[2.849s] 
[2.849s] Installed /home/danivm/ros2_ws/build/my_robot_controller
[2.849s] running symlink_data
[2.926s] Invoked command in '/home/danivm/ros2_ws/build/my_robot_controller' returned '0': PYTHONPATH=/home/danivm/ros2_ws/build/my_robot_controller/prefix_override:/usr/lib/python3/dist-packages/colcon_core/task/python/colcon_distutils_commands:/home/danivm/ros2_ws/install/my_robot_controller/lib/python3.10/site-packages:${PYTHONPATH} /usr/bin/python3 -W ignore:setup.py install is deprecated -W ignore:easy_install command is deprecated setup.py develop --editable --build-directory /home/danivm/ros2_ws/build/my_robot_controller/build --no-deps symlink_data
