[0.359s] DEBUG:colcon:Command line arguments: ['/usr/bin/colcon', 'build']
[0.359s] DEBUG:colcon:Parsed command line arguments: Namespace(log_base=None, log_level=None, verb_name='build', build_base='build', install_base='install', merge_install=False, symlink_install=False, test_result_base=None, continue_on_error=False, executor='parallel', parallel_workers=2, event_handlers=None, ignore_user_meta=False, metas=['./colcon.meta'], base_paths=['.'], packages_ignore=None, packages_ignore_regex=None, paths=None, packages_up_to=None, packages_up_to_regex=None, packages_above=None, packages_above_and_dependencies=None, packages_above_depth=None, packages_select_by_dep=None, packages_skip_by_dep=None, packages_skip_up_to=None, packages_select_build_failed=False, packages_skip_build_finished=False, packages_select_test_failures=False, packages_skip_test_passed=False, packages_select=None, packages_skip=None, packages_select_regex=None, packages_skip_regex=None, packages_start=None, packages_end=None, allow_overriding=[], cmake_args=None, cmake_target=None, cmake_target_skip_unavailable=False, cmake_clean_cache=False, cmake_clean_first=False, cmake_force_configure=False, ament_cmake_args=None, catkin_cmake_args=None, catkin_skip_building_tests=False, verb_parser=<colcon_defaults.argument_parser.defaults.DefaultArgumentsDecorator object at 0x7c7aaa7501c0>, verb_extension=<colcon_core.verb.build.BuildVerb object at 0x7c7aaa84d600>, main=<bound method BuildVerb.main of <colcon_core.verb.build.BuildVerb object at 0x7c7aaa84d600>>)
[0.879s] Level 1:colcon.colcon_core.package_discovery:discover_packages(colcon_meta) check parameters
[0.880s] Level 1:colcon.colcon_core.package_discovery:discover_packages(recursive) check parameters
[0.880s] Level 1:colcon.colcon_core.package_discovery:discover_packages(ignore) check parameters
[0.880s] Level 1:colcon.colcon_core.package_discovery:discover_packages(path) check parameters
[0.880s] Level 1:colcon.colcon_core.package_discovery:discover_packages(colcon_meta) discover
[0.880s] Level 1:colcon.colcon_core.package_discovery:discover_packages(recursive) discover
[0.880s] INFO:colcon.colcon_core.package_discovery:Crawling recursively for packages in '/home/danivm/ros2_ws'
[0.880s] Level 1:colcon.colcon_core.package_identification:_identify(.) by extensions ['ignore', 'ignore_ament_install']
[0.881s] Level 1:colcon.colcon_core.package_identification:_identify(.) by extension 'ignore'
[0.881s] Level 1:colcon.colcon_core.package_identification:_identify(.) by extension 'ignore_ament_install'
[0.881s] Level 1:colcon.colcon_core.package_identification:_identify(.) by extensions ['colcon_pkg']
[0.881s] Level 1:colcon.colcon_core.package_identification:_identify(.) by extension 'colcon_pkg'
[0.881s] Level 1:colcon.colcon_core.package_identification:_identify(.) by extensions ['colcon_meta']
[0.882s] Level 1:colcon.colcon_core.package_identification:_identify(.) by extension 'colcon_meta'
[0.882s] Level 1:colcon.colcon_core.package_identification:_identify(.) by extensions ['ros']
[0.882s] Level 1:colcon.colcon_core.package_identification:_identify(.) by extension 'ros'
[0.924s] Level 1:colcon.colcon_core.package_identification:_identify(.) by extensions ['cmake', 'python']
[0.925s] Level 1:colcon.colcon_core.package_identification:_identify(.) by extension 'cmake'
[0.925s] Level 1:colcon.colcon_core.package_identification:_identify(.) by extension 'python'
[0.925s] Level 1:colcon.colcon_core.package_identification:_identify(.) by extensions ['python_setup_py']
[0.925s] Level 1:colcon.colcon_core.package_identification:_identify(.) by extension 'python_setup_py'
[0.925s] Level 1:colcon.colcon_core.package_identification:_identify(build) by extensions ['ignore', 'ignore_ament_install']
[0.926s] Level 1:colcon.colcon_core.package_identification:_identify(build) by extension 'ignore'
[0.926s] Level 1:colcon.colcon_core.package_identification:_identify(build) ignored
[0.926s] Level 1:colcon.colcon_core.package_identification:_identify(install) by extensions ['ignore', 'ignore_ament_install']
[0.927s] Level 1:colcon.colcon_core.package_identification:_identify(install) by extension 'ignore'
[0.927s] Level 1:colcon.colcon_core.package_identification:_identify(install) ignored
[0.927s] Level 1:colcon.colcon_core.package_identification:_identify(log) by extensions ['ignore', 'ignore_ament_install']
[0.927s] Level 1:colcon.colcon_core.package_identification:_identify(log) by extension 'ignore'
[0.927s] Level 1:colcon.colcon_core.package_identification:_identify(log) ignored
[0.928s] Level 1:colcon.colcon_core.package_identification:_identify(src) by extensions ['ignore', 'ignore_ament_install']
[0.928s] Level 1:colcon.colcon_core.package_identification:_identify(src) by extension 'ignore'
[0.928s] Level 1:colcon.colcon_core.package_identification:_identify(src) by extension 'ignore_ament_install'
[0.928s] Level 1:colcon.colcon_core.package_identification:_identify(src) by extensions ['colcon_pkg']
[0.929s] Level 1:colcon.colcon_core.package_identification:_identify(src) by extension 'colcon_pkg'
[0.929s] Level 1:colcon.colcon_core.package_identification:_identify(src) by extensions ['colcon_meta']
[0.929s] Level 1:colcon.colcon_core.package_identification:_identify(src) by extension 'colcon_meta'
[0.929s] Level 1:colcon.colcon_core.package_identification:_identify(src) by extensions ['ros']
[0.929s] Level 1:colcon.colcon_core.package_identification:_identify(src) by extension 'ros'
[0.929s] Level 1:colcon.colcon_core.package_identification:_identify(src) by extensions ['cmake', 'python']
[0.929s] Level 1:colcon.colcon_core.package_identification:_identify(src) by extension 'cmake'
[0.929s] Level 1:colcon.colcon_core.package_identification:_identify(src) by extension 'python'
[0.930s] Level 1:colcon.colcon_core.package_identification:_identify(src) by extensions ['python_setup_py']
[0.930s] Level 1:colcon.colcon_core.package_identification:_identify(src) by extension 'python_setup_py'
[0.930s] Level 1:colcon.colcon_core.package_identification:_identify(src/my_robot_controller) by extensions ['ignore', 'ignore_ament_install']
[0.930s] Level 1:colcon.colcon_core.package_identification:_identify(src/my_robot_controller) by extension 'ignore'
[0.931s] Level 1:colcon.colcon_core.package_identification:_identify(src/my_robot_controller) by extension 'ignore_ament_install'
[0.931s] Level 1:colcon.colcon_core.package_identification:_identify(src/my_robot_controller) by extensions ['colcon_pkg']
[0.931s] Level 1:colcon.colcon_core.package_identification:_identify(src/my_robot_controller) by extension 'colcon_pkg'
[0.931s] Level 1:colcon.colcon_core.package_identification:_identify(src/my_robot_controller) by extensions ['colcon_meta']
[0.931s] Level 1:colcon.colcon_core.package_identification:_identify(src/my_robot_controller) by extension 'colcon_meta'
[0.931s] Level 1:colcon.colcon_core.package_identification:_identify(src/my_robot_controller) by extensions ['ros']
[0.931s] Level 1:colcon.colcon_core.package_identification:_identify(src/my_robot_controller) by extension 'ros'
[0.940s] DEBUG:colcon.colcon_core.package_identification:Package 'src/my_robot_controller' with type 'ros.ament_python' and name 'my_robot_controller'
[0.941s] Level 1:colcon.colcon_core.package_identification:_identify(src/my_robot_description) by extensions ['ignore', 'ignore_ament_install']
[0.941s] Level 1:colcon.colcon_core.package_identification:_identify(src/my_robot_description) by extension 'ignore'
[0.941s] Level 1:colcon.colcon_core.package_identification:_identify(src/my_robot_description) by extension 'ignore_ament_install'
[0.941s] Level 1:colcon.colcon_core.package_identification:_identify(src/my_robot_description) by extensions ['colcon_pkg']
[0.942s] Level 1:colcon.colcon_core.package_identification:_identify(src/my_robot_description) by extension 'colcon_pkg'
[0.942s] Level 1:colcon.colcon_core.package_identification:_identify(src/my_robot_description) by extensions ['colcon_meta']
[0.942s] Level 1:colcon.colcon_core.package_identification:_identify(src/my_robot_description) by extension 'colcon_meta'
[0.942s] Level 1:colcon.colcon_core.package_identification:_identify(src/my_robot_description) by extensions ['ros']
[0.942s] Level 1:colcon.colcon_core.package_identification:_identify(src/my_robot_description) by extension 'ros'
[0.944s] DEBUG:colcon.colcon_core.package_identification:Package 'src/my_robot_description' with type 'ros.ament_cmake' and name 'my_robot_description'
[0.944s] Level 1:colcon.colcon_core.package_discovery:discover_packages(recursive) using defaults
[0.944s] Level 1:colcon.colcon_core.package_discovery:discover_packages(ignore) discover
[0.945s] Level 1:colcon.colcon_core.package_discovery:discover_packages(ignore) using defaults
[0.945s] Level 1:colcon.colcon_core.package_discovery:discover_packages(path) discover
[0.945s] Level 1:colcon.colcon_core.package_discovery:discover_packages(path) using defaults
[1.015s] Level 1:colcon.colcon_core.package_discovery:discover_packages(prefix_path) check parameters
[1.015s] Level 1:colcon.colcon_core.package_discovery:discover_packages(prefix_path) discover
[1.021s] DEBUG:colcon.colcon_installed_package_information.package_discovery:Found 2 installed packages in /home/danivm/ros2_ws/install
[1.025s] DEBUG:colcon.colcon_installed_package_information.package_discovery:Found 275 installed packages in /opt/ros/humble
[1.033s] Level 1:colcon.colcon_core.package_discovery:discover_packages(prefix_path) using defaults
[1.171s] Level 5:colcon.colcon_core.verb:set package 'my_robot_controller' build argument 'cmake_args' from command line to 'None'
[1.171s] Level 5:colcon.colcon_core.verb:set package 'my_robot_controller' build argument 'cmake_target' from command line to 'None'
[1.172s] Level 5:colcon.colcon_core.verb:set package 'my_robot_controller' build argument 'cmake_target_skip_unavailable' from command line to 'False'
[1.172s] Level 5:colcon.colcon_core.verb:set package 'my_robot_controller' build argument 'cmake_clean_cache' from command line to 'False'
[1.172s] Level 5:colcon.colcon_core.verb:set package 'my_robot_controller' build argument 'cmake_clean_first' from command line to 'False'
[1.172s] Level 5:colcon.colcon_core.verb:set package 'my_robot_controller' build argument 'cmake_force_configure' from command line to 'False'
[1.172s] Level 5:colcon.colcon_core.verb:set package 'my_robot_controller' build argument 'ament_cmake_args' from command line to 'None'
[1.172s] Level 5:colcon.colcon_core.verb:set package 'my_robot_controller' build argument 'catkin_cmake_args' from command line to 'None'
[1.172s] Level 5:colcon.colcon_core.verb:set package 'my_robot_controller' build argument 'catkin_skip_building_tests' from command line to 'False'
[1.172s] DEBUG:colcon.colcon_core.verb:Building package 'my_robot_controller' with the following arguments: {'ament_cmake_args': None, 'build_base': '/home/danivm/ros2_ws/build/my_robot_controller', 'catkin_cmake_args': None, 'catkin_skip_building_tests': False, 'cmake_args': None, 'cmake_clean_cache': False, 'cmake_clean_first': False, 'cmake_force_configure': False, 'cmake_target': None, 'cmake_target_skip_unavailable': False, 'install_base': '/home/danivm/ros2_ws/install/my_robot_controller', 'merge_install': False, 'path': '/home/danivm/ros2_ws/src/my_robot_controller', 'symlink_install': False, 'test_result_base': None}
[1.173s] Level 5:colcon.colcon_core.verb:set package 'my_robot_description' build argument 'cmake_args' from command line to 'None'
[1.174s] Level 5:colcon.colcon_core.verb:set package 'my_robot_description' build argument 'cmake_target' from command line to 'None'
[1.174s] Level 5:colcon.colcon_core.verb:set package 'my_robot_description' build argument 'cmake_target_skip_unavailable' from command line to 'False'
[1.174s] Level 5:colcon.colcon_core.verb:set package 'my_robot_description' build argument 'cmake_clean_cache' from command line to 'False'
[1.174s] Level 5:colcon.colcon_core.verb:set package 'my_robot_description' build argument 'cmake_clean_first' from command line to 'False'
[1.174s] Level 5:colcon.colcon_core.verb:set package 'my_robot_description' build argument 'cmake_force_configure' from command line to 'False'
[1.174s] Level 5:colcon.colcon_core.verb:set package 'my_robot_description' build argument 'ament_cmake_args' from command line to 'None'
[1.174s] Level 5:colcon.colcon_core.verb:set package 'my_robot_description' build argument 'catkin_cmake_args' from command line to 'None'
[1.174s] Level 5:colcon.colcon_core.verb:set package 'my_robot_description' build argument 'catkin_skip_building_tests' from command line to 'False'
[1.174s] DEBUG:colcon.colcon_core.verb:Building package 'my_robot_description' with the following arguments: {'ament_cmake_args': None, 'build_base': '/home/danivm/ros2_ws/build/my_robot_description', 'catkin_cmake_args': None, 'catkin_skip_building_tests': False, 'cmake_args': None, 'cmake_clean_cache': False, 'cmake_clean_first': False, 'cmake_force_configure': False, 'cmake_target': None, 'cmake_target_skip_unavailable': False, 'install_base': '/home/danivm/ros2_ws/install/my_robot_description', 'merge_install': False, 'path': '/home/danivm/ros2_ws/src/my_robot_description', 'symlink_install': False, 'test_result_base': None}
[1.175s] INFO:colcon.colcon_core.executor:Executing jobs using 'parallel' executor
[1.178s] DEBUG:colcon.colcon_parallel_executor.executor.parallel:run_until_complete
[1.179s] INFO:colcon.colcon_ros.task.ament_python.build:Building ROS package in '/home/danivm/ros2_ws/src/my_robot_controller' with build type 'ament_python'
[1.179s] Level 1:colcon.colcon_core.shell:create_environment_hook('my_robot_controller', 'ament_prefix_path')
[1.187s] INFO:colcon.colcon_core.plugin_system:Skipping extension 'colcon_core.shell.bat': Not used on non-Windows systems
[1.187s] INFO:colcon.colcon_core.shell:Creating environment hook '/home/danivm/ros2_ws/install/my_robot_controller/share/my_robot_controller/hook/ament_prefix_path.ps1'
[1.190s] INFO:colcon.colcon_core.shell:Creating environment descriptor '/home/danivm/ros2_ws/install/my_robot_controller/share/my_robot_controller/hook/ament_prefix_path.dsv'
[1.193s] INFO:colcon.colcon_core.shell:Creating environment hook '/home/danivm/ros2_ws/install/my_robot_controller/share/my_robot_controller/hook/ament_prefix_path.sh'
[1.196s] INFO:colcon.colcon_core.shell:Skip shell extension 'powershell' for command environment: Not usable outside of PowerShell
[1.197s] DEBUG:colcon.colcon_core.shell:Skip shell extension 'dsv' for command environment
[1.218s] INFO:colcon.colcon_ros.task.ament_cmake.build:Building ROS package in '/home/danivm/ros2_ws/src/my_robot_description' with build type 'ament_cmake'
[1.218s] INFO:colcon.colcon_cmake.task.cmake.build:Building CMake package in '/home/danivm/ros2_ws/src/my_robot_description'
[1.221s] INFO:colcon.colcon_core.shell:Skip shell extension 'powershell' for command environment: Not usable outside of PowerShell
[1.221s] DEBUG:colcon.colcon_core.shell:Skip shell extension 'dsv' for command environment
[2.092s] INFO:colcon.colcon_core.task.python.build:Building Python package in '/home/danivm/ros2_ws/src/my_robot_controller'
[2.093s] INFO:colcon.colcon_core.shell:Skip shell extension 'powershell' for command environment: Not usable outside of PowerShell
[2.093s] DEBUG:colcon.colcon_core.shell:Skip shell extension 'dsv' for command environment
[2.123s] DEBUG:colcon.colcon_core.event_handler.log_command:Invoking command in '/home/danivm/ros2_ws/build/my_robot_description': CMAKE_PREFIX_PATH=${CMAKE_PREFIX_PATH}:/home/danivm/ros2_ws/install/my_robot_controller:/opt/ros/humble /usr/bin/cmake --build /home/danivm/ros2_ws/build/my_robot_description -- -j2 -l2
[2.324s] DEBUG:colcon.colcon_core.event_handler.log_command:Invoked command in '/home/danivm/ros2_ws/build/my_robot_description' returned '0': CMAKE_PREFIX_PATH=${CMAKE_PREFIX_PATH}:/home/danivm/ros2_ws/install/my_robot_controller:/opt/ros/humble /usr/bin/cmake --build /home/danivm/ros2_ws/build/my_robot_description -- -j2 -l2
[2.360s] DEBUG:colcon.colcon_core.event_handler.log_command:Invoking command in '/home/danivm/ros2_ws/build/my_robot_description': CMAKE_PREFIX_PATH=${CMAKE_PREFIX_PATH}:/home/danivm/ros2_ws/install/my_robot_controller:/opt/ros/humble /usr/bin/cmake --install /home/danivm/ros2_ws/build/my_robot_description
[2.421s] Level 1:colcon.colcon_core.environment:create_environment_scripts_only(my_robot_description)
[2.425s] DEBUG:colcon.colcon_core.event_handler.log_command:Invoked command in '/home/danivm/ros2_ws/build/my_robot_description' returned '0': CMAKE_PREFIX_PATH=${CMAKE_PREFIX_PATH}:/home/danivm/ros2_ws/install/my_robot_controller:/opt/ros/humble /usr/bin/cmake --install /home/danivm/ros2_ws/build/my_robot_description
[2.427s] Level 1:colcon.colcon_core.environment:checking '/home/danivm/ros2_ws/install/my_robot_description' for CMake module files
[2.427s] Level 1:colcon.colcon_core.environment:checking '/home/danivm/ros2_ws/install/my_robot_description' for CMake config files
[2.428s] Level 1:colcon.colcon_core.shell:create_environment_hook('my_robot_description', 'cmake_prefix_path')
[2.429s] INFO:colcon.colcon_core.shell:Creating environment hook '/home/danivm/ros2_ws/install/my_robot_description/share/my_robot_description/hook/cmake_prefix_path.ps1'
[2.430s] INFO:colcon.colcon_core.shell:Creating environment descriptor '/home/danivm/ros2_ws/install/my_robot_description/share/my_robot_description/hook/cmake_prefix_path.dsv'
[2.431s] INFO:colcon.colcon_core.shell:Creating environment hook '/home/danivm/ros2_ws/install/my_robot_description/share/my_robot_description/hook/cmake_prefix_path.sh'
[2.434s] Level 1:colcon.colcon_core.environment:checking '/home/danivm/ros2_ws/install/my_robot_description/bin'
[2.434s] Level 1:colcon.colcon_core.environment:checking '/home/danivm/ros2_ws/install/my_robot_description/lib/pkgconfig/my_robot_description.pc'
[2.434s] Level 1:colcon.colcon_core.environment:checking '/home/danivm/ros2_ws/install/my_robot_description/lib/python3.10/site-packages'
[2.435s] Level 1:colcon.colcon_core.environment:checking '/home/danivm/ros2_ws/install/my_robot_description/bin'
[2.435s] INFO:colcon.colcon_core.shell:Creating package script '/home/danivm/ros2_ws/install/my_robot_description/share/my_robot_description/package.ps1'
[2.437s] INFO:colcon.colcon_core.shell:Creating package descriptor '/home/danivm/ros2_ws/install/my_robot_description/share/my_robot_description/package.dsv'
[2.440s] INFO:colcon.colcon_core.shell:Creating package script '/home/danivm/ros2_ws/install/my_robot_description/share/my_robot_description/package.sh'
[2.441s] INFO:colcon.colcon_core.shell:Creating package script '/home/danivm/ros2_ws/install/my_robot_description/share/my_robot_description/package.bash'
[2.449s] INFO:colcon.colcon_core.shell:Creating package script '/home/danivm/ros2_ws/install/my_robot_description/share/my_robot_description/package.zsh'
[2.450s] Level 1:colcon.colcon_core.environment:create_file_with_runtime_dependencies(/home/danivm/ros2_ws/install/my_robot_description/share/colcon-core/packages/my_robot_description)
[2.452s] Level 1:colcon.colcon_core.environment:create_environment_scripts_only(my_robot_description)
[2.453s] Level 1:colcon.colcon_core.environment:checking '/home/danivm/ros2_ws/install/my_robot_description' for CMake module files
[2.453s] Level 1:colcon.colcon_core.environment:checking '/home/danivm/ros2_ws/install/my_robot_description' for CMake config files
[2.454s] Level 1:colcon.colcon_core.shell:create_environment_hook('my_robot_description', 'cmake_prefix_path')
[2.454s] INFO:colcon.colcon_core.shell:Creating environment hook '/home/danivm/ros2_ws/install/my_robot_description/share/my_robot_description/hook/cmake_prefix_path.ps1'
[2.455s] INFO:colcon.colcon_core.shell:Creating environment descriptor '/home/danivm/ros2_ws/install/my_robot_description/share/my_robot_description/hook/cmake_prefix_path.dsv'
[2.456s] INFO:colcon.colcon_core.shell:Creating environment hook '/home/danivm/ros2_ws/install/my_robot_description/share/my_robot_description/hook/cmake_prefix_path.sh'
[2.459s] Level 1:colcon.colcon_core.environment:checking '/home/danivm/ros2_ws/install/my_robot_description/bin'
[2.459s] Level 1:colcon.colcon_core.environment:checking '/home/danivm/ros2_ws/install/my_robot_description/lib/pkgconfig/my_robot_description.pc'
[2.460s] Level 1:colcon.colcon_core.environment:checking '/home/danivm/ros2_ws/install/my_robot_description/lib/python3.10/site-packages'
[2.460s] Level 1:colcon.colcon_core.environment:checking '/home/danivm/ros2_ws/install/my_robot_description/bin'
[2.460s] INFO:colcon.colcon_core.shell:Creating package script '/home/danivm/ros2_ws/install/my_robot_description/share/my_robot_description/package.ps1'
[2.461s] INFO:colcon.colcon_core.shell:Creating package descriptor '/home/danivm/ros2_ws/install/my_robot_description/share/my_robot_description/package.dsv'
[2.463s] INFO:colcon.colcon_core.shell:Creating package script '/home/danivm/ros2_ws/install/my_robot_description/share/my_robot_description/package.sh'
[2.465s] INFO:colcon.colcon_core.shell:Creating package script '/home/danivm/ros2_ws/install/my_robot_description/share/my_robot_description/package.bash'
[2.466s] INFO:colcon.colcon_core.shell:Creating package script '/home/danivm/ros2_ws/install/my_robot_description/share/my_robot_description/package.zsh'
[2.467s] Level 1:colcon.colcon_core.environment:create_file_with_runtime_dependencies(/home/danivm/ros2_ws/install/my_robot_description/share/colcon-core/packages/my_robot_description)
[3.169s] DEBUG:colcon.colcon_core.event_handler.log_command:Invoking command in '/home/danivm/ros2_ws/src/my_robot_controller': PYTHONPATH=/home/danivm/ros2_ws/build/my_robot_controller/prefix_override:/usr/lib/python3/dist-packages/colcon_core/task/python/colcon_distutils_commands:/home/danivm/ros2_ws/install/my_robot_controller/lib/python3.10/site-packages:${PYTHONPATH} /usr/bin/python3 -W ignore:setup.py install is deprecated -W ignore:easy_install command is deprecated setup.py egg_info --egg-base ../../build/my_robot_controller build --build-base /home/danivm/ros2_ws/build/my_robot_controller/build install --record /home/danivm/ros2_ws/build/my_robot_controller/install.log --single-version-externally-managed install_data
[3.918s] Level 1:colcon.colcon_core.environment:checking '/home/danivm/ros2_ws/install/my_robot_controller' for CMake module files
[3.920s] DEBUG:colcon.colcon_core.event_handler.log_command:Invoked command in '/home/danivm/ros2_ws/src/my_robot_controller' returned '0': PYTHONPATH=/home/danivm/ros2_ws/build/my_robot_controller/prefix_override:/usr/lib/python3/dist-packages/colcon_core/task/python/colcon_distutils_commands:/home/danivm/ros2_ws/install/my_robot_controller/lib/python3.10/site-packages:${PYTHONPATH} /usr/bin/python3 -W ignore:setup.py install is deprecated -W ignore:easy_install command is deprecated setup.py egg_info --egg-base ../../build/my_robot_controller build --build-base /home/danivm/ros2_ws/build/my_robot_controller/build install --record /home/danivm/ros2_ws/build/my_robot_controller/install.log --single-version-externally-managed install_data
[3.922s] Level 1:colcon.colcon_core.environment:checking '/home/danivm/ros2_ws/install/my_robot_controller' for CMake config files
[3.924s] Level 1:colcon.colcon_core.environment:checking '/home/danivm/ros2_ws/install/my_robot_controller/lib'
[3.925s] Level 1:colcon.colcon_core.environment:checking '/home/danivm/ros2_ws/install/my_robot_controller/bin'
[3.925s] Level 1:colcon.colcon_core.environment:checking '/home/danivm/ros2_ws/install/my_robot_controller/lib/pkgconfig/my_robot_controller.pc'
[3.925s] Level 1:colcon.colcon_core.environment:checking '/home/danivm/ros2_ws/install/my_robot_controller/lib/python3.10/site-packages'
[3.925s] Level 1:colcon.colcon_core.shell:create_environment_hook('my_robot_controller', 'pythonpath')
[3.926s] INFO:colcon.colcon_core.shell:Creating environment hook '/home/danivm/ros2_ws/install/my_robot_controller/share/my_robot_controller/hook/pythonpath.ps1'
[3.929s] INFO:colcon.colcon_core.shell:Creating environment descriptor '/home/danivm/ros2_ws/install/my_robot_controller/share/my_robot_controller/hook/pythonpath.dsv'
[3.931s] INFO:colcon.colcon_core.shell:Creating environment hook '/home/danivm/ros2_ws/install/my_robot_controller/share/my_robot_controller/hook/pythonpath.sh'
[3.933s] Level 1:colcon.colcon_core.environment:checking '/home/danivm/ros2_ws/install/my_robot_controller/bin'
[3.934s] Level 1:colcon.colcon_core.environment:create_environment_scripts_only(my_robot_controller)
[3.935s] INFO:colcon.colcon_core.shell:Creating package script '/home/danivm/ros2_ws/install/my_robot_controller/share/my_robot_controller/package.ps1'
[3.937s] INFO:colcon.colcon_core.shell:Creating package descriptor '/home/danivm/ros2_ws/install/my_robot_controller/share/my_robot_controller/package.dsv'
[3.940s] INFO:colcon.colcon_core.shell:Creating package script '/home/danivm/ros2_ws/install/my_robot_controller/share/my_robot_controller/package.sh'
[3.943s] INFO:colcon.colcon_core.shell:Creating package script '/home/danivm/ros2_ws/install/my_robot_controller/share/my_robot_controller/package.bash'
[3.945s] INFO:colcon.colcon_core.shell:Creating package script '/home/danivm/ros2_ws/install/my_robot_controller/share/my_robot_controller/package.zsh'
[3.946s] Level 1:colcon.colcon_core.environment:create_file_with_runtime_dependencies(/home/danivm/ros2_ws/install/my_robot_controller/share/colcon-core/packages/my_robot_controller)
[3.949s] DEBUG:colcon.colcon_parallel_executor.executor.parallel:closing loop
[3.949s] DEBUG:colcon.colcon_parallel_executor.executor.parallel:loop closed
[3.949s] DEBUG:colcon.colcon_parallel_executor.executor.parallel:run_until_complete finished with '0'
[3.950s] DEBUG:colcon.colcon_core.event_reactor:joining thread
[3.973s] INFO:colcon.colcon_core.plugin_system:Skipping extension 'colcon_notification.desktop_notification.terminal_notifier': Not used on non-Darwin systems
[3.974s] INFO:colcon.colcon_core.plugin_system:Skipping extension 'colcon_notification.desktop_notification.win32': Not used on non-Windows systems
[3.974s] INFO:colcon.colcon_notification.desktop_notification:Sending desktop notification using 'notify2'
[4.025s] DEBUG:colcon.colcon_core.event_reactor:joined thread
[4.026s] INFO:colcon.colcon_core.shell:Creating prefix script '/home/danivm/ros2_ws/install/local_setup.ps1'
[4.031s] INFO:colcon.colcon_core.shell:Creating prefix util module '/home/danivm/ros2_ws/install/_local_setup_util_ps1.py'
[4.038s] INFO:colcon.colcon_core.shell:Creating prefix chain script '/home/danivm/ros2_ws/install/setup.ps1'
[4.043s] INFO:colcon.colcon_core.shell:Creating prefix script '/home/danivm/ros2_ws/install/local_setup.sh'
[4.046s] INFO:colcon.colcon_core.shell:Creating prefix util module '/home/danivm/ros2_ws/install/_local_setup_util_sh.py'
[4.050s] INFO:colcon.colcon_core.shell:Creating prefix chain script '/home/danivm/ros2_ws/install/setup.sh'
[4.055s] INFO:colcon.colcon_core.shell:Creating prefix script '/home/danivm/ros2_ws/install/local_setup.bash'
[4.058s] INFO:colcon.colcon_core.shell:Creating prefix chain script '/home/danivm/ros2_ws/install/setup.bash'
[4.063s] INFO:colcon.colcon_core.shell:Creating prefix script '/home/danivm/ros2_ws/install/local_setup.zsh'
[4.066s] INFO:colcon.colcon_core.shell:Creating prefix chain script '/home/danivm/ros2_ws/install/setup.zsh'
